#
# There is insufficient memory for the Java Runtime Environment to continue.
# Native memory allocation (malloc) failed to allocate 523536 bytes. Error detail: Chunk::new
# Possible reasons:
#   The system is out of physical RAM or swap space
#   This process is running with CompressedOops enabled, and the Java Heap may be blocking the growth of the native heap
# Possible solutions:
#   Reduce memory load on the system
#   Increase physical memory or swap space
#   Check if swap backing store is full
#   Decrease Java heap size (-Xmx/-Xms)
#   Decrease number of Java threads
#   Decrease Java thread stack sizes (-Xss)
#   Set larger code cache with -XX:ReservedCodeCacheSize=
#   JVM is running with Unscaled Compressed Oops mode in which the Java heap is
#     placed in the first 4GB address space. The Java Heap base address is the
#     maximum limit for the native heap growth. Please use -XX:HeapBaseMinAddress
#     to set the Java Heap base and to place the Java Heap above 4GB virtual address.
# This output file may be truncated or incomplete.
#
#  Out of Memory Error (arena.cpp:191), pid=9408, tid=7412
#
# JRE version: OpenJDK Runtime Environment Corretto-17.0.14.7.1 (17.0.14+7) (build 17.0.14+7-LTS)
# Java VM: OpenJDK 64-Bit Server VM Corretto-17.0.14.7.1 (17.0.14+7-LTS, mixed mode, sharing, tiered, compressed oops, compressed class ptrs, g1 gc, windows-amd64)
# No core dump will be written. Minidumps are not enabled by default on client versions of Windows
#

---------------  S U M M A R Y ------------

Command Line: --add-opens=java.base/java.lang=ALL-UNNAMED --add-opens=java.base/java.lang.invoke=ALL-UNNAMED --add-opens=java.base/java.util=ALL-UNNAMED --add-opens=java.prefs/java.util.prefs=ALL-UNNAMED --add-exports=jdk.compiler/com.sun.tools.javac.api=ALL-UNNAMED --add-exports=jdk.compiler/com.sun.tools.javac.util=ALL-UNNAMED --add-opens=java.base/java.util=ALL-UNNAMED --add-opens=java.prefs/java.util.prefs=ALL-UNNAMED --add-opens=java.base/java.nio.charset=ALL-UNNAMED --add-opens=java.base/java.net=ALL-UNNAMED --add-opens=java.base/java.util.concurrent.atomic=ALL-UNNAMED --add-opens=java.xml/javax.xml.namespace=ALL-UNNAMED -XX:MaxMetaspaceSize=384m -XX:+HeapDumpOnOutOfMemoryError -Xms256m -Xmx512m -Dfile.encoding=UTF-8 -Duser.country=US -Duser.language=en -Duser.variant -javaagent:C:\Users\Administrator\.gradle\wrapper\dists\gradle-8.12.1-bin\eumc4uhoysa37zql93vfjkxy0\gradle-8.12.1\lib\agents\gradle-instrumentation-agent-8.12.1.jar org.gradle.launcher.daemon.bootstrap.GradleDaemon 8.12.1

Host: 11th Gen Intel(R) Core(TM) i5-1135G7 @ 2.40GHz, 8 cores, 15G,  Windows 10 , 64 bit Build 19041 (10.0.19041.5678)
Time: Mon Jun 16 19:37:07 2025 SE Asia Standard Time elapsed time: 18.148678 seconds (0d 0h 0m 18s)

---------------  T H R E A D  ---------------

Current thread (0x0000027d6247ec00):  JavaThread "C2 CompilerThread0" daemon [_thread_in_native, id=7412, stack(0x000000b5f1000000,0x000000b5f1100000)]


Current CompileTask:
C2:  18148 4432       4       groovy.lang.MetaClassImpl$1MOPIter::methodNameAction (325 bytes)

Stack: [0x000000b5f1000000,0x000000b5f1100000]
Native frames: (J=compiled Java code, j=interpreted, Vv=VM code, C=native code)
V  [jvm.dll+0x681069]
V  [jvm.dll+0x838cca]
V  [jvm.dll+0x83a78e]
V  [jvm.dll+0x83adf3]
V  [jvm.dll+0x24826f]
V  [jvm.dll+0xac9f4]
V  [jvm.dll+0xad03c]
V  [jvm.dll+0x11f9a7]
V  [jvm.dll+0x612865]
V  [jvm.dll+0x610f0a]
V  [jvm.dll+0x21a628]
V  [jvm.dll+0x219bf1]
V  [jvm.dll+0x1a599d]
V  [jvm.dll+0x22994d]
V  [jvm.dll+0x227adc]
V  [jvm.dll+0x7edb77]
V  [jvm.dll+0x7e7f6c]
V  [jvm.dll+0x67ff37]
C  [ucrtbase.dll+0x21bb2]
C  [KERNEL32.DLL+0x17374]
C  [ntdll.dll+0x4cc91]


---------------  P R O C E S S  ---------------

Threads class SMR info:
_java_thread_list=0x0000027d7eadb0e0, length=37, elements={
0x0000027d4598f4f0, 0x0000027d62465040, 0x0000027d62465b10, 0x0000027d62478570,
0x0000027d6247ce60, 0x0000027d6247d730, 0x0000027d6247e000, 0x0000027d6247ec00,
0x0000027d625f0890, 0x0000027d624c8ca0, 0x0000027d6267f3c0, 0x0000027d627fc630,
0x0000027d7dd45790, 0x0000027d7d96b720, 0x0000027d7dbdf4a0, 0x0000027d7cad3f00,
0x0000027d7d8cd020, 0x0000027d6296f7d0, 0x0000027d6296d970, 0x0000027d6296fce0,
0x0000027d629701f0, 0x0000027d6296ca40, 0x0000027d6296cf50, 0x0000027d6296d460,
0x0000027d6296de80, 0x0000027d6296e390, 0x0000027d6296edb0, 0x0000027d6296f2c0,
0x0000027d6294fec0, 0x0000027d62948f60, 0x0000027d6294f9b0, 0x0000027d6294ea80,
0x0000027d6294e570, 0x0000027d6294c710, 0x0000027d62949980, 0x0000027d6294b7e0,
0x0000027d6294d130
}

Java Threads: ( => current thread )
  0x0000027d4598f4f0 JavaThread "main" [_thread_blocked, id=19888, stack(0x000000b5f0300000,0x000000b5f0400000)]
  0x0000027d62465040 JavaThread "Reference Handler" daemon [_thread_blocked, id=3344, stack(0x000000b5f0a00000,0x000000b5f0b00000)]
  0x0000027d62465b10 JavaThread "Finalizer" daemon [_thread_blocked, id=7584, stack(0x000000b5f0b00000,0x000000b5f0c00000)]
  0x0000027d62478570 JavaThread "Signal Dispatcher" daemon [_thread_blocked, id=5216, stack(0x000000b5f0c00000,0x000000b5f0d00000)]
  0x0000027d6247ce60 JavaThread "Attach Listener" daemon [_thread_blocked, id=2424, stack(0x000000b5f0d00000,0x000000b5f0e00000)]
  0x0000027d6247d730 JavaThread "Service Thread" daemon [_thread_blocked, id=11212, stack(0x000000b5f0e00000,0x000000b5f0f00000)]
  0x0000027d6247e000 JavaThread "Monitor Deflation Thread" daemon [_thread_blocked, id=19532, stack(0x000000b5f0f00000,0x000000b5f1000000)]
=>0x0000027d6247ec00 JavaThread "C2 CompilerThread0" daemon [_thread_in_native, id=7412, stack(0x000000b5f1000000,0x000000b5f1100000)]
  0x0000027d625f0890 JavaThread "C1 CompilerThread0" daemon [_thread_blocked, id=17908, stack(0x000000b5f1100000,0x000000b5f1200000)]
  0x0000027d624c8ca0 JavaThread "Sweeper thread" daemon [_thread_blocked, id=11408, stack(0x000000b5f1200000,0x000000b5f1300000)]
  0x0000027d6267f3c0 JavaThread "Common-Cleaner" daemon [_thread_blocked, id=12044, stack(0x000000b5f1300000,0x000000b5f1400000)]
  0x0000027d627fc630 JavaThread "Notification Thread" daemon [_thread_blocked, id=14944, stack(0x000000b5f1400000,0x000000b5f1500000)]
  0x0000027d7dd45790 JavaThread "Daemon health stats" [_thread_blocked, id=7572, stack(0x000000b5f1600000,0x000000b5f1700000)]
  0x0000027d7d96b720 JavaThread "Incoming local TCP Connector on port 60813" [_thread_in_native, id=15632, stack(0x000000b5f1d00000,0x000000b5f1e00000)]
  0x0000027d7dbdf4a0 JavaThread "Daemon periodic checks" [_thread_blocked, id=20416, stack(0x000000b5f1e00000,0x000000b5f1f00000)]
  0x0000027d7cad3f00 JavaThread "Daemon" [_thread_blocked, id=13244, stack(0x000000b5f1f00000,0x000000b5f2000000)]
  0x0000027d7d8cd020 JavaThread "Handler for socket connection from /127.0.0.1:60813 to /127.0.0.1:60814" [_thread_in_native, id=1492, stack(0x000000b5f2000000,0x000000b5f2100000)]
  0x0000027d6296f7d0 JavaThread "Cancel handler" [_thread_blocked, id=12548, stack(0x000000b5f2100000,0x000000b5f2200000)]
  0x0000027d6296d970 JavaThread "Daemon worker" [_thread_in_vm, id=8116, stack(0x000000b5f2200000,0x000000b5f2300000)]
  0x0000027d6296fce0 JavaThread "Asynchronous log dispatcher for DefaultDaemonConnection: socket connection from /127.0.0.1:60813 to /127.0.0.1:60814" [_thread_blocked, id=3280, stack(0x000000b5f1c00000,0x000000b5f1d00000)]
  0x0000027d629701f0 JavaThread "Stdin handler" [_thread_blocked, id=2020, stack(0x000000b5f2300000,0x000000b5f2400000)]
  0x0000027d6296ca40 JavaThread "Daemon client event forwarder" [_thread_blocked, id=12172, stack(0x000000b5f2400000,0x000000b5f2500000)]
  0x0000027d6296cf50 JavaThread "Cache worker for journal cache (C:\Users\Administrator\.gradle\caches\journal-1)" [_thread_blocked, id=19852, stack(0x000000b5f2500000,0x000000b5f2600000)]
  0x0000027d6296d460 JavaThread "File lock request listener" [_thread_in_native, id=13408, stack(0x000000b5f2600000,0x000000b5f2700000)]
  0x0000027d6296de80 JavaThread "Cache worker for file hash cache (C:\Users\Administrator\.gradle\caches\8.12.1\fileHashes)" [_thread_blocked, id=10564, stack(0x000000b5f2700000,0x000000b5f2800000)]
  0x0000027d6296e390 JavaThread "File lock release action executor" [_thread_blocked, id=15436, stack(0x000000b5f2800000,0x000000b5f2900000)]
  0x0000027d6296edb0 JavaThread "Cache worker for file hash cache (E:\New\School\Web subject\CDW\CDW-backend\.gradle\8.12.1\fileHashes)" [_thread_blocked, id=6152, stack(0x000000b5f2a00000,0x000000b5f2b00000)]
  0x0000027d6296f2c0 JavaThread "Cache worker for Build Output Cleanup Cache (E:\New\School\Web subject\CDW\CDW-backend\.gradle\buildOutputCleanup)" [_thread_blocked, id=4276, stack(0x000000b5f2b00000,0x000000b5f2c00000)]
  0x0000027d6294fec0 JavaThread "File watcher server" daemon [_thread_in_native, id=10340, stack(0x000000b5f2f00000,0x000000b5f3000000)]
  0x0000027d62948f60 JavaThread "File watcher consumer" daemon [_thread_blocked, id=12680, stack(0x000000b5f3000000,0x000000b5f3100000)]
  0x0000027d6294f9b0 JavaThread "jar transforms" [_thread_blocked, id=13316, stack(0x000000b5f3100000,0x000000b5f3200000)]
  0x0000027d6294ea80 JavaThread "jar transforms Thread 2" [_thread_blocked, id=19120, stack(0x000000b5f3200000,0x000000b5f3300000)]
  0x0000027d6294e570 JavaThread "Cache worker for checksums cache (E:\New\School\Web subject\CDW\CDW-backend\.gradle\8.12.1\checksums)" [_thread_blocked, id=11232, stack(0x000000b5f2900000,0x000000b5f2a00000)]
  0x0000027d6294c710 JavaThread "Cache worker for file content cache (C:\Users\Administrator\.gradle\caches\8.12.1\fileContent)" [_thread_blocked, id=20288, stack(0x000000b5f3300000,0x000000b5f3400000)]
  0x0000027d62949980 JavaThread "jar transforms Thread 3" [_thread_blocked, id=12928, stack(0x000000b5f3400000,0x000000b5f3500000)]
  0x0000027d6294b7e0 JavaThread "Cache worker for cache directory md-rule (C:\Users\Administrator\.gradle\caches\8.12.1\md-rule)" [_thread_blocked, id=7628, stack(0x000000b5f3500000,0x000000b5f3600000)]
  0x0000027d6294d130 JavaThread "Cache worker for cache directory md-supplier (C:\Users\Administrator\.gradle\caches\8.12.1\md-supplier)" [_thread_blocked, id=20184, stack(0x000000b5f3600000,0x000000b5f3700000)]

Other Threads:
  0x0000027d6245fb90 VMThread "VM Thread" [stack: 0x000000b5f0900000,0x000000b5f0a00000] [id=17744]
  0x0000027d62741dd0 WatcherThread [stack: 0x000000b5f1500000,0x000000b5f1600000] [id=9744]
  0x0000027d459bde20 GCTaskThread "GC Thread#0" [stack: 0x000000b5f0400000,0x000000b5f0500000] [id=19100]
  0x0000027d7c216630 GCTaskThread "GC Thread#1" [stack: 0x000000b5f1700000,0x000000b5f1800000] [id=2296]
  0x0000027d7c071f10 GCTaskThread "GC Thread#2" [stack: 0x000000b5f1800000,0x000000b5f1900000] [id=16460]
  0x0000027d7c0721d0 GCTaskThread "GC Thread#3" [stack: 0x000000b5f1900000,0x000000b5f1a00000] [id=2740]
  0x0000027d7c2c5c50 GCTaskThread "GC Thread#4" [stack: 0x000000b5f1a00000,0x000000b5f1b00000] [id=18536]
  0x0000027d7c2c5f10 GCTaskThread "GC Thread#5" [stack: 0x000000b5f1b00000,0x000000b5f1c00000] [id=1976]
  0x0000027d7eb51dc0 GCTaskThread "GC Thread#6" [stack: 0x000000b5f2c00000,0x000000b5f2d00000] [id=20452]
  0x0000027d7eb52e40 GCTaskThread "GC Thread#7" [stack: 0x000000b5f2d00000,0x000000b5f2e00000] [id=20064]
  0x0000027d459c3c90 ConcurrentGCThread "G1 Main Marker" [stack: 0x000000b5f0500000,0x000000b5f0600000] [id=12808]
  0x0000027d459c45c0 ConcurrentGCThread "G1 Conc#0" [stack: 0x000000b5f0600000,0x000000b5f0700000] [id=14588]
  0x0000027d7eb52340 ConcurrentGCThread "G1 Conc#1" [stack: 0x000000b5f2e00000,0x000000b5f2f00000] [id=19648]
  0x0000027d45a4d870 ConcurrentGCThread "G1 Refine#0" [stack: 0x000000b5f0700000,0x000000b5f0800000] [id=8880]
  0x0000027d45a4e1b0 ConcurrentGCThread "G1 Service" [stack: 0x000000b5f0800000,0x000000b5f0900000] [id=10912]

Threads with active compile tasks:
C2 CompilerThread0    18174 4432       4       groovy.lang.MetaClassImpl$1MOPIter::methodNameAction (325 bytes)

VM state: not at safepoint (normal execution)

VM Mutex/Monitor currently owned by a thread: None

Heap address: 0x00000000e0000000, size: 512 MB, Compressed Oops mode: 32-bit

CDS archive(s) mapped at: [0x0000027d63000000-0x0000027d63bb0000-0x0000027d63bb0000), size 12255232, SharedBaseAddress: 0x0000027d63000000, ArchiveRelocationMode: 1.
Compressed class space mapped at: 0x0000027d64000000-0x0000027d78000000, reserved size: 335544320
Narrow klass base: 0x0000027d63000000, Narrow klass shift: 0, Narrow klass range: 0x100000000

GC Precious Log:
 CPUs: 8 total, 8 available
 Memory: 16149M
 Large Page Support: Disabled
 NUMA Support: Disabled
 Compressed Oops: Enabled (32-bit)
 Heap Region Size: 1M
 Heap Min Capacity: 256M
 Heap Initial Capacity: 256M
 Heap Max Capacity: 512M
 Pre-touch: Disabled
 Parallel Workers: 8
 Concurrent Workers: 2
 Concurrent Refinement Workers: 8
 Periodic GC: Disabled

Heap:
 garbage-first heap   total 262144K, used 55455K [0x00000000e0000000, 0x0000000100000000)
  region size 1024K, 40 young (40960K), 16 survivors (16384K)
 Metaspace       used 38201K, committed 38656K, reserved 393216K
  class space    used 5376K, committed 5568K, reserved 327680K

Heap Regions: E=young(eden), S=young(survivor), O=old, HS=humongous(starts), HC=humongous(continues), CS=collection set, F=free, OA=open archive, CA=closed archive, TAMS=top-at-mark-start (previous, next)
|   0|0x00000000e0000000, 0x00000000e0100000, 0x00000000e0100000|100%| O|  |TAMS 0x00000000e0100000, 0x00000000e0000000| Untracked 
|   1|0x00000000e0100000, 0x00000000e0200000, 0x00000000e0200000|100%|HS|  |TAMS 0x00000000e0200000, 0x00000000e0100000| Complete 
|   2|0x00000000e0200000, 0x00000000e0300000, 0x00000000e0300000|100%|HC|  |TAMS 0x00000000e0300000, 0x00000000e0200000| Complete 
|   3|0x00000000e0300000, 0x00000000e0400000, 0x00000000e0400000|100%|HC|  |TAMS 0x00000000e0400000, 0x00000000e0300000| Complete 
|   4|0x00000000e0400000, 0x00000000e0500000, 0x00000000e0500000|100%| O|  |TAMS 0x00000000e0500000, 0x00000000e0400000| Untracked 
|   5|0x00000000e0500000, 0x00000000e0600000, 0x00000000e0600000|100%| O|  |TAMS 0x00000000e0600000, 0x00000000e0500000| Untracked 
|   6|0x00000000e0600000, 0x00000000e0700000, 0x00000000e0700000|100%|HS|  |TAMS 0x00000000e0700000, 0x00000000e0600000| Complete 
|   7|0x00000000e0700000, 0x00000000e0700000, 0x00000000e0800000|  0%| F|  |TAMS 0x00000000e0700000, 0x00000000e0700000| Untracked 
|   8|0x00000000e0800000, 0x00000000e0900000, 0x00000000e0900000|100%| O|  |TAMS 0x00000000e0900000, 0x00000000e0800000| Untracked 
|   9|0x00000000e0900000, 0x00000000e0a00000, 0x00000000e0a00000|100%| O|  |TAMS 0x00000000e0a00000, 0x00000000e0900000| Untracked 
|  10|0x00000000e0a00000, 0x00000000e0b00000, 0x00000000e0b00000|100%| O|  |TAMS 0x00000000e0b00000, 0x00000000e0a00000| Untracked 
|  11|0x00000000e0b00000, 0x00000000e0c00000, 0x00000000e0c00000|100%| O|  |TAMS 0x00000000e0c00000, 0x00000000e0b00000| Untracked 
|  12|0x00000000e0c00000, 0x00000000e0d00000, 0x00000000e0d00000|100%| O|  |TAMS 0x00000000e0c3aa00, 0x00000000e0c00000| Untracked 
|  13|0x00000000e0d00000, 0x00000000e0d00000, 0x00000000e0e00000|  0%| F|  |TAMS 0x00000000e0d00000, 0x00000000e0d00000| Untracked 
|  14|0x00000000e0e00000, 0x00000000e0e00000, 0x00000000e0f00000|  0%| F|  |TAMS 0x00000000e0e00000, 0x00000000e0e00000| Untracked 
|  15|0x00000000e0f00000, 0x00000000e0f00000, 0x00000000e1000000|  0%| F|  |TAMS 0x00000000e0f00000, 0x00000000e0f00000| Untracked 
|  16|0x00000000e1000000, 0x00000000e1000000, 0x00000000e1100000|  0%| F|  |TAMS 0x00000000e1000000, 0x00000000e1000000| Untracked 
|  17|0x00000000e1100000, 0x00000000e1200000, 0x00000000e1200000|100%| O|  |TAMS 0x00000000e1100000, 0x00000000e1100000| Untracked 
|  18|0x00000000e1200000, 0x00000000e1300000, 0x00000000e1300000|100%| O|  |TAMS 0x00000000e1200000, 0x00000000e1200000| Untracked 
|  19|0x00000000e1300000, 0x00000000e1400000, 0x00000000e1400000|100%| O|  |TAMS 0x00000000e1300000, 0x00000000e1300000| Untracked 
|  20|0x00000000e1400000, 0x00000000e14b1e00, 0x00000000e1500000| 69%| O|  |TAMS 0x00000000e1400000, 0x00000000e1400000| Untracked 
|  21|0x00000000e1500000, 0x00000000e1500000, 0x00000000e1600000|  0%| F|  |TAMS 0x00000000e1500000, 0x00000000e1500000| Untracked 
|  22|0x00000000e1600000, 0x00000000e1600000, 0x00000000e1700000|  0%| F|  |TAMS 0x00000000e1600000, 0x00000000e1600000| Untracked 
|  23|0x00000000e1700000, 0x00000000e1700000, 0x00000000e1800000|  0%| F|  |TAMS 0x00000000e1700000, 0x00000000e1700000| Untracked 
|  24|0x00000000e1800000, 0x00000000e1800000, 0x00000000e1900000|  0%| F|  |TAMS 0x00000000e1800000, 0x00000000e1800000| Untracked 
|  25|0x00000000e1900000, 0x00000000e1900000, 0x00000000e1a00000|  0%| F|  |TAMS 0x00000000e1900000, 0x00000000e1900000| Untracked 
|  26|0x00000000e1a00000, 0x00000000e1a00000, 0x00000000e1b00000|  0%| F|  |TAMS 0x00000000e1a00000, 0x00000000e1a00000| Untracked 
|  27|0x00000000e1b00000, 0x00000000e1b00000, 0x00000000e1c00000|  0%| F|  |TAMS 0x00000000e1b00000, 0x00000000e1b00000| Untracked 
|  28|0x00000000e1c00000, 0x00000000e1c00000, 0x00000000e1d00000|  0%| F|  |TAMS 0x00000000e1c00000, 0x00000000e1c00000| Untracked 
|  29|0x00000000e1d00000, 0x00000000e1d00000, 0x00000000e1e00000|  0%| F|  |TAMS 0x00000000e1d00000, 0x00000000e1d00000| Untracked 
|  30|0x00000000e1e00000, 0x00000000e1e00000, 0x00000000e1f00000|  0%| F|  |TAMS 0x00000000e1e00000, 0x00000000e1e00000| Untracked 
|  31|0x00000000e1f00000, 0x00000000e1f00000, 0x00000000e2000000|  0%| F|  |TAMS 0x00000000e1f00000, 0x00000000e1f00000| Untracked 
|  32|0x00000000e2000000, 0x00000000e2000000, 0x00000000e2100000|  0%| F|  |TAMS 0x00000000e2000000, 0x00000000e2000000| Untracked 
|  33|0x00000000e2100000, 0x00000000e2100000, 0x00000000e2200000|  0%| F|  |TAMS 0x00000000e2100000, 0x00000000e2100000| Untracked 
|  34|0x00000000e2200000, 0x00000000e2200000, 0x00000000e2300000|  0%| F|  |TAMS 0x00000000e2200000, 0x00000000e2200000| Untracked 
|  35|0x00000000e2300000, 0x00000000e2300000, 0x00000000e2400000|  0%| F|  |TAMS 0x00000000e2300000, 0x00000000e2300000| Untracked 
|  36|0x00000000e2400000, 0x00000000e2400000, 0x00000000e2500000|  0%| F|  |TAMS 0x00000000e2400000, 0x00000000e2400000| Untracked 
|  37|0x00000000e2500000, 0x00000000e2500000, 0x00000000e2600000|  0%| F|  |TAMS 0x00000000e2500000, 0x00000000e2500000| Untracked 
|  38|0x00000000e2600000, 0x00000000e2600000, 0x00000000e2700000|  0%| F|  |TAMS 0x00000000e2600000, 0x00000000e2600000| Untracked 
|  39|0x00000000e2700000, 0x00000000e2700000, 0x00000000e2800000|  0%| F|  |TAMS 0x00000000e2700000, 0x00000000e2700000| Untracked 
|  40|0x00000000e2800000, 0x00000000e2800000, 0x00000000e2900000|  0%| F|  |TAMS 0x00000000e2800000, 0x00000000e2800000| Untracked 
|  41|0x00000000e2900000, 0x00000000e2900000, 0x00000000e2a00000|  0%| F|  |TAMS 0x00000000e2900000, 0x00000000e2900000| Untracked 
|  42|0x00000000e2a00000, 0x00000000e2a00000, 0x00000000e2b00000|  0%| F|  |TAMS 0x00000000e2a00000, 0x00000000e2a00000| Untracked 
|  43|0x00000000e2b00000, 0x00000000e2b00000, 0x00000000e2c00000|  0%| F|  |TAMS 0x00000000e2b00000, 0x00000000e2b00000| Untracked 
|  44|0x00000000e2c00000, 0x00000000e2c00000, 0x00000000e2d00000|  0%| F|  |TAMS 0x00000000e2c00000, 0x00000000e2c00000| Untracked 
|  45|0x00000000e2d00000, 0x00000000e2d00000, 0x00000000e2e00000|  0%| F|  |TAMS 0x00000000e2d00000, 0x00000000e2d00000| Untracked 
|  46|0x00000000e2e00000, 0x00000000e2e00000, 0x00000000e2f00000|  0%| F|  |TAMS 0x00000000e2e00000, 0x00000000e2e00000| Untracked 
|  47|0x00000000e2f00000, 0x00000000e2f00000, 0x00000000e3000000|  0%| F|  |TAMS 0x00000000e2f00000, 0x00000000e2f00000| Untracked 
|  48|0x00000000e3000000, 0x00000000e3000000, 0x00000000e3100000|  0%| F|  |TAMS 0x00000000e3000000, 0x00000000e3000000| Untracked 
|  49|0x00000000e3100000, 0x00000000e3100000, 0x00000000e3200000|  0%| F|  |TAMS 0x00000000e3100000, 0x00000000e3100000| Untracked 
|  50|0x00000000e3200000, 0x00000000e3200000, 0x00000000e3300000|  0%| F|  |TAMS 0x00000000e3200000, 0x00000000e3200000| Untracked 
|  51|0x00000000e3300000, 0x00000000e3300000, 0x00000000e3400000|  0%| F|  |TAMS 0x00000000e3300000, 0x00000000e3300000| Untracked 
|  52|0x00000000e3400000, 0x00000000e3400000, 0x00000000e3500000|  0%| F|  |TAMS 0x00000000e3400000, 0x00000000e3400000| Untracked 
|  53|0x00000000e3500000, 0x00000000e3500000, 0x00000000e3600000|  0%| F|  |TAMS 0x00000000e3500000, 0x00000000e3500000| Untracked 
|  54|0x00000000e3600000, 0x00000000e3600000, 0x00000000e3700000|  0%| F|  |TAMS 0x00000000e3600000, 0x00000000e3600000| Untracked 
|  55|0x00000000e3700000, 0x00000000e3700000, 0x00000000e3800000|  0%| F|  |TAMS 0x00000000e3700000, 0x00000000e3700000| Untracked 
|  56|0x00000000e3800000, 0x00000000e3800000, 0x00000000e3900000|  0%| F|  |TAMS 0x00000000e3800000, 0x00000000e3800000| Untracked 
|  57|0x00000000e3900000, 0x00000000e3900000, 0x00000000e3a00000|  0%| F|  |TAMS 0x00000000e3900000, 0x00000000e3900000| Untracked 
|  58|0x00000000e3a00000, 0x00000000e3a00000, 0x00000000e3b00000|  0%| F|  |TAMS 0x00000000e3a00000, 0x00000000e3a00000| Untracked 
|  59|0x00000000e3b00000, 0x00000000e3b00000, 0x00000000e3c00000|  0%| F|  |TAMS 0x00000000e3b00000, 0x00000000e3b00000| Untracked 
|  60|0x00000000e3c00000, 0x00000000e3c00000, 0x00000000e3d00000|  0%| F|  |TAMS 0x00000000e3c00000, 0x00000000e3c00000| Untracked 
|  61|0x00000000e3d00000, 0x00000000e3d00000, 0x00000000e3e00000|  0%| F|  |TAMS 0x00000000e3d00000, 0x00000000e3d00000| Untracked 
|  62|0x00000000e3e00000, 0x00000000e3e00000, 0x00000000e3f00000|  0%| F|  |TAMS 0x00000000e3e00000, 0x00000000e3e00000| Untracked 
|  63|0x00000000e3f00000, 0x00000000e3f00000, 0x00000000e4000000|  0%| F|  |TAMS 0x00000000e3f00000, 0x00000000e3f00000| Untracked 
|  64|0x00000000e4000000, 0x00000000e4000000, 0x00000000e4100000|  0%| F|  |TAMS 0x00000000e4000000, 0x00000000e4000000| Untracked 
|  65|0x00000000e4100000, 0x00000000e4100000, 0x00000000e4200000|  0%| F|  |TAMS 0x00000000e4100000, 0x00000000e4100000| Untracked 
|  66|0x00000000e4200000, 0x00000000e4200000, 0x00000000e4300000|  0%| F|  |TAMS 0x00000000e4200000, 0x00000000e4200000| Untracked 
|  67|0x00000000e4300000, 0x00000000e4300000, 0x00000000e4400000|  0%| F|  |TAMS 0x00000000e4300000, 0x00000000e4300000| Untracked 
|  68|0x00000000e4400000, 0x00000000e4400000, 0x00000000e4500000|  0%| F|  |TAMS 0x00000000e4400000, 0x00000000e4400000| Untracked 
|  69|0x00000000e4500000, 0x00000000e4500000, 0x00000000e4600000|  0%| F|  |TAMS 0x00000000e4500000, 0x00000000e4500000| Untracked 
|  70|0x00000000e4600000, 0x00000000e4600000, 0x00000000e4700000|  0%| F|  |TAMS 0x00000000e4600000, 0x00000000e4600000| Untracked 
|  71|0x00000000e4700000, 0x00000000e4700000, 0x00000000e4800000|  0%| F|  |TAMS 0x00000000e4700000, 0x00000000e4700000| Untracked 
|  72|0x00000000e4800000, 0x00000000e4800000, 0x00000000e4900000|  0%| F|  |TAMS 0x00000000e4800000, 0x00000000e4800000| Untracked 
|  73|0x00000000e4900000, 0x00000000e4900000, 0x00000000e4a00000|  0%| F|  |TAMS 0x00000000e4900000, 0x00000000e4900000| Untracked 
|  74|0x00000000e4a00000, 0x00000000e4a00000, 0x00000000e4b00000|  0%| F|  |TAMS 0x00000000e4a00000, 0x00000000e4a00000| Untracked 
|  75|0x00000000e4b00000, 0x00000000e4b00000, 0x00000000e4c00000|  0%| F|  |TAMS 0x00000000e4b00000, 0x00000000e4b00000| Untracked 
|  76|0x00000000e4c00000, 0x00000000e4c00000, 0x00000000e4d00000|  0%| F|  |TAMS 0x00000000e4c00000, 0x00000000e4c00000| Untracked 
|  77|0x00000000e4d00000, 0x00000000e4d00000, 0x00000000e4e00000|  0%| F|  |TAMS 0x00000000e4d00000, 0x00000000e4d00000| Untracked 
|  78|0x00000000e4e00000, 0x00000000e4e00000, 0x00000000e4f00000|  0%| F|  |TAMS 0x00000000e4e00000, 0x00000000e4e00000| Untracked 
|  79|0x00000000e4f00000, 0x00000000e4f00000, 0x00000000e5000000|  0%| F|  |TAMS 0x00000000e4f00000, 0x00000000e4f00000| Untracked 
|  80|0x00000000e5000000, 0x00000000e5000000, 0x00000000e5100000|  0%| F|  |TAMS 0x00000000e5000000, 0x00000000e5000000| Untracked 
|  81|0x00000000e5100000, 0x00000000e5100000, 0x00000000e5200000|  0%| F|  |TAMS 0x00000000e5100000, 0x00000000e5100000| Untracked 
|  82|0x00000000e5200000, 0x00000000e5200000, 0x00000000e5300000|  0%| F|  |TAMS 0x00000000e5200000, 0x00000000e5200000| Untracked 
|  83|0x00000000e5300000, 0x00000000e5300000, 0x00000000e5400000|  0%| F|  |TAMS 0x00000000e5300000, 0x00000000e5300000| Untracked 
|  84|0x00000000e5400000, 0x00000000e5400000, 0x00000000e5500000|  0%| F|  |TAMS 0x00000000e5400000, 0x00000000e5400000| Untracked 
|  85|0x00000000e5500000, 0x00000000e5500000, 0x00000000e5600000|  0%| F|  |TAMS 0x00000000e5500000, 0x00000000e5500000| Untracked 
|  86|0x00000000e5600000, 0x00000000e5600000, 0x00000000e5700000|  0%| F|  |TAMS 0x00000000e5600000, 0x00000000e5600000| Untracked 
|  87|0x00000000e5700000, 0x00000000e5700000, 0x00000000e5800000|  0%| F|  |TAMS 0x00000000e5700000, 0x00000000e5700000| Untracked 
|  88|0x00000000e5800000, 0x00000000e5800000, 0x00000000e5900000|  0%| F|  |TAMS 0x00000000e5800000, 0x00000000e5800000| Untracked 
|  89|0x00000000e5900000, 0x00000000e5900000, 0x00000000e5a00000|  0%| F|  |TAMS 0x00000000e5900000, 0x00000000e5900000| Untracked 
|  90|0x00000000e5a00000, 0x00000000e5a00000, 0x00000000e5b00000|  0%| F|  |TAMS 0x00000000e5a00000, 0x00000000e5a00000| Untracked 
|  91|0x00000000e5b00000, 0x00000000e5b00000, 0x00000000e5c00000|  0%| F|  |TAMS 0x00000000e5b00000, 0x00000000e5b00000| Untracked 
|  92|0x00000000e5c00000, 0x00000000e5c00000, 0x00000000e5d00000|  0%| F|  |TAMS 0x00000000e5c00000, 0x00000000e5c00000| Untracked 
|  93|0x00000000e5d00000, 0x00000000e5d00000, 0x00000000e5e00000|  0%| F|  |TAMS 0x00000000e5d00000, 0x00000000e5d00000| Untracked 
|  94|0x00000000e5e00000, 0x00000000e5e00000, 0x00000000e5f00000|  0%| F|  |TAMS 0x00000000e5e00000, 0x00000000e5e00000| Untracked 
|  95|0x00000000e5f00000, 0x00000000e5f00000, 0x00000000e6000000|  0%| F|  |TAMS 0x00000000e5f00000, 0x00000000e5f00000| Untracked 
|  96|0x00000000e6000000, 0x00000000e6000000, 0x00000000e6100000|  0%| F|  |TAMS 0x00000000e6000000, 0x00000000e6000000| Untracked 
|  97|0x00000000e6100000, 0x00000000e6100000, 0x00000000e6200000|  0%| F|  |TAMS 0x00000000e6100000, 0x00000000e6100000| Untracked 
|  98|0x00000000e6200000, 0x00000000e6200000, 0x00000000e6300000|  0%| F|  |TAMS 0x00000000e6200000, 0x00000000e6200000| Untracked 
|  99|0x00000000e6300000, 0x00000000e6300000, 0x00000000e6400000|  0%| F|  |TAMS 0x00000000e6300000, 0x00000000e6300000| Untracked 
| 100|0x00000000e6400000, 0x00000000e6400000, 0x00000000e6500000|  0%| F|  |TAMS 0x00000000e6400000, 0x00000000e6400000| Untracked 
| 101|0x00000000e6500000, 0x00000000e6500000, 0x00000000e6600000|  0%| F|  |TAMS 0x00000000e6500000, 0x00000000e6500000| Untracked 
| 102|0x00000000e6600000, 0x00000000e6600000, 0x00000000e6700000|  0%| F|  |TAMS 0x00000000e6600000, 0x00000000e6600000| Untracked 
| 103|0x00000000e6700000, 0x00000000e6700000, 0x00000000e6800000|  0%| F|  |TAMS 0x00000000e6700000, 0x00000000e6700000| Untracked 
| 104|0x00000000e6800000, 0x00000000e6800000, 0x00000000e6900000|  0%| F|  |TAMS 0x00000000e6800000, 0x00000000e6800000| Untracked 
| 105|0x00000000e6900000, 0x00000000e6900000, 0x00000000e6a00000|  0%| F|  |TAMS 0x00000000e6900000, 0x00000000e6900000| Untracked 
| 106|0x00000000e6a00000, 0x00000000e6a00000, 0x00000000e6b00000|  0%| F|  |TAMS 0x00000000e6a00000, 0x00000000e6a00000| Untracked 
| 107|0x00000000e6b00000, 0x00000000e6b00000, 0x00000000e6c00000|  0%| F|  |TAMS 0x00000000e6b00000, 0x00000000e6b00000| Untracked 
| 108|0x00000000e6c00000, 0x00000000e6c00000, 0x00000000e6d00000|  0%| F|  |TAMS 0x00000000e6c00000, 0x00000000e6c00000| Untracked 
| 109|0x00000000e6d00000, 0x00000000e6d00000, 0x00000000e6e00000|  0%| F|  |TAMS 0x00000000e6d00000, 0x00000000e6d00000| Untracked 
| 110|0x00000000e6e00000, 0x00000000e6e00000, 0x00000000e6f00000|  0%| F|  |TAMS 0x00000000e6e00000, 0x00000000e6e00000| Untracked 
| 111|0x00000000e6f00000, 0x00000000e6f00000, 0x00000000e7000000|  0%| F|  |TAMS 0x00000000e6f00000, 0x00000000e6f00000| Untracked 
| 112|0x00000000e7000000, 0x00000000e7076190, 0x00000000e7100000| 46%| S|CS|TAMS 0x00000000e7000000, 0x00000000e7000000| Complete 
| 113|0x00000000e7100000, 0x00000000e7200000, 0x00000000e7200000|100%| S|CS|TAMS 0x00000000e7100000, 0x00000000e7100000| Complete 
| 114|0x00000000e7200000, 0x00000000e7300000, 0x00000000e7300000|100%| S|CS|TAMS 0x00000000e7200000, 0x00000000e7200000| Complete 
| 115|0x00000000e7300000, 0x00000000e7400000, 0x00000000e7400000|100%| S|CS|TAMS 0x00000000e7300000, 0x00000000e7300000| Complete 
| 116|0x00000000e7400000, 0x00000000e7500000, 0x00000000e7500000|100%| S|CS|TAMS 0x00000000e7400000, 0x00000000e7400000| Complete 
| 117|0x00000000e7500000, 0x00000000e7600000, 0x00000000e7600000|100%| S|CS|TAMS 0x00000000e7500000, 0x00000000e7500000| Complete 
| 118|0x00000000e7600000, 0x00000000e7700000, 0x00000000e7700000|100%| S|CS|TAMS 0x00000000e7600000, 0x00000000e7600000| Complete 
| 119|0x00000000e7700000, 0x00000000e7800000, 0x00000000e7800000|100%| S|CS|TAMS 0x00000000e7700000, 0x00000000e7700000| Complete 
| 120|0x00000000e7800000, 0x00000000e7900000, 0x00000000e7900000|100%| S|CS|TAMS 0x00000000e7800000, 0x00000000e7800000| Complete 
| 121|0x00000000e7900000, 0x00000000e7a00000, 0x00000000e7a00000|100%| S|CS|TAMS 0x00000000e7900000, 0x00000000e7900000| Complete 
| 122|0x00000000e7a00000, 0x00000000e7b00000, 0x00000000e7b00000|100%| S|CS|TAMS 0x00000000e7a00000, 0x00000000e7a00000| Complete 
| 123|0x00000000e7b00000, 0x00000000e7c00000, 0x00000000e7c00000|100%| S|CS|TAMS 0x00000000e7b00000, 0x00000000e7b00000| Complete 
| 124|0x00000000e7c00000, 0x00000000e7d00000, 0x00000000e7d00000|100%| S|CS|TAMS 0x00000000e7c00000, 0x00000000e7c00000| Complete 
| 125|0x00000000e7d00000, 0x00000000e7e00000, 0x00000000e7e00000|100%| S|CS|TAMS 0x00000000e7d00000, 0x00000000e7d00000| Complete 
| 126|0x00000000e7e00000, 0x00000000e7f00000, 0x00000000e7f00000|100%| S|CS|TAMS 0x00000000e7e00000, 0x00000000e7e00000| Complete 
| 127|0x00000000e7f00000, 0x00000000e8000000, 0x00000000e8000000|100%| S|CS|TAMS 0x00000000e7f00000, 0x00000000e7f00000| Complete 
| 128|0x00000000e8000000, 0x00000000e8000000, 0x00000000e8100000|  0%| F|  |TAMS 0x00000000e8000000, 0x00000000e8000000| Untracked 
| 129|0x00000000e8100000, 0x00000000e8100000, 0x00000000e8200000|  0%| F|  |TAMS 0x00000000e8100000, 0x00000000e8100000| Untracked 
| 130|0x00000000e8200000, 0x00000000e8200000, 0x00000000e8300000|  0%| F|  |TAMS 0x00000000e8200000, 0x00000000e8200000| Untracked 
| 131|0x00000000e8300000, 0x00000000e8300000, 0x00000000e8400000|  0%| F|  |TAMS 0x00000000e8300000, 0x00000000e8300000| Untracked 
| 132|0x00000000e8400000, 0x00000000e8400000, 0x00000000e8500000|  0%| F|  |TAMS 0x00000000e8400000, 0x00000000e8400000| Untracked 
| 133|0x00000000e8500000, 0x00000000e8500000, 0x00000000e8600000|  0%| F|  |TAMS 0x00000000e8500000, 0x00000000e8500000| Untracked 
| 134|0x00000000e8600000, 0x00000000e8600000, 0x00000000e8700000|  0%| F|  |TAMS 0x00000000e8600000, 0x00000000e8600000| Untracked 
| 135|0x00000000e8700000, 0x00000000e8700000, 0x00000000e8800000|  0%| F|  |TAMS 0x00000000e8700000, 0x00000000e8700000| Untracked 
| 136|0x00000000e8800000, 0x00000000e8800000, 0x00000000e8900000|  0%| F|  |TAMS 0x00000000e8800000, 0x00000000e8800000| Untracked 
| 137|0x00000000e8900000, 0x00000000e8900000, 0x00000000e8a00000|  0%| F|  |TAMS 0x00000000e8900000, 0x00000000e8900000| Untracked 
| 138|0x00000000e8a00000, 0x00000000e8a00000, 0x00000000e8b00000|  0%| F|  |TAMS 0x00000000e8a00000, 0x00000000e8a00000| Untracked 
| 139|0x00000000e8b00000, 0x00000000e8b00000, 0x00000000e8c00000|  0%| F|  |TAMS 0x00000000e8b00000, 0x00000000e8b00000| Untracked 
| 140|0x00000000e8c00000, 0x00000000e8c00000, 0x00000000e8d00000|  0%| F|  |TAMS 0x00000000e8c00000, 0x00000000e8c00000| Untracked 
| 141|0x00000000e8d00000, 0x00000000e8d00000, 0x00000000e8e00000|  0%| F|  |TAMS 0x00000000e8d00000, 0x00000000e8d00000| Untracked 
| 142|0x00000000e8e00000, 0x00000000e8e00000, 0x00000000e8f00000|  0%| F|  |TAMS 0x00000000e8e00000, 0x00000000e8e00000| Untracked 
| 143|0x00000000e8f00000, 0x00000000e8f00000, 0x00000000e9000000|  0%| F|  |TAMS 0x00000000e8f00000, 0x00000000e8f00000| Untracked 
| 144|0x00000000e9000000, 0x00000000e9000000, 0x00000000e9100000|  0%| F|  |TAMS 0x00000000e9000000, 0x00000000e9000000| Untracked 
| 145|0x00000000e9100000, 0x00000000e9100000, 0x00000000e9200000|  0%| F|  |TAMS 0x00000000e9100000, 0x00000000e9100000| Untracked 
| 146|0x00000000e9200000, 0x00000000e9200000, 0x00000000e9300000|  0%| F|  |TAMS 0x00000000e9200000, 0x00000000e9200000| Untracked 
| 147|0x00000000e9300000, 0x00000000e9300000, 0x00000000e9400000|  0%| F|  |TAMS 0x00000000e9300000, 0x00000000e9300000| Untracked 
| 148|0x00000000e9400000, 0x00000000e9400000, 0x00000000e9500000|  0%| F|  |TAMS 0x00000000e9400000, 0x00000000e9400000| Untracked 
| 149|0x00000000e9500000, 0x00000000e9500000, 0x00000000e9600000|  0%| F|  |TAMS 0x00000000e9500000, 0x00000000e9500000| Untracked 
| 150|0x00000000e9600000, 0x00000000e9600000, 0x00000000e9700000|  0%| F|  |TAMS 0x00000000e9600000, 0x00000000e9600000| Untracked 
| 151|0x00000000e9700000, 0x00000000e9700000, 0x00000000e9800000|  0%| F|  |TAMS 0x00000000e9700000, 0x00000000e9700000| Untracked 
| 152|0x00000000e9800000, 0x00000000e9800000, 0x00000000e9900000|  0%| F|  |TAMS 0x00000000e9800000, 0x00000000e9800000| Untracked 
| 153|0x00000000e9900000, 0x00000000e9900000, 0x00000000e9a00000|  0%| F|  |TAMS 0x00000000e9900000, 0x00000000e9900000| Untracked 
| 154|0x00000000e9a00000, 0x00000000e9a00000, 0x00000000e9b00000|  0%| F|  |TAMS 0x00000000e9a00000, 0x00000000e9a00000| Untracked 
| 155|0x00000000e9b00000, 0x00000000e9b00000, 0x00000000e9c00000|  0%| F|  |TAMS 0x00000000e9b00000, 0x00000000e9b00000| Untracked 
| 156|0x00000000e9c00000, 0x00000000e9c00000, 0x00000000e9d00000|  0%| F|  |TAMS 0x00000000e9c00000, 0x00000000e9c00000| Untracked 
| 157|0x00000000e9d00000, 0x00000000e9d00000, 0x00000000e9e00000|  0%| F|  |TAMS 0x00000000e9d00000, 0x00000000e9d00000| Untracked 
| 158|0x00000000e9e00000, 0x00000000e9e00000, 0x00000000e9f00000|  0%| F|  |TAMS 0x00000000e9e00000, 0x00000000e9e00000| Untracked 
| 159|0x00000000e9f00000, 0x00000000e9f00000, 0x00000000ea000000|  0%| F|  |TAMS 0x00000000e9f00000, 0x00000000e9f00000| Untracked 
| 160|0x00000000ea000000, 0x00000000ea000000, 0x00000000ea100000|  0%| F|  |TAMS 0x00000000ea000000, 0x00000000ea000000| Untracked 
| 161|0x00000000ea100000, 0x00000000ea100000, 0x00000000ea200000|  0%| F|  |TAMS 0x00000000ea100000, 0x00000000ea100000| Untracked 
| 162|0x00000000ea200000, 0x00000000ea200000, 0x00000000ea300000|  0%| F|  |TAMS 0x00000000ea200000, 0x00000000ea200000| Untracked 
| 163|0x00000000ea300000, 0x00000000ea300000, 0x00000000ea400000|  0%| F|  |TAMS 0x00000000ea300000, 0x00000000ea300000| Untracked 
| 164|0x00000000ea400000, 0x00000000ea400000, 0x00000000ea500000|  0%| F|  |TAMS 0x00000000ea400000, 0x00000000ea400000| Untracked 
| 165|0x00000000ea500000, 0x00000000ea500000, 0x00000000ea600000|  0%| F|  |TAMS 0x00000000ea500000, 0x00000000ea500000| Untracked 
| 166|0x00000000ea600000, 0x00000000ea600000, 0x00000000ea700000|  0%| F|  |TAMS 0x00000000ea600000, 0x00000000ea600000| Untracked 
| 167|0x00000000ea700000, 0x00000000ea700000, 0x00000000ea800000|  0%| F|  |TAMS 0x00000000ea700000, 0x00000000ea700000| Untracked 
| 168|0x00000000ea800000, 0x00000000ea800000, 0x00000000ea900000|  0%| F|  |TAMS 0x00000000ea800000, 0x00000000ea800000| Untracked 
| 169|0x00000000ea900000, 0x00000000ea900000, 0x00000000eaa00000|  0%| F|  |TAMS 0x00000000ea900000, 0x00000000ea900000| Untracked 
| 170|0x00000000eaa00000, 0x00000000eaa00000, 0x00000000eab00000|  0%| F|  |TAMS 0x00000000eaa00000, 0x00000000eaa00000| Untracked 
| 171|0x00000000eab00000, 0x00000000eab00000, 0x00000000eac00000|  0%| F|  |TAMS 0x00000000eab00000, 0x00000000eab00000| Untracked 
| 172|0x00000000eac00000, 0x00000000eac00000, 0x00000000ead00000|  0%| F|  |TAMS 0x00000000eac00000, 0x00000000eac00000| Untracked 
| 173|0x00000000ead00000, 0x00000000ead00000, 0x00000000eae00000|  0%| F|  |TAMS 0x00000000ead00000, 0x00000000ead00000| Untracked 
| 174|0x00000000eae00000, 0x00000000eae00000, 0x00000000eaf00000|  0%| F|  |TAMS 0x00000000eae00000, 0x00000000eae00000| Untracked 
| 175|0x00000000eaf00000, 0x00000000eaf00000, 0x00000000eb000000|  0%| F|  |TAMS 0x00000000eaf00000, 0x00000000eaf00000| Untracked 
| 176|0x00000000eb000000, 0x00000000eb000000, 0x00000000eb100000|  0%| F|  |TAMS 0x00000000eb000000, 0x00000000eb000000| Untracked 
| 177|0x00000000eb100000, 0x00000000eb100000, 0x00000000eb200000|  0%| F|  |TAMS 0x00000000eb100000, 0x00000000eb100000| Untracked 
| 178|0x00000000eb200000, 0x00000000eb200000, 0x00000000eb300000|  0%| F|  |TAMS 0x00000000eb200000, 0x00000000eb200000| Untracked 
| 179|0x00000000eb300000, 0x00000000eb300000, 0x00000000eb400000|  0%| F|  |TAMS 0x00000000eb300000, 0x00000000eb300000| Untracked 
| 180|0x00000000eb400000, 0x00000000eb400000, 0x00000000eb500000|  0%| F|  |TAMS 0x00000000eb400000, 0x00000000eb400000| Untracked 
| 181|0x00000000eb500000, 0x00000000eb500000, 0x00000000eb600000|  0%| F|  |TAMS 0x00000000eb500000, 0x00000000eb500000| Untracked 
| 182|0x00000000eb600000, 0x00000000eb600000, 0x00000000eb700000|  0%| F|  |TAMS 0x00000000eb600000, 0x00000000eb600000| Untracked 
| 183|0x00000000eb700000, 0x00000000eb700000, 0x00000000eb800000|  0%| F|  |TAMS 0x00000000eb700000, 0x00000000eb700000| Untracked 
| 184|0x00000000eb800000, 0x00000000eb800000, 0x00000000eb900000|  0%| F|  |TAMS 0x00000000eb800000, 0x00000000eb800000| Untracked 
| 185|0x00000000eb900000, 0x00000000eb900000, 0x00000000eba00000|  0%| F|  |TAMS 0x00000000eb900000, 0x00000000eb900000| Untracked 
| 186|0x00000000eba00000, 0x00000000eba00000, 0x00000000ebb00000|  0%| F|  |TAMS 0x00000000eba00000, 0x00000000eba00000| Untracked 
| 187|0x00000000ebb00000, 0x00000000ebb00000, 0x00000000ebc00000|  0%| F|  |TAMS 0x00000000ebb00000, 0x00000000ebb00000| Untracked 
| 188|0x00000000ebc00000, 0x00000000ebc00000, 0x00000000ebd00000|  0%| F|  |TAMS 0x00000000ebc00000, 0x00000000ebc00000| Untracked 
| 189|0x00000000ebd00000, 0x00000000ebd00000, 0x00000000ebe00000|  0%| F|  |TAMS 0x00000000ebd00000, 0x00000000ebd00000| Untracked 
| 190|0x00000000ebe00000, 0x00000000ebe00000, 0x00000000ebf00000|  0%| F|  |TAMS 0x00000000ebe00000, 0x00000000ebe00000| Untracked 
| 191|0x00000000ebf00000, 0x00000000ebf00000, 0x00000000ec000000|  0%| F|  |TAMS 0x00000000ebf00000, 0x00000000ebf00000| Untracked 
| 192|0x00000000ec000000, 0x00000000ec000000, 0x00000000ec100000|  0%| F|  |TAMS 0x00000000ec000000, 0x00000000ec000000| Untracked 
| 193|0x00000000ec100000, 0x00000000ec100000, 0x00000000ec200000|  0%| F|  |TAMS 0x00000000ec100000, 0x00000000ec100000| Untracked 
| 194|0x00000000ec200000, 0x00000000ec200000, 0x00000000ec300000|  0%| F|  |TAMS 0x00000000ec200000, 0x00000000ec200000| Untracked 
| 195|0x00000000ec300000, 0x00000000ec300000, 0x00000000ec400000|  0%| F|  |TAMS 0x00000000ec300000, 0x00000000ec300000| Untracked 
| 196|0x00000000ec400000, 0x00000000ec400000, 0x00000000ec500000|  0%| F|  |TAMS 0x00000000ec400000, 0x00000000ec400000| Untracked 
| 197|0x00000000ec500000, 0x00000000ec500000, 0x00000000ec600000|  0%| F|  |TAMS 0x00000000ec500000, 0x00000000ec500000| Untracked 
| 198|0x00000000ec600000, 0x00000000ec600000, 0x00000000ec700000|  0%| F|  |TAMS 0x00000000ec600000, 0x00000000ec600000| Untracked 
| 199|0x00000000ec700000, 0x00000000ec700000, 0x00000000ec800000|  0%| F|  |TAMS 0x00000000ec700000, 0x00000000ec700000| Untracked 
| 200|0x00000000ec800000, 0x00000000ec800000, 0x00000000ec900000|  0%| F|  |TAMS 0x00000000ec800000, 0x00000000ec800000| Untracked 
| 201|0x00000000ec900000, 0x00000000ec900000, 0x00000000eca00000|  0%| F|  |TAMS 0x00000000ec900000, 0x00000000ec900000| Untracked 
| 202|0x00000000eca00000, 0x00000000eca00000, 0x00000000ecb00000|  0%| F|  |TAMS 0x00000000eca00000, 0x00000000eca00000| Untracked 
| 203|0x00000000ecb00000, 0x00000000ecb00000, 0x00000000ecc00000|  0%| F|  |TAMS 0x00000000ecb00000, 0x00000000ecb00000| Untracked 
| 204|0x00000000ecc00000, 0x00000000ecc00000, 0x00000000ecd00000|  0%| F|  |TAMS 0x00000000ecc00000, 0x00000000ecc00000| Untracked 
| 205|0x00000000ecd00000, 0x00000000ecd00000, 0x00000000ece00000|  0%| F|  |TAMS 0x00000000ecd00000, 0x00000000ecd00000| Untracked 
| 206|0x00000000ece00000, 0x00000000ece00000, 0x00000000ecf00000|  0%| F|  |TAMS 0x00000000ece00000, 0x00000000ece00000| Untracked 
| 207|0x00000000ecf00000, 0x00000000ecf00000, 0x00000000ed000000|  0%| F|  |TAMS 0x00000000ecf00000, 0x00000000ecf00000| Untracked 
| 208|0x00000000ed000000, 0x00000000ed000000, 0x00000000ed100000|  0%| F|  |TAMS 0x00000000ed000000, 0x00000000ed000000| Untracked 
| 209|0x00000000ed100000, 0x00000000ed100000, 0x00000000ed200000|  0%| F|  |TAMS 0x00000000ed100000, 0x00000000ed100000| Untracked 
| 210|0x00000000ed200000, 0x00000000ed200000, 0x00000000ed300000|  0%| F|  |TAMS 0x00000000ed200000, 0x00000000ed200000| Untracked 
| 211|0x00000000ed300000, 0x00000000ed300000, 0x00000000ed400000|  0%| F|  |TAMS 0x00000000ed300000, 0x00000000ed300000| Untracked 
| 212|0x00000000ed400000, 0x00000000ed400000, 0x00000000ed500000|  0%| F|  |TAMS 0x00000000ed400000, 0x00000000ed400000| Untracked 
| 213|0x00000000ed500000, 0x00000000ed500000, 0x00000000ed600000|  0%| F|  |TAMS 0x00000000ed500000, 0x00000000ed500000| Untracked 
| 214|0x00000000ed600000, 0x00000000ed600000, 0x00000000ed700000|  0%| F|  |TAMS 0x00000000ed600000, 0x00000000ed600000| Untracked 
| 215|0x00000000ed700000, 0x00000000ed700000, 0x00000000ed800000|  0%| F|  |TAMS 0x00000000ed700000, 0x00000000ed700000| Untracked 
| 216|0x00000000ed800000, 0x00000000ed800000, 0x00000000ed900000|  0%| F|  |TAMS 0x00000000ed800000, 0x00000000ed800000| Untracked 
| 217|0x00000000ed900000, 0x00000000ed900000, 0x00000000eda00000|  0%| F|  |TAMS 0x00000000ed900000, 0x00000000ed900000| Untracked 
| 218|0x00000000eda00000, 0x00000000eda00000, 0x00000000edb00000|  0%| F|  |TAMS 0x00000000eda00000, 0x00000000eda00000| Untracked 
| 219|0x00000000edb00000, 0x00000000edb00000, 0x00000000edc00000|  0%| F|  |TAMS 0x00000000edb00000, 0x00000000edb00000| Untracked 
| 220|0x00000000edc00000, 0x00000000edc00000, 0x00000000edd00000|  0%| F|  |TAMS 0x00000000edc00000, 0x00000000edc00000| Untracked 
| 221|0x00000000edd00000, 0x00000000edd00000, 0x00000000ede00000|  0%| F|  |TAMS 0x00000000edd00000, 0x00000000edd00000| Untracked 
| 222|0x00000000ede00000, 0x00000000ede00000, 0x00000000edf00000|  0%| F|  |TAMS 0x00000000ede00000, 0x00000000ede00000| Untracked 
| 223|0x00000000edf00000, 0x00000000edf00000, 0x00000000ee000000|  0%| F|  |TAMS 0x00000000edf00000, 0x00000000edf00000| Untracked 
| 224|0x00000000ee000000, 0x00000000ee000000, 0x00000000ee100000|  0%| F|  |TAMS 0x00000000ee000000, 0x00000000ee000000| Untracked 
| 225|0x00000000ee100000, 0x00000000ee100000, 0x00000000ee200000|  0%| F|  |TAMS 0x00000000ee100000, 0x00000000ee100000| Untracked 
| 226|0x00000000ee200000, 0x00000000ee200000, 0x00000000ee300000|  0%| F|  |TAMS 0x00000000ee200000, 0x00000000ee200000| Untracked 
| 227|0x00000000ee300000, 0x00000000ee300000, 0x00000000ee400000|  0%| F|  |TAMS 0x00000000ee300000, 0x00000000ee300000| Untracked 
| 228|0x00000000ee400000, 0x00000000ee400000, 0x00000000ee500000|  0%| F|  |TAMS 0x00000000ee400000, 0x00000000ee400000| Untracked 
| 229|0x00000000ee500000, 0x00000000ee500000, 0x00000000ee600000|  0%| F|  |TAMS 0x00000000ee500000, 0x00000000ee500000| Untracked 
| 230|0x00000000ee600000, 0x00000000ee600000, 0x00000000ee700000|  0%| F|  |TAMS 0x00000000ee600000, 0x00000000ee600000| Untracked 
| 231|0x00000000ee700000, 0x00000000ee700000, 0x00000000ee800000|  0%| F|  |TAMS 0x00000000ee700000, 0x00000000ee700000| Untracked 
| 232|0x00000000ee800000, 0x00000000ee880000, 0x00000000ee900000| 50%| E|  |TAMS 0x00000000ee800000, 0x00000000ee800000| Complete 
| 233|0x00000000ee900000, 0x00000000eea00000, 0x00000000eea00000|100%| E|CS|TAMS 0x00000000ee900000, 0x00000000ee900000| Complete 
| 234|0x00000000eea00000, 0x00000000eeb00000, 0x00000000eeb00000|100%| E|CS|TAMS 0x00000000eea00000, 0x00000000eea00000| Complete 
| 235|0x00000000eeb00000, 0x00000000eec00000, 0x00000000eec00000|100%| E|CS|TAMS 0x00000000eeb00000, 0x00000000eeb00000| Complete 
| 236|0x00000000eec00000, 0x00000000eed00000, 0x00000000eed00000|100%| E|CS|TAMS 0x00000000eec00000, 0x00000000eec00000| Complete 
| 237|0x00000000eed00000, 0x00000000eee00000, 0x00000000eee00000|100%| E|CS|TAMS 0x00000000eed00000, 0x00000000eed00000| Complete 
| 238|0x00000000eee00000, 0x00000000eef00000, 0x00000000eef00000|100%| E|CS|TAMS 0x00000000eee00000, 0x00000000eee00000| Complete 
| 239|0x00000000eef00000, 0x00000000ef000000, 0x00000000ef000000|100%| E|CS|TAMS 0x00000000eef00000, 0x00000000eef00000| Complete 
| 240|0x00000000ef000000, 0x00000000ef100000, 0x00000000ef100000|100%| E|CS|TAMS 0x00000000ef000000, 0x00000000ef000000| Complete 
| 241|0x00000000ef100000, 0x00000000ef200000, 0x00000000ef200000|100%| E|CS|TAMS 0x00000000ef100000, 0x00000000ef100000| Complete 
| 242|0x00000000ef200000, 0x00000000ef300000, 0x00000000ef300000|100%| E|CS|TAMS 0x00000000ef200000, 0x00000000ef200000| Complete 
| 243|0x00000000ef300000, 0x00000000ef400000, 0x00000000ef400000|100%| E|CS|TAMS 0x00000000ef300000, 0x00000000ef300000| Complete 
| 244|0x00000000ef400000, 0x00000000ef500000, 0x00000000ef500000|100%| E|CS|TAMS 0x00000000ef400000, 0x00000000ef400000| Complete 
| 245|0x00000000ef500000, 0x00000000ef600000, 0x00000000ef600000|100%| E|CS|TAMS 0x00000000ef500000, 0x00000000ef500000| Complete 
| 246|0x00000000ef600000, 0x00000000ef700000, 0x00000000ef700000|100%| E|CS|TAMS 0x00000000ef600000, 0x00000000ef600000| Complete 
| 247|0x00000000ef700000, 0x00000000ef800000, 0x00000000ef800000|100%| E|CS|TAMS 0x00000000ef700000, 0x00000000ef700000| Complete 
| 248|0x00000000ef800000, 0x00000000ef900000, 0x00000000ef900000|100%| E|CS|TAMS 0x00000000ef800000, 0x00000000ef800000| Complete 
| 249|0x00000000ef900000, 0x00000000efa00000, 0x00000000efa00000|100%| E|CS|TAMS 0x00000000ef900000, 0x00000000ef900000| Complete 
| 250|0x00000000efa00000, 0x00000000efb00000, 0x00000000efb00000|100%| E|CS|TAMS 0x00000000efa00000, 0x00000000efa00000| Complete 
| 251|0x00000000efb00000, 0x00000000efc00000, 0x00000000efc00000|100%| E|CS|TAMS 0x00000000efb00000, 0x00000000efb00000| Complete 
| 252|0x00000000efc00000, 0x00000000efd00000, 0x00000000efd00000|100%| E|CS|TAMS 0x00000000efc00000, 0x00000000efc00000| Complete 
| 253|0x00000000efd00000, 0x00000000efe00000, 0x00000000efe00000|100%| E|CS|TAMS 0x00000000efd00000, 0x00000000efd00000| Complete 
| 254|0x00000000efe00000, 0x00000000eff00000, 0x00000000eff00000|100%| E|CS|TAMS 0x00000000efe00000, 0x00000000efe00000| Complete 
| 255|0x00000000eff00000, 0x00000000f0000000, 0x00000000f0000000|100%| E|CS|TAMS 0x00000000eff00000, 0x00000000eff00000| Complete 

Card table byte_map: [0x0000027d5e840000,0x0000027d5e940000] _byte_map_base: 0x0000027d5e140000

Marking Bits (Prev, Next): (CMBitMap*) 0x0000027d459bf360, (CMBitMap*) 0x0000027d459bf3a0
 Prev Bits: [0x0000027d5ea40000, 0x0000027d5f240000)
 Next Bits: [0x0000027d5f240000, 0x0000027d5fa40000)

Polling page: 0x0000027d45800000

Metaspace:

Usage:
  Non-class:     32.09 MB used.
      Class:      5.26 MB used.
       Both:     37.35 MB used.

Virtual space:
  Non-class space:       64.00 MB reserved,      32.31 MB ( 50%) committed,  1 nodes.
      Class space:      320.00 MB reserved,       5.44 MB (  2%) committed,  1 nodes.
             Both:      384.00 MB reserved,      37.75 MB ( 10%) committed. 

Chunk freelists:
   Non-Class:  15.56 MB
       Class:  10.57 MB
        Both:  26.13 MB

MaxMetaspaceSize: 384.00 MB
CompressedClassSpaceSize: 320.00 MB
Initial GC threshold: 21.00 MB
Current GC threshold: 58.88 MB
CDS: on
MetaspaceReclaimPolicy: balanced
 - commit_granule_bytes: 65536.
 - commit_granule_words: 8192.
 - virtual_space_node_default_size: 8388608.
 - enlarge_chunks_in_place: 1.
 - new_chunks_are_fully_committed: 0.
 - uncommit_free_chunks: 1.
 - use_allocation_guard: 0.
 - handle_deallocations: 1.


Internal statistics:

num_allocs_failed_limit: 6.
num_arena_births: 488.
num_arena_deaths: 0.
num_vsnodes_births: 2.
num_vsnodes_deaths: 0.
num_space_committed: 604.
num_space_uncommitted: 0.
num_chunks_returned_to_freelist: 6.
num_chunks_taken_from_freelist: 1917.
num_chunk_merges: 6.
num_chunk_splits: 1288.
num_chunks_enlarged: 910.
num_inconsistent_stats: 0.

CodeHeap 'non-profiled nmethods': size=120000Kb used=2764Kb max_used=2764Kb free=117235Kb
 bounds [0x0000027d567b0000, 0x0000027d56a70000, 0x0000027d5dce0000]
CodeHeap 'profiled nmethods': size=120000Kb used=9143Kb max_used=9143Kb free=110856Kb
 bounds [0x0000027d4ece0000, 0x0000027d4f5d0000, 0x0000027d56210000]
CodeHeap 'non-nmethods': size=5760Kb used=2313Kb max_used=2343Kb free=3446Kb
 bounds [0x0000027d56210000, 0x0000027d56480000, 0x0000027d567b0000]
 total_blobs=5264 nmethods=4452 adapters=724
 compilation: enabled
              stopped_count=0, restarted_count=0
 full_count=0

Compilation events (20 events):
Event: 18.110 Thread 0x0000027d625f0890 4443       1       org.gradle.internal.instantiation.generator.AsmBackedClassGenerator$ClassBuilderImpl::access$1300 (5 bytes)
Event: 18.111 Thread 0x0000027d625f0890 nmethod 4443 0x0000027d56a62010 code [0x0000027d56a621a0, 0x0000027d56a62258]
Event: 18.111 Thread 0x0000027d625f0890 4441       1       sun.reflect.generics.tree.Wildcard::getUpperBounds (5 bytes)
Event: 18.111 Thread 0x0000027d625f0890 nmethod 4441 0x0000027d56a62310 code [0x0000027d56a624a0, 0x0000027d56a62578]
Event: 18.130 Thread 0x0000027d625f0890 4444       3       sun.reflect.generics.tree.BottomSignature::make (4 bytes)
Event: 18.130 Thread 0x0000027d625f0890 nmethod 4444 0x0000027d4f5c3c90 code [0x0000027d4f5c3e20, 0x0000027d4f5c3f18]
Event: 18.131 Thread 0x0000027d625f0890 4445       3       org.objectweb.asm.Type::getSize (86 bytes)
Event: 18.132 Thread 0x0000027d625f0890 nmethod 4445 0x0000027d4f5c3f90 code [0x0000027d4f5c4140, 0x0000027d4f5c44c8]
Event: 18.140 Thread 0x0000027d625f0890 4446       3       org.gradle.internal.instantiation.generator.AbstractClassGenerator$NamePropertyHandler::visitProperty (13 bytes)
Event: 18.140 Thread 0x0000027d625f0890 nmethod 4446 0x0000027d4f5c4590 code [0x0000027d4f5c4740, 0x0000027d4f5c4968]
Event: 18.140 Thread 0x0000027d625f0890 4447       3       org.gradle.internal.instantiation.generator.AbstractClassGenerator$ManagedPropertiesHandler::visitProperty (37 bytes)
Event: 18.141 Thread 0x0000027d625f0890 nmethod 4447 0x0000027d4f5c4a90 code [0x0000027d4f5c4cc0, 0x0000027d4f5c5368]
Event: 18.141 Thread 0x0000027d625f0890 4448       3       org.gradle.internal.instantiation.generator.AbstractClassGenerator::access$1800 (5 bytes)
Event: 18.142 Thread 0x0000027d625f0890 nmethod 4448 0x0000027d4f5c5610 code [0x0000027d4f5c5820, 0x0000027d4f5c5e08]
Event: 18.142 Thread 0x0000027d625f0890 4449       3       org.gradle.internal.instantiation.generator.AbstractClassGenerator::isEagerAttachProperty (30 bytes)
Event: 18.142 Thread 0x0000027d625f0890 nmethod 4449 0x0000027d4f5c6010 code [0x0000027d4f5c6220, 0x0000027d4f5c67a8]
Event: 18.142 Thread 0x0000027d625f0890 4450       3       org.gradle.internal.instantiation.generator.AbstractClassGenerator::access$1900 (5 bytes)
Event: 18.142 Thread 0x0000027d625f0890 nmethod 4450 0x0000027d4f5c6990 code [0x0000027d4f5c6b60, 0x0000027d4f5c6e38]
Event: 18.142 Thread 0x0000027d625f0890 4451       3       com.google.common.collect.ImmutableList$Builder::<init> (18 bytes)
Event: 18.142 Thread 0x0000027d625f0890 nmethod 4451 0x0000027d4f5c6f90 code [0x0000027d4f5c7140, 0x0000027d4f5c7418]

GC Heap History (10 events):
Event: 1.404 GC heap before
{Heap before GC invocations=0 (full 0):
 garbage-first heap   total 262144K, used 22528K [0x00000000e0000000, 0x0000000100000000)
  region size 1024K, 23 young (23552K), 0 survivors (0K)
 Metaspace       used 1085K, committed 1216K, reserved 393216K
  class space    used 73K, committed 128K, reserved 327680K
}
Event: 1.450 GC heap after
{Heap after GC invocations=1 (full 0):
 garbage-first heap   total 262144K, used 3315K [0x00000000e0000000, 0x0000000100000000)
  region size 1024K, 3 young (3072K), 3 survivors (3072K)
 Metaspace       used 1085K, committed 1216K, reserved 393216K
  class space    used 73K, committed 128K, reserved 327680K
}
Event: 3.323 GC heap before
{Heap before GC invocations=1 (full 0):
 garbage-first heap   total 262144K, used 40179K [0x00000000e0000000, 0x0000000100000000)
  region size 1024K, 37 young (37888K), 3 survivors (3072K)
 Metaspace       used 4383K, committed 4544K, reserved 393216K
  class space    used 546K, committed 640K, reserved 327680K
}
Event: 3.329 GC heap after
{Heap after GC invocations=2 (full 0):
 garbage-first heap   total 262144K, used 10675K [0x00000000e0000000, 0x0000000100000000)
  region size 1024K, 5 young (5120K), 5 survivors (5120K)
 Metaspace       used 4383K, committed 4544K, reserved 393216K
  class space    used 546K, committed 640K, reserved 327680K
}
Event: 5.034 GC heap before
{Heap before GC invocations=2 (full 0):
 garbage-first heap   total 262144K, used 59827K [0x00000000e0000000, 0x0000000100000000)
  region size 1024K, 51 young (52224K), 5 survivors (5120K)
 Metaspace       used 4925K, committed 5184K, reserved 393216K
  class space    used 638K, committed 768K, reserved 327680K
}
Event: 5.041 GC heap after
{Heap after GC invocations=3 (full 0):
 garbage-first heap   total 262144K, used 16078K [0x00000000e0000000, 0x0000000100000000)
  region size 1024K, 5 young (5120K), 5 survivors (5120K)
 Metaspace       used 4925K, committed 5184K, reserved 393216K
  class space    used 638K, committed 768K, reserved 327680K
}
Event: 12.781 GC heap before
{Heap before GC invocations=3 (full 0):
 garbage-first heap   total 262144K, used 124622K [0x00000000e0000000, 0x0000000100000000)
  region size 1024K, 112 young (114688K), 5 survivors (5120K)
 Metaspace       used 21149K, committed 21504K, reserved 393216K
  class space    used 3097K, committed 3264K, reserved 327680K
}
Event: 12.804 GC heap after
{Heap after GC invocations=4 (full 0):
 garbage-first heap   total 262144K, used 23270K [0x00000000e0000000, 0x0000000100000000)
  region size 1024K, 12 young (12288K), 12 survivors (12288K)
 Metaspace       used 21149K, committed 21504K, reserved 393216K
  class space    used 3097K, committed 3264K, reserved 327680K
}
Event: 17.232 GC heap before
{Heap before GC invocations=5 (full 0):
 garbage-first heap   total 262144K, used 145126K [0x00000000e0000000, 0x0000000100000000)
  region size 1024K, 128 young (131072K), 12 survivors (12288K)
 Metaspace       used 35559K, committed 35968K, reserved 393216K
  class space    used 4950K, committed 5120K, reserved 327680K
}
Event: 17.251 GC heap after
{Heap after GC invocations=6 (full 0):
 garbage-first heap   total 262144K, used 31903K [0x00000000e0000000, 0x0000000100000000)
  region size 1024K, 16 young (16384K), 16 survivors (16384K)
 Metaspace       used 35559K, committed 35968K, reserved 393216K
  class space    used 4950K, committed 5120K, reserved 327680K
}

Dll operation events (15 events):
Event: 0.014 Loaded shared library C:\Users\Administrator\.jdks\corretto-17.0.14-1\bin\java.dll
Event: 0.085 Loaded shared library C:\Users\Administrator\.jdks\corretto-17.0.14-1\bin\jsvml.dll
Event: 0.416 Loaded shared library C:\Users\Administrator\.jdks\corretto-17.0.14-1\bin\zip.dll
Event: 0.420 Loaded shared library C:\Users\Administrator\.jdks\corretto-17.0.14-1\bin\instrument.dll
Event: 0.427 Loaded shared library C:\Users\Administrator\.jdks\corretto-17.0.14-1\bin\net.dll
Event: 0.429 Loaded shared library C:\Users\Administrator\.jdks\corretto-17.0.14-1\bin\nio.dll
Event: 0.432 Loaded shared library C:\Users\Administrator\.jdks\corretto-17.0.14-1\bin\zip.dll
Event: 1.202 Loaded shared library C:\Users\Administrator\.jdks\corretto-17.0.14-1\bin\jimage.dll
Event: 1.605 Loaded shared library C:\Users\Administrator\.jdks\corretto-17.0.14-1\bin\verify.dll
Event: 2.178 Loaded shared library C:\Users\Administrator\.gradle\native\1def1411415f61bf3af743bc5b6707747c0891f09f0c88961ee8f79bc544acac\windows-amd64\native-platform.dll
Event: 2.220 Loaded shared library C:\Users\Administrator\.gradle\native\0.2.6\x86_64-windows-gnu\gradle-fileevents.dll
Event: 5.779 Loaded shared library C:\Users\Administrator\.jdks\corretto-17.0.14-1\bin\management.dll
Event: 5.789 Loaded shared library C:\Users\Administrator\.jdks\corretto-17.0.14-1\bin\management_ext.dll
Event: 6.583 Loaded shared library C:\Users\Administrator\.jdks\corretto-17.0.14-1\bin\extnet.dll
Event: 7.138 Loaded shared library C:\Users\Administrator\.jdks\corretto-17.0.14-1\bin\sunmscapi.dll

Deoptimization events (20 events):
Event: 16.828 Thread 0x0000027d6296d970 Uncommon trap: trap_request=0xffffffcc fr.pc=0x0000027d56a33d68 relative=0x0000000000000348
Event: 16.828 Thread 0x0000027d6296d970 Uncommon trap: reason=intrinsic_or_type_checked_inlining action=make_not_entrant pc=0x0000027d56a33d68 method=java.util.Arrays.copyOf([Ljava/lang/Object;ILjava/lang/Class;)[Ljava/lang/Object; @ 35 c2
Event: 16.828 Thread 0x0000027d6296d970 DEOPT PACKING pc=0x0000027d56a33d68 sp=0x000000b5f22f64a0
Event: 16.828 Thread 0x0000027d6296d970 DEOPT UNPACKING pc=0x0000027d5626a1a3 sp=0x000000b5f22f6430 mode 2
Event: 17.049 Thread 0x0000027d6296d970 Uncommon trap: trap_request=0xffffff45 fr.pc=0x0000027d569e61e8 relative=0x00000000000001a8
Event: 17.049 Thread 0x0000027d6296d970 Uncommon trap: reason=unstable_if action=reinterpret pc=0x0000027d569e61e8 method=java.util.regex.Pattern$BmpCharProperty.match(Ljava/util/regex/Matcher;ILjava/lang/CharSequence;)Z @ 39 c2
Event: 17.049 Thread 0x0000027d6296d970 DEOPT PACKING pc=0x0000027d569e61e8 sp=0x000000b5f22f67f0
Event: 17.049 Thread 0x0000027d6296d970 DEOPT UNPACKING pc=0x0000027d5626a1a3 sp=0x000000b5f22f67a0 mode 2
Event: 17.378 Thread 0x0000027d6296d970 Uncommon trap: trap_request=0xffffff45 fr.pc=0x0000027d56a3f424 relative=0x00000000000038e4
Event: 17.378 Thread 0x0000027d6296d970 Uncommon trap: reason=unstable_if action=reinterpret pc=0x0000027d56a3f424 method=org.objectweb.asm.Frame.push(I)V @ 26 c2
Event: 17.378 Thread 0x0000027d6296d970 DEOPT PACKING pc=0x0000027d56a3f424 sp=0x000000b5f22f6b70
Event: 17.378 Thread 0x0000027d6296d970 DEOPT UNPACKING pc=0x0000027d5626a1a3 sp=0x000000b5f22f6a98 mode 2
Event: 17.418 Thread 0x0000027d6296d970 Uncommon trap: trap_request=0xffffff3d fr.pc=0x0000027d56a24e88 relative=0x0000000000000ce8
Event: 17.418 Thread 0x0000027d6296d970 Uncommon trap: reason=unstable_fused_if action=reinterpret pc=0x0000027d56a24e88 method=org.objectweb.asm.ByteVector.putUTF8(Ljava/lang/String;)Lorg/objectweb/asm/ByteVector; @ 93 c2
Event: 17.418 Thread 0x0000027d6296d970 DEOPT PACKING pc=0x0000027d56a24e88 sp=0x000000b5f22f6000
Event: 17.418 Thread 0x0000027d6296d970 DEOPT UNPACKING pc=0x0000027d5626a1a3 sp=0x000000b5f22f5f58 mode 2
Event: 17.906 Thread 0x0000027d6296d970 Uncommon trap: trap_request=0xffffff45 fr.pc=0x0000027d569fa238 relative=0x0000000000000118
Event: 17.906 Thread 0x0000027d6296d970 Uncommon trap: reason=unstable_if action=reinterpret pc=0x0000027d569fa238 method=java.util.Arrays.hashCode([Ljava/lang/Object;)I @ 34 c2
Event: 17.906 Thread 0x0000027d6296d970 DEOPT PACKING pc=0x0000027d569fa238 sp=0x000000b5f22f7f00
Event: 17.906 Thread 0x0000027d6296d970 DEOPT UNPACKING pc=0x0000027d5626a1a3 sp=0x000000b5f22f7e78 mode 2

Classes loaded (20 events):
Event: 16.091 Loading class java/util/function/IntBinaryOperator
Event: 16.091 Loading class java/util/function/IntBinaryOperator done
Event: 16.334 Loading class java/lang/invoke/SerializedLambda
Event: 16.334 Loading class java/lang/invoke/SerializedLambda done
Event: 16.391 Loading class java/lang/SafeVarargs
Event: 16.391 Loading class java/lang/SafeVarargs done
Event: 16.652 Loading class jdk/internal/reflect/UnsafeStaticIntegerFieldAccessorImpl
Event: 16.659 Loading class jdk/internal/reflect/UnsafeStaticIntegerFieldAccessorImpl done
Event: 17.152 Loading class java/util/concurrent/LinkedBlockingDeque$Itr
Event: 17.154 Loading class java/util/concurrent/LinkedBlockingDeque$AbstractItr
Event: 17.154 Loading class java/util/concurrent/LinkedBlockingDeque$AbstractItr done
Event: 17.154 Loading class java/util/concurrent/LinkedBlockingDeque$Itr done
Event: 17.672 Loading class java/util/ArrayList$ListItr
Event: 17.672 Loading class java/util/ArrayList$ListItr done
Event: 17.946 Loading class java/util/PrimitiveIterator$OfInt
Event: 17.946 Loading class java/util/PrimitiveIterator
Event: 17.946 Loading class java/util/PrimitiveIterator done
Event: 17.946 Loading class java/util/PrimitiveIterator$OfInt done
Event: 17.951 Loading class java/util/concurrent/RecursiveAction
Event: 17.951 Loading class java/util/concurrent/RecursiveAction done

Classes unloaded (0 events):
No events

Classes redefined (0 events):
No events

Internal exceptions (20 events):
Event: 16.953 Thread 0x0000027d6296d970 Exception <a 'java/lang/NoSuchMethodError'{0x00000000e9113860}: 'java.lang.Object java.lang.invoke.DirectMethodHandle$Holder.invokeSpecial(java.lang.Object, java.lang.Object, java.lang.Object, java.lang.Object, java.lang.Object, java.lang.Object, java.lang.Object, java.lang.Object, java.lang.Object, java.lang.Object, java.lang.Object, java.lang.Object, java.lang.Object)'> (0x00000000e9113860) 
thrown [s\src\hotspot\share\interpreter\linkResolver.cpp, line 759]
Event: 16.953 Thread 0x0000027d6296d970 Exception <a 'java/lang/NoSuchMethodError'{0x00000000e9119328}: 'java.lang.Object java.lang.invoke.Invokers$Holder.linkToTargetMethod(java.lang.Object, java.lang.Object, java.lang.Object, java.lang.Object, java.lang.Object, java.lang.Object, java.lang.Object, java.lang.Object, java.lang.Object, java.lang.Object, java.lang.Object, java.lang.Object)'> (0x00000000e9119328) 
thrown [s\src\hotspot\share\interpreter\linkResolver.cpp, line 759]
Event: 17.564 Thread 0x0000027d6296d970 Exception <a 'java/lang/NoSuchMethodError'{0x00000000ef957dc8}: 'java.lang.Object java.lang.invoke.DirectMethodHandle$Holder.newInvokeSpecial(java.lang.Object, java.lang.Object, java.lang.Object, java.lang.Object, int)'> (0x00000000ef957dc8) 
thrown [s\src\hotspot\share\interpreter\linkResolver.cpp, line 759]
Event: 17.565 Thread 0x0000027d6296d970 Exception <a 'java/lang/NoSuchMethodError'{0x00000000ef95d038}: 'java.lang.Object java.lang.invoke.DirectMethodHandle$Holder.invokeSpecial(java.lang.Object, java.lang.Object, java.lang.Object, java.lang.Object, java.lang.Object, int)'> (0x00000000ef95d038) 
thrown [s\src\hotspot\share\interpreter\linkResolver.cpp, line 759]
Event: 17.565 Thread 0x0000027d6296d970 Exception <a 'java/lang/NoSuchMethodError'{0x00000000ef961a68}: 'java.lang.Object java.lang.invoke.Invokers$Holder.linkToTargetMethod(java.lang.Object, java.lang.Object, java.lang.Object, int, java.lang.Object)'> (0x00000000ef961a68) 
thrown [s\src\hotspot\share\interpreter\linkResolver.cpp, line 759]
Event: 17.652 Thread 0x0000027d6296d970 Exception <a 'java/lang/NoSuchMethodError'{0x00000000ef753260}: 'void java.lang.invoke.DirectMethodHandle$Holder.invokeSpecial(java.lang.Object, java.lang.Object, java.lang.Object, java.lang.Object, java.lang.Object, java.lang.Object)'> (0x00000000ef753260) 
thrown [s\src\hotspot\share\interpreter\linkResolver.cpp, line 759]
Event: 17.684 Thread 0x0000027d6296d970 Exception <a 'java/lang/NoSuchMethodError'{0x00000000ef646960}: 'int java.lang.invoke.DirectMethodHandle$Holder.invokeInterface(java.lang.Object, java.lang.Object, java.lang.Object, java.lang.Object)'> (0x00000000ef646960) 
thrown [s\src\hotspot\share\interpreter\linkResolver.cpp, line 759]
Event: 17.755 Thread 0x0000027d6296d970 Exception <a 'java/lang/NoSuchMethodError'{0x00000000ef4def50}: 'java.lang.Object java.lang.invoke.DirectMethodHandle$Holder.invokeStatic(java.lang.Object, long, java.lang.Object)'> (0x00000000ef4def50) 
thrown [s\src\hotspot\share\interpreter\linkResolver.cpp, line 759]
Event: 17.756 Thread 0x0000027d6296d970 Exception <a 'java/lang/NoSuchMethodError'{0x00000000ef4e7050}: 'java.lang.Object java.lang.invoke.DirectMethodHandle$Holder.newInvokeSpecial(java.lang.Object, long)'> (0x00000000ef4e7050) 
thrown [s\src\hotspot\share\interpreter\linkResolver.cpp, line 759]
Event: 17.767 Thread 0x0000027d6296d970 Exception <a 'java/lang/NoSuchMethodError'{0x00000000ef3596e0}: 'java.lang.Object java.lang.invoke.Invokers$Holder.linkToTargetMethod(java.lang.Object, java.lang.Object, java.lang.Object, java.lang.Object, long, java.lang.Object, java.lang.Object)'> (0x00000000ef3596e0) 
thrown [s\src\hotspot\share\interpreter\linkResolver.cpp, line 759]
Event: 17.773 Thread 0x0000027d6296d970 Exception <a 'java/lang/NoSuchMethodError'{0x00000000ef3a0168}: 'java.lang.Object java.lang.invoke.DirectMethodHandle$Holder.newInvokeSpecial(java.lang.Object, java.lang.Object, java.lang.Object, long, java.lang.Object)'> (0x00000000ef3a0168) 
thrown [s\src\hotspot\share\interpreter\linkResolver.cpp, line 759]
Event: 17.774 Thread 0x0000027d6296d970 Exception <a 'java/lang/NoSuchMethodError'{0x00000000ef3a52e0}: 'java.lang.Object java.lang.invoke.DirectMethodHandle$Holder.invokeSpecial(java.lang.Object, java.lang.Object, java.lang.Object, java.lang.Object, long, java.lang.Object)'> (0x00000000ef3a52e0) 
thrown [s\src\hotspot\share\interpreter\linkResolver.cpp, line 759]
Event: 17.774 Thread 0x0000027d6296d970 Exception <a 'java/lang/NoSuchMethodError'{0x00000000ef3a9b10}: 'java.lang.Object java.lang.invoke.Invokers$Holder.linkToTargetMethod(java.lang.Object, java.lang.Object, long, java.lang.Object, java.lang.Object)'> (0x00000000ef3a9b10) 
thrown [s\src\hotspot\share\interpreter\linkResolver.cpp, line 759]
Event: 17.906 Thread 0x0000027d6296d970 Implicit null exception at 0x0000027d569fa16c to 0x0000027d569fa21c
Event: 17.962 Thread 0x0000027d6296d970 Exception <a 'java/lang/ClassNotFoundException'{0x00000000eed73a30}: org/gradle/api/internal/artifacts/dsl/dependencies/DefaultDependencyHandler_DecoratedBeanInfo> (0x00000000eed73a30) 
thrown [s\src\hotspot\share\classfile\systemDictionary.cpp, line 256]
Event: 17.963 Thread 0x0000027d6296d970 Exception <a 'java/lang/ClassNotFoundException'{0x00000000eed89ab0}: org/gradle/api/internal/artifacts/dsl/dependencies/DefaultDependencyHandlerBeanInfo> (0x00000000eed89ab0) 
thrown [s\src\hotspot\share\classfile\systemDictionary.cpp, line 256]
Event: 17.964 Thread 0x0000027d6296d970 Exception <a 'java/lang/ClassNotFoundException'{0x00000000eed9f850}: org/gradle/api/internal/artifacts/dsl/dependencies/DefaultDependencyHandlerCustomizer> (0x00000000eed9f850) 
thrown [s\src\hotspot\share\classfile\systemDictionary.cpp, line 256]
Event: 17.973 Thread 0x0000027d6296d970 Exception <a 'java/lang/ClassNotFoundException'{0x00000000eedeaf98}: org/gradle/api/internal/artifacts/dsl/dependencies/DefaultDependencyHandler_DecoratedCustomizer> (0x00000000eedeaf98) 
thrown [s\src\hotspot\share\classfile\systemDictionary.cpp, line 256]
Event: 17.994 Thread 0x0000027d6296d970 Exception <a 'java/lang/ClassNotFoundException'{0x00000000eec30f00}: ijJvmDebugger1_9g0qofofwcyj7zv76ipfztsnh$_run_closure1BeanInfo> (0x00000000eec30f00) 
thrown [s\src\hotspot\share\classfile\systemDictionary.cpp, line 256]
Event: 18.062 Thread 0x0000027d6296d970 Exception <a 'java/lang/ClassNotFoundException'{0x00000000eec37880}: ijJvmDebugger1_9g0qofofwcyj7zv76ipfztsnh$_run_closure1Customizer> (0x00000000eec37880) 
thrown [s\src\hotspot\share\classfile\systemDictionary.cpp, line 256]

VM Operations (20 events):
Event: 15.007 Executing VM operation: Cleanup
Event: 15.007 Executing VM operation: Cleanup done
Event: 15.259 Executing VM operation: HandshakeAllThreads
Event: 15.259 Executing VM operation: HandshakeAllThreads done
Event: 15.802 Executing VM operation: ICBufferFull
Event: 15.802 Executing VM operation: ICBufferFull done
Event: 16.367 Executing VM operation: HandshakeAllThreads
Event: 16.367 Executing VM operation: HandshakeAllThreads done
Event: 17.232 Executing VM operation: CollectForMetadataAllocation
Event: 17.251 Executing VM operation: CollectForMetadataAllocation done
Event: 17.266 Executing VM operation: G1PauseRemark
Event: 17.270 Executing VM operation: G1PauseRemark done
Event: 17.274 Executing VM operation: G1PauseCleanup
Event: 17.289 Executing VM operation: G1PauseCleanup done
Event: 17.492 Executing VM operation: HandshakeAllThreads
Event: 17.492 Executing VM operation: HandshakeAllThreads done
Event: 17.673 Executing VM operation: HandshakeAllThreads
Event: 17.673 Executing VM operation: HandshakeAllThreads done
Event: 17.683 Executing VM operation: HandshakeAllThreads
Event: 17.683 Executing VM operation: HandshakeAllThreads done

Memory protections (0 events):
No events

Nmethod flushes (0 events):
No events

Events (20 events):
Event: 7.379 Thread 0x0000027d6296d970 Thread added: 0x0000027d6296ca40
Event: 8.807 Thread 0x0000027d6296d970 Thread added: 0x0000027d6296cf50
Event: 8.912 Thread 0x0000027d6296d970 Thread added: 0x0000027d6296d460
Event: 9.043 Thread 0x0000027d6296d970 Thread added: 0x0000027d6296de80
Event: 10.324 Thread 0x0000027d6296d460 Thread added: 0x0000027d6296e390
Event: 12.382 Thread 0x0000027d625f0890 Thread added: 0x0000027d7e1693a0
Event: 12.496 Thread 0x0000027d6296d970 Thread added: 0x0000027d6296edb0
Event: 12.549 Thread 0x0000027d6296d970 Thread added: 0x0000027d6296f2c0
Event: 13.065 Thread 0x0000027d6296d970 Thread added: 0x0000027d6294fec0
Event: 13.079 Thread 0x0000027d6296d970 Thread added: 0x0000027d62948f60
Event: 13.531 Thread 0x0000027d7e1693a0 Thread exited: 0x0000027d7e1693a0
Event: 13.649 Thread 0x0000027d625f0890 Thread added: 0x0000027d7e4f6f60
Event: 13.769 Thread 0x0000027d6296d970 Thread added: 0x0000027d6294f9b0
Event: 13.835 Thread 0x0000027d6296d970 Thread added: 0x0000027d6294ea80
Event: 15.056 Thread 0x0000027d7e4f6f60 Thread exited: 0x0000027d7e4f6f60
Event: 15.538 Thread 0x0000027d6296d970 Thread added: 0x0000027d6294e570
Event: 15.658 Thread 0x0000027d6296d970 Thread added: 0x0000027d6294c710
Event: 16.044 Thread 0x0000027d6296d970 Thread added: 0x0000027d62949980
Event: 16.799 Thread 0x0000027d6296d970 Thread added: 0x0000027d6294b7e0
Event: 16.959 Thread 0x0000027d6296d970 Thread added: 0x0000027d6294d130


Dynamic libraries:
0x00007ff70f080000 - 0x00007ff70f08e000 	C:\Users\Administrator\.jdks\corretto-17.0.14-1\bin\java.exe
0x00007ff8decf0000 - 0x00007ff8deee8000 	C:\Windows\SYSTEM32\ntdll.dll
0x00007ff8dd570000 - 0x00007ff8dd632000 	C:\Windows\System32\KERNEL32.DLL
0x00007ff8dc3b0000 - 0x00007ff8dc6a6000 	C:\Windows\System32\KERNELBASE.dll
0x00007ff8dcb80000 - 0x00007ff8dcc80000 	C:\Windows\System32\ucrtbase.dll
0x00007ff8d43e0000 - 0x00007ff8d43f7000 	C:\Users\Administrator\.jdks\corretto-17.0.14-1\bin\jli.dll
0x00007ff8de840000 - 0x00007ff8de9dd000 	C:\Windows\System32\USER32.dll
0x00007ff8dcaa0000 - 0x00007ff8dcac2000 	C:\Windows\System32\win32u.dll
0x00007ff8dcd10000 - 0x00007ff8dcd3b000 	C:\Windows\System32\GDI32.dll
0x00007ff8dc700000 - 0x00007ff8dc81a000 	C:\Windows\System32\gdi32full.dll
0x00007ff8dc980000 - 0x00007ff8dca1d000 	C:\Windows\System32\msvcp_win.dll
0x00007ff8d3c60000 - 0x00007ff8d3c7b000 	C:\Users\Administrator\.jdks\corretto-17.0.14-1\bin\VCRUNTIME140.dll
0x00007ff8bfe30000 - 0x00007ff8c00ca000 	C:\Windows\WinSxS\amd64_microsoft.windows.common-controls_6595b64144ccf1df_6.0.19041.4355_none_60b8b9eb71f62e16\COMCTL32.dll
0x00007ff8de9e0000 - 0x00007ff8dea7e000 	C:\Windows\System32\msvcrt.dll
0x00007ff8de0c0000 - 0x00007ff8de0ef000 	C:\Windows\System32\IMM32.DLL
0x00007ff8d3c50000 - 0x00007ff8d3c5c000 	C:\Users\Administrator\.jdks\corretto-17.0.14-1\bin\vcruntime140_1.dll
0x00007ff8d3560000 - 0x00007ff8d35ed000 	C:\Users\Administrator\.jdks\corretto-17.0.14-1\bin\msvcp140.dll
0x00007ff86bae0000 - 0x00007ff86c74c000 	C:\Users\Administrator\.jdks\corretto-17.0.14-1\bin\server\jvm.dll
0x00007ff8dcd50000 - 0x00007ff8dcdff000 	C:\Windows\System32\ADVAPI32.dll
0x00007ff8dde80000 - 0x00007ff8ddf1f000 	C:\Windows\System32\sechost.dll
0x00007ff8dd720000 - 0x00007ff8dd843000 	C:\Windows\System32\RPCRT4.dll
0x00007ff8dc380000 - 0x00007ff8dc3a7000 	C:\Windows\System32\bcrypt.dll
0x00007ff8de2b0000 - 0x00007ff8de31b000 	C:\Windows\System32\WS2_32.dll
0x00007ff8db880000 - 0x00007ff8db8cb000 	C:\Windows\SYSTEM32\POWRPROF.dll
0x00007ff8be380000 - 0x00007ff8be3a7000 	C:\Windows\SYSTEM32\WINMM.dll
0x00007ff8d3300000 - 0x00007ff8d330a000 	C:\Windows\SYSTEM32\VERSION.dll
0x00007ff8db740000 - 0x00007ff8db752000 	C:\Windows\SYSTEM32\UMPDC.dll
0x00007ff8da3a0000 - 0x00007ff8da3b2000 	C:\Windows\SYSTEM32\kernel.appcore.dll
0x00007ff8d3550000 - 0x00007ff8d355a000 	C:\Users\Administrator\.jdks\corretto-17.0.14-1\bin\jimage.dll
0x00007ff8d98d0000 - 0x00007ff8d9ab4000 	C:\Windows\SYSTEM32\DBGHELP.DLL
0x00007ff8aea00000 - 0x00007ff8aea34000 	C:\Windows\SYSTEM32\dbgcore.DLL
0x00007ff8dcc80000 - 0x00007ff8dcd02000 	C:\Windows\System32\bcryptPrimitives.dll
0x00007ff8a00d0000 - 0x00007ff8a00de000 	C:\Users\Administrator\.jdks\corretto-17.0.14-1\bin\instrument.dll
0x00007ff8cba40000 - 0x00007ff8cba65000 	C:\Users\Administrator\.jdks\corretto-17.0.14-1\bin\java.dll
0x00007ff8704e0000 - 0x00007ff8705b7000 	C:\Users\Administrator\.jdks\corretto-17.0.14-1\bin\jsvml.dll
0x00007ff8dce00000 - 0x00007ff8dd56f000 	C:\Windows\System32\SHELL32.dll
0x00007ff8da3c0000 - 0x00007ff8dab63000 	C:\Windows\SYSTEM32\windows.storage.dll
0x00007ff8de380000 - 0x00007ff8de6d5000 	C:\Windows\System32\combase.dll
0x00007ff8dbcd0000 - 0x00007ff8dbcfb000 	C:\Windows\SYSTEM32\Wldp.dll
0x00007ff8deae0000 - 0x00007ff8debad000 	C:\Windows\System32\OLEAUT32.dll
0x00007ff8de790000 - 0x00007ff8de83d000 	C:\Windows\System32\SHCORE.dll
0x00007ff8dea80000 - 0x00007ff8dead5000 	C:\Windows\System32\shlwapi.dll
0x00007ff8dc2b0000 - 0x00007ff8dc2d5000 	C:\Windows\SYSTEM32\profapi.dll
0x00007ff8c3570000 - 0x00007ff8c3588000 	C:\Users\Administrator\.jdks\corretto-17.0.14-1\bin\zip.dll
0x00007ff8d33f0000 - 0x00007ff8d3409000 	C:\Users\Administrator\.jdks\corretto-17.0.14-1\bin\net.dll
0x00007ff8d4950000 - 0x00007ff8d4a5a000 	C:\Windows\SYSTEM32\WINHTTP.dll
0x00007ff8dbab0000 - 0x00007ff8dbb1c000 	C:\Windows\system32\mswsock.dll
0x00007ff8cba20000 - 0x00007ff8cba36000 	C:\Users\Administrator\.jdks\corretto-17.0.14-1\bin\nio.dll
0x00007ff89ee80000 - 0x00007ff89ee90000 	C:\Users\Administrator\.jdks\corretto-17.0.14-1\bin\verify.dll
0x00007ff870b60000 - 0x00007ff870b87000 	C:\Users\Administrator\.gradle\native\1def1411415f61bf3af743bc5b6707747c0891f09f0c88961ee8f79bc544acac\windows-amd64\native-platform.dll
0x00007ff870ea0000 - 0x00007ff870f18000 	C:\Users\Administrator\.gradle\native\0.2.6\x86_64-windows-gnu\gradle-fileevents.dll
0x00007ff8a6d60000 - 0x00007ff8a6d69000 	C:\Users\Administrator\.jdks\corretto-17.0.14-1\bin\management.dll
0x00007ff8a5000000 - 0x00007ff8a500b000 	C:\Users\Administrator\.jdks\corretto-17.0.14-1\bin\management_ext.dll
0x00007ff8debb0000 - 0x00007ff8debb8000 	C:\Windows\System32\PSAPI.DLL
0x00007ff8db760000 - 0x00007ff8db79b000 	C:\Windows\SYSTEM32\IPHLPAPI.DLL
0x00007ff8dcd40000 - 0x00007ff8dcd48000 	C:\Windows\System32\NSI.dll
0x00007ff8d3370000 - 0x00007ff8d3387000 	C:\Windows\SYSTEM32\dhcpcsvc6.DLL
0x00007ff8d3350000 - 0x00007ff8d336d000 	C:\Windows\SYSTEM32\dhcpcsvc.DLL
0x00007ff8db7b0000 - 0x00007ff8db87a000 	C:\Windows\SYSTEM32\DNSAPI.dll
0x00007ff8a6fe0000 - 0x00007ff8a6fe9000 	C:\Users\Administrator\.jdks\corretto-17.0.14-1\bin\extnet.dll
0x00007ff8dbd10000 - 0x00007ff8dbd28000 	C:\Windows\SYSTEM32\CRYPTSP.dll
0x00007ff8db380000 - 0x00007ff8db3b8000 	C:\Windows\system32\rsaenh.dll
0x00007ff8dc270000 - 0x00007ff8dc29e000 	C:\Windows\SYSTEM32\USERENV.dll
0x00007ff8dbc40000 - 0x00007ff8dbc4c000 	C:\Windows\SYSTEM32\CRYPTBASE.dll
0x00007ff8a80b0000 - 0x00007ff8a80be000 	C:\Users\Administrator\.jdks\corretto-17.0.14-1\bin\sunmscapi.dll
0x00007ff8dc820000 - 0x00007ff8dc97d000 	C:\Windows\System32\CRYPT32.dll
0x00007ff8dbe20000 - 0x00007ff8dbe47000 	C:\Windows\SYSTEM32\ncrypt.dll
0x00007ff8dbde0000 - 0x00007ff8dbe1b000 	C:\Windows\SYSTEM32\NTASN1.dll
0x00007ff8d3680000 - 0x00007ff8d3687000 	C:\Windows\system32\wshunix.dll

dbghelp: loaded successfully - version: 4.0.5 - missing functions: none
symbol engine: initialized successfully - sym options: 0x614 - pdb path: .;C:\Users\Administrator\.jdks\corretto-17.0.14-1\bin;C:\Windows\SYSTEM32;C:\Windows\WinSxS\amd64_microsoft.windows.common-controls_6595b64144ccf1df_6.0.19041.4355_none_60b8b9eb71f62e16;C:\Users\Administrator\.jdks\corretto-17.0.14-1\bin\server;C:\Users\Administrator\.gradle\native\1def1411415f61bf3af743bc5b6707747c0891f09f0c88961ee8f79bc544acac\windows-amd64;C:\Users\Administrator\.gradle\native\0.2.6\x86_64-windows-gnu

VM Arguments:
jvm_args: --add-opens=java.base/java.lang=ALL-UNNAMED --add-opens=java.base/java.lang.invoke=ALL-UNNAMED --add-opens=java.base/java.util=ALL-UNNAMED --add-opens=java.prefs/java.util.prefs=ALL-UNNAMED --add-exports=jdk.compiler/com.sun.tools.javac.api=ALL-UNNAMED --add-exports=jdk.compiler/com.sun.tools.javac.util=ALL-UNNAMED --add-opens=java.base/java.util=ALL-UNNAMED --add-opens=java.prefs/java.util.prefs=ALL-UNNAMED --add-opens=java.base/java.nio.charset=ALL-UNNAMED --add-opens=java.base/java.net=ALL-UNNAMED --add-opens=java.base/java.util.concurrent.atomic=ALL-UNNAMED --add-opens=java.xml/javax.xml.namespace=ALL-UNNAMED -XX:MaxMetaspaceSize=384m -XX:+HeapDumpOnOutOfMemoryError -Xms256m -Xmx512m -Dfile.encoding=UTF-8 -Duser.country=US -Duser.language=en -Duser.variant -javaagent:C:\Users\Administrator\.gradle\wrapper\dists\gradle-8.12.1-bin\eumc4uhoysa37zql93vfjkxy0\gradle-8.12.1\lib\agents\gradle-instrumentation-agent-8.12.1.jar 
java_command: org.gradle.launcher.daemon.bootstrap.GradleDaemon 8.12.1
java_class_path (initial): C:\Users\Administrator\.gradle\wrapper\dists\gradle-8.12.1-bin\eumc4uhoysa37zql93vfjkxy0\gradle-8.12.1\lib\gradle-daemon-main-8.12.1.jar
Launcher Type: SUN_STANDARD

[Global flags]
     intx CICompilerCount                          = 4                                         {product} {ergonomic}
   size_t CompressedClassSpaceSize                 = 335544320                                 {product} {ergonomic}
     uint ConcGCThreads                            = 2                                         {product} {ergonomic}
     uint G1ConcRefinementThreads                  = 8                                         {product} {ergonomic}
   size_t G1HeapRegionSize                         = 1048576                                   {product} {ergonomic}
    uintx GCDrainStackTargetSize                   = 64                                        {product} {ergonomic}
     bool HeapDumpOnOutOfMemoryError               = true                                   {manageable} {command line}
   size_t InitialHeapSize                          = 268435456                                 {product} {command line}
   size_t MarkStackSize                            = 4194304                                   {product} {ergonomic}
   size_t MaxHeapSize                              = 536870912                                 {product} {command line}
   size_t MaxMetaspaceSize                         = 402653184                                 {product} {command line}
   size_t MaxNewSize                               = 321912832                                 {product} {ergonomic}
   size_t MinHeapDeltaBytes                        = 1048576                                   {product} {ergonomic}
   size_t MinHeapSize                              = 268435456                                 {product} {command line}
    uintx NonNMethodCodeHeapSize                   = 5839372                                {pd product} {ergonomic}
    uintx NonProfiledCodeHeapSize                  = 122909434                              {pd product} {ergonomic}
    uintx ProfiledCodeHeapSize                     = 122909434                              {pd product} {ergonomic}
    uintx ReservedCodeCacheSize                    = 251658240                              {pd product} {ergonomic}
     bool SegmentedCodeCache                       = true                                      {product} {ergonomic}
   size_t SoftMaxHeapSize                          = 536870912                              {manageable} {ergonomic}
     bool UseCompressedClassPointers               = true                           {product lp64_product} {ergonomic}
     bool UseCompressedOops                        = true                           {product lp64_product} {ergonomic}
     bool UseG1GC                                  = true                                      {product} {ergonomic}
     bool UseLargePagesIndividualAllocation        = false                                  {pd product} {ergonomic}

Logging:
Log output configuration:
 #0: stdout all=warning uptime,level,tags
 #1: stderr all=off uptime,level,tags

Environment Variables:
PATH=c:\Users\Administrator\AppData\Local\Programs\cursor\resources\app\bin;C:\Windows\system32;C:\Windows;C:\Windows\System32\Wbem;C:\Windows\System32\WindowsPowerShell\v1.0\;D:\Program Files\Git\cmd;D:\Program Files\nodejs\;C:\Program Files\Docker\Docker\resources\bin;C:\Users\Administrator\AppData\Local\Microsoft\WindowsApps;C:\Users\Administrator\AppData\Roaming\npm;C:\Users\Administrator\AppData\Local\Programs\cursor\resources\app\bin;c:\Users\Administrator\AppData\Local\Programs\cursor\resources\app\bin;D:\Program Files\PuTTY\;C:\xampp8\php;C:\ProgramData\ComposerSetup\bin;C:\Users\Administrator\AppData\Local\Microsoft\WindowsApps;C:\Users\Administrator\AppData\Roaming\npm;C:\Users\Administrator\AppData\Local\Programs\Microsoft VS Code\bin;C:\Users\Administrator\AppData\Roaming\Composer\vendor\bin;C:\Users\Administrator\AppData\Local\Programs\cursor\resources\app\bin
USERNAME=Administrator
OS=Windows_NT
PROCESSOR_IDENTIFIER=Intel64 Family 6 Model 140 Stepping 1, GenuineIntel
TMP=C:\Users\ADMINI~1\AppData\Local\Temp
TEMP=C:\Users\ADMINI~1\AppData\Local\Temp



Periodic native trim disabled


---------------  S Y S T E M  ---------------

OS:
 Windows 10 , 64 bit Build 19041 (10.0.19041.5678)
OS uptime: 3 days 8:36 hours
Hyper-V role detected

CPU: total 8 (initial active 8) (4 cores per cpu, 2 threads per core) family 6 model 140 stepping 1 microcode 0xac, cx8, cmov, fxsr, ht, mmx, 3dnowpref, sse, sse2, sse3, ssse3, sse4.1, sse4.2, popcnt, lzcnt, tsc, tscinvbit, avx, avx2, aes, erms, clmul, bmi1, bmi2, adx, avx512f, avx512dq, avx512cd, avx512bw, avx512vl, sha, fma, vzeroupper, avx512_vpopcntdq, avx512_vpclmulqdq, avx512_vaes, avx512_vnni, clflush, clflushopt, clwb, avx512_vbmi2, avx512_vbmi, hv
Processor Information for all 8 processors :
  Max Mhz: 2419, Current Mhz: 2419, Mhz Limit: 2419

Memory: 4k page, system-wide physical 16149M (344M free)
TotalPageFile size 28650M (AvailPageFile size 6M)
current process WorkingSet (physical memory assigned to process): 310M, peak: 310M
current process commit charge ("private bytes"): 444M, peak: 456M

vm_info: OpenJDK 64-Bit Server VM (17.0.14+7-LTS) for windows-amd64 JRE (17.0.14+7-LTS), built on Jan  7 2025 20:14:24 by "Administrator" with MS VC++ 16.10 / 16.11 (VS2019)

END.
