#
# There is insufficient memory for the Java Runtime Environment to continue.
# Native memory allocation (malloc) failed to allocate 262160 bytes. Error detail: Chunk::new
# Possible reasons:
#   The system is out of physical RAM or swap space
#   This process is running with CompressedOops enabled, and the Java Heap may be blocking the growth of the native heap
# Possible solutions:
#   Reduce memory load on the system
#   Increase physical memory or swap space
#   Check if swap backing store is full
#   Decrease Java heap size (-Xmx/-Xms)
#   Decrease number of Java threads
#   Decrease Java thread stack sizes (-Xss)
#   Set larger code cache with -XX:ReservedCodeCacheSize=
#   JVM is running with Unscaled Compressed Oops mode in which the Java heap is
#     placed in the first 4GB address space. The Java Heap base address is the
#     maximum limit for the native heap growth. Please use -XX:HeapBaseMinAddress
#     to set the Java Heap base and to place the Java Heap above 4GB virtual address.
# This output file may be truncated or incomplete.
#
#  Out of Memory Error (arena.cpp:191), pid=19288, tid=4212
#
# JRE version: OpenJDK Runtime Environment Corretto-17.0.14.7.1 (17.0.14+7) (build 17.0.14+7-LTS)
# Java VM: OpenJDK 64-Bit Server VM Corretto-17.0.14.7.1 (17.0.14+7-LTS, mixed mode, sharing, tiered, compressed oops, compressed class ptrs, g1 gc, windows-amd64)
# No core dump will be written. Minidumps are not enabled by default on client versions of Windows
#

---------------  S U M M A R Y ------------

Command Line: --add-opens=java.base/java.lang=ALL-UNNAMED --add-opens=java.base/java.lang.invoke=ALL-UNNAMED --add-opens=java.base/java.util=ALL-UNNAMED --add-opens=java.prefs/java.util.prefs=ALL-UNNAMED --add-exports=jdk.compiler/com.sun.tools.javac.api=ALL-UNNAMED --add-exports=jdk.compiler/com.sun.tools.javac.util=ALL-UNNAMED --add-opens=java.base/java.util=ALL-UNNAMED --add-opens=java.prefs/java.util.prefs=ALL-UNNAMED --add-opens=java.base/java.nio.charset=ALL-UNNAMED --add-opens=java.base/java.net=ALL-UNNAMED --add-opens=java.base/java.util.concurrent.atomic=ALL-UNNAMED --add-opens=java.xml/javax.xml.namespace=ALL-UNNAMED -XX:MaxMetaspaceSize=384m -XX:+HeapDumpOnOutOfMemoryError -Xms256m -Xmx512m -Dfile.encoding=UTF-8 -Duser.country=US -Duser.language=en -Duser.variant -javaagent:C:\Users\Administrator\.gradle\wrapper\dists\gradle-8.12.1-bin\eumc4uhoysa37zql93vfjkxy0\gradle-8.12.1\lib\agents\gradle-instrumentation-agent-8.12.1.jar org.gradle.launcher.daemon.bootstrap.GradleDaemon 8.12.1

Host: 11th Gen Intel(R) Core(TM) i5-1135G7 @ 2.40GHz, 8 cores, 15G,  Windows 10 , 64 bit Build 19041 (10.0.19041.5678)
Time: Mon Jun 16 19:37:07 2025 SE Asia Standard Time elapsed time: 33.614875 seconds (0d 0h 0m 33s)

---------------  T H R E A D  ---------------

Current thread (0x000001cef6c2b1e0):  JavaThread "C2 CompilerThread1" daemon [_thread_in_native, id=4212, stack(0x0000005d53700000,0x0000005d53800000)]


Current CompileTask:
C2:  33614 6920   !   4       com.sun.beans.TypeResolver::resolve (264 bytes)

Stack: [0x0000005d53700000,0x0000005d53800000]
Native frames: (J=compiled Java code, j=interpreted, Vv=VM code, C=native code)
V  [jvm.dll+0x681069]
V  [jvm.dll+0x838cca]
V  [jvm.dll+0x83a78e]
V  [jvm.dll+0x83adf3]
V  [jvm.dll+0x24826f]
V  [jvm.dll+0xac9f4]
V  [jvm.dll+0xad03c]
V  [jvm.dll+0xacafb]
V  [jvm.dll+0x65e6ac]
V  [jvm.dll+0x60c397]
V  [jvm.dll+0x611bfb]
V  [jvm.dll+0x6129d2]
V  [jvm.dll+0x610f0a]
V  [jvm.dll+0x21a628]
V  [jvm.dll+0x219bf1]
V  [jvm.dll+0x1a599d]
V  [jvm.dll+0x22994d]
V  [jvm.dll+0x227adc]
V  [jvm.dll+0x7edb77]
V  [jvm.dll+0x7e7f6c]
V  [jvm.dll+0x67ff37]
C  [ucrtbase.dll+0x21bb2]
C  [KERNEL32.DLL+0x17374]
C  [ntdll.dll+0x4cc91]


---------------  P R O C E S S  ---------------

Threads class SMR info:
_java_thread_list=0x000001cef6689c60, length=92, elements={
0x000001ced2faf310, 0x000001ceedb44df0, 0x000001ceedb458c0, 0x000001ceedb58320,
0x000001ceedb5cd10, 0x000001ceedb5d5e0, 0x000001ceedb5deb0, 0x000001ceedb5eb60,
0x000001ceedb5f520, 0x000001ceedb5fe30, 0x000001ceedb2c420, 0x000001cef21662e0,
0x000001cef2e8e770, 0x000001cef3ae0010, 0x000001cef359e9d0, 0x000001cef2820ce0,
0x000001cef2598b60, 0x000001cef3a17e00, 0x000001cef3a18310, 0x000001cef3a18820,
0x000001cef3a15580, 0x000001cef3a15fa0, 0x000001cef3a173e0, 0x000001cef3a16ed0,
0x000001cef3a178f0, 0x000001cef3a15070, 0x000001cef3a164b0, 0x000001cef3a169c0,
0x000001cef2794d60, 0x000001cef2792f00, 0x000001cef2795c90, 0x000001cef27966b0,
0x000001cef27915b0, 0x000001cef2790680, 0x000001cef27929f0, 0x000001cef2794850,
0x000001cef2795270, 0x000001cef2791ac0, 0x000001cef2795780, 0x000001cef27924e0,
0x000001cef2793410, 0x000001cef27961a0, 0x000001cef2791fd0, 0x000001cef2793e30,
0x000001cef2793920, 0x000001cef2796bc0, 0x000001cef278f750, 0x000001cef27970d0,
0x000001cef278fc60, 0x000001cef2790170, 0x000001cef2790b90, 0x000001cef2533190,
0x000001cef2531840, 0x000001cef2530910, 0x000001cef2531330, 0x000001cef2536430,
0x000001cef2531d50, 0x000001cef2532260, 0x000001cef2532770, 0x000001cef2532c80,
0x000001cef2534ff0, 0x000001cef25336a0, 0x000001cef252fef0, 0x000001cef2533bb0,
0x000001cef2535500, 0x000001cef2530400, 0x000001cef2534ae0, 0x000001cef25340c0,
0x000001cef25345d0, 0x000001cef2535a10, 0x000001cef2535f20, 0x000001cef2536940,
0x000001cef252f4d0, 0x000001cef2536e50, 0x000001cef252f9e0, 0x000001cef56d9a00,
0x000001cef6c2b1e0, 0x000001cef56d7690, 0x000001cef56d7ba0, 0x000001cef56d85c0,
0x000001cef56dae40, 0x000001cef56d6c70, 0x000001cef56d5830, 0x000001cef56d7180,
0x000001cef56d80b0, 0x000001cef56d4900, 0x000001cef56d5320, 0x000001cef56d8ad0,
0x000001cef56d8fe0, 0x000001cef56d9f10, 0x000001cef56d94f0, 0x000001cef56da420
}

Java Threads: ( => current thread )
  0x000001ced2faf310 JavaThread "main" [_thread_blocked, id=4624, stack(0x0000005d4f800000,0x0000005d4f900000)]
  0x000001ceedb44df0 JavaThread "Reference Handler" daemon [_thread_blocked, id=14444, stack(0x0000005d4ff00000,0x0000005d50000000)]
  0x000001ceedb458c0 JavaThread "Finalizer" daemon [_thread_blocked, id=12720, stack(0x0000005d50000000,0x0000005d50100000)]
  0x000001ceedb58320 JavaThread "Signal Dispatcher" daemon [_thread_blocked, id=10692, stack(0x0000005d50100000,0x0000005d50200000)]
  0x000001ceedb5cd10 JavaThread "Attach Listener" daemon [_thread_blocked, id=5888, stack(0x0000005d50200000,0x0000005d50300000)]
  0x000001ceedb5d5e0 JavaThread "Service Thread" daemon [_thread_blocked, id=11192, stack(0x0000005d50300000,0x0000005d50400000)]
  0x000001ceedb5deb0 JavaThread "Monitor Deflation Thread" daemon [_thread_blocked, id=7784, stack(0x0000005d50400000,0x0000005d50500000)]
  0x000001ceedb5eb60 JavaThread "C2 CompilerThread0" daemon [_thread_in_native, id=10948, stack(0x0000005d50500000,0x0000005d50600000)]
  0x000001ceedb5f520 JavaThread "C1 CompilerThread0" daemon [_thread_blocked, id=8304, stack(0x0000005d50600000,0x0000005d50700000)]
  0x000001ceedb5fe30 JavaThread "Sweeper thread" daemon [_thread_blocked, id=8924, stack(0x0000005d50700000,0x0000005d50800000)]
  0x000001ceedb2c420 JavaThread "Common-Cleaner" daemon [_thread_blocked, id=16656, stack(0x0000005d50800000,0x0000005d50900000)]
  0x000001cef21662e0 JavaThread "Notification Thread" daemon [_thread_blocked, id=17128, stack(0x0000005d50900000,0x0000005d50a00000)]
  0x000001cef2e8e770 JavaThread "Daemon health stats" [_thread_blocked, id=20336, stack(0x0000005d50b00000,0x0000005d50c00000)]
  0x000001cef3ae0010 JavaThread "Incoming local TCP Connector on port 60666" [_thread_in_native, id=4388, stack(0x0000005d50c00000,0x0000005d50d00000)]
  0x000001cef359e9d0 JavaThread "Daemon periodic checks" [_thread_blocked, id=2080, stack(0x0000005d51200000,0x0000005d51300000)]
  0x000001cef2820ce0 JavaThread "Daemon" [_thread_blocked, id=10664, stack(0x0000005d51300000,0x0000005d51400000)]
  0x000001cef2598b60 JavaThread "Handler for socket connection from /127.0.0.1:60666 to /127.0.0.1:60667" [_thread_in_native, id=14620, stack(0x0000005d51400000,0x0000005d51500000)]
  0x000001cef3a17e00 JavaThread "Cancel handler" [_thread_blocked, id=20084, stack(0x0000005d51500000,0x0000005d51600000)]
  0x000001cef3a18310 JavaThread "Daemon worker" [_thread_blocked, id=3752, stack(0x0000005d51600000,0x0000005d51700000)]
  0x000001cef3a18820 JavaThread "Asynchronous log dispatcher for DefaultDaemonConnection: socket connection from /127.0.0.1:60666 to /127.0.0.1:60667" [_thread_blocked, id=10296, stack(0x0000005d51700000,0x0000005d51800000)]
  0x000001cef3a15580 JavaThread "Stdin handler" [_thread_blocked, id=9608, stack(0x0000005d51800000,0x0000005d51900000)]
  0x000001cef3a15fa0 JavaThread "Daemon client event forwarder" [_thread_blocked, id=8204, stack(0x0000005d51900000,0x0000005d51a00000)]
  0x000001cef3a173e0 JavaThread "Cache worker for journal cache (C:\Users\Administrator\.gradle\caches\journal-1)" [_thread_blocked, id=5396, stack(0x0000005d51b00000,0x0000005d51c00000)]
  0x000001cef3a16ed0 JavaThread "File lock request listener" [_thread_in_native, id=7152, stack(0x0000005d51c00000,0x0000005d51d00000)]
  0x000001cef3a178f0 JavaThread "Cache worker for file hash cache (C:\Users\Administrator\.gradle\caches\8.12.1\fileHashes)" [_thread_blocked, id=16860, stack(0x0000005d51d00000,0x0000005d51e00000)]
  0x000001cef3a15070 JavaThread "File lock release action executor" [_thread_blocked, id=12868, stack(0x0000005d51e00000,0x0000005d51f00000)]
  0x000001cef3a164b0 JavaThread "Cache worker for file hash cache (E:\New\School\Web subject\CDW\CDW-backend\.gradle\8.12.1\fileHashes)" [_thread_blocked, id=13900, stack(0x0000005d51a00000,0x0000005d51b00000)]
  0x000001cef3a169c0 JavaThread "Cache worker for Build Output Cleanup Cache (E:\New\School\Web subject\CDW\CDW-backend\.gradle\buildOutputCleanup)" [_thread_blocked, id=10788, stack(0x0000005d51f00000,0x0000005d52000000)]
  0x000001cef2794d60 JavaThread "File watcher server" daemon [_thread_in_native, id=1844, stack(0x0000005d52300000,0x0000005d52400000)]
  0x000001cef2792f00 JavaThread "File watcher consumer" daemon [_thread_blocked, id=17508, stack(0x0000005d52400000,0x0000005d52500000)]
  0x000001cef2795c90 JavaThread "jar transforms" [_thread_blocked, id=13440, stack(0x0000005d52500000,0x0000005d52600000)]
  0x000001cef27966b0 JavaThread "jar transforms Thread 2" [_thread_blocked, id=16368, stack(0x0000005d52600000,0x0000005d52700000)]
  0x000001cef27915b0 JavaThread "Cache worker for checksums cache (E:\New\School\Web subject\CDW\CDW-backend\.gradle\8.12.1\checksums)" [_thread_blocked, id=15628, stack(0x0000005d52700000,0x0000005d52800000)]
  0x000001cef2790680 JavaThread "Cache worker for file content cache (C:\Users\Administrator\.gradle\caches\8.12.1\fileContent)" [_thread_blocked, id=8824, stack(0x0000005d52800000,0x0000005d52900000)]
  0x000001cef27929f0 JavaThread "jar transforms Thread 3" [_thread_blocked, id=18424, stack(0x0000005d52a00000,0x0000005d52b00000)]
  0x000001cef2794850 JavaThread "Cache worker for cache directory md-rule (C:\Users\Administrator\.gradle\caches\8.12.1\md-rule)" [_thread_blocked, id=10344, stack(0x0000005d52b00000,0x0000005d52c00000)]
  0x000001cef2795270 JavaThread "Cache worker for cache directory md-supplier (C:\Users\Administrator\.gradle\caches\8.12.1\md-supplier)" [_thread_blocked, id=6996, stack(0x0000005d52c00000,0x0000005d52d00000)]
  0x000001cef2791ac0 JavaThread "Unconstrained build operations" [_thread_blocked, id=12900, stack(0x0000005d52900000,0x0000005d52a00000)]
  0x000001cef2795780 JavaThread "Unconstrained build operations Thread 2" [_thread_blocked, id=16568, stack(0x0000005d52f00000,0x0000005d53000000)]
  0x000001cef27924e0 JavaThread "Unconstrained build operations Thread 3" [_thread_blocked, id=12244, stack(0x0000005d53000000,0x0000005d53100000)]
  0x000001cef2793410 JavaThread "Unconstrained build operations Thread 4" [_thread_blocked, id=16756, stack(0x0000005d53100000,0x0000005d53200000)]
  0x000001cef27961a0 JavaThread "Unconstrained build operations Thread 5" [_thread_blocked, id=18132, stack(0x0000005d53200000,0x0000005d53300000)]
  0x000001cef2791fd0 JavaThread "Unconstrained build operations Thread 6" [_thread_blocked, id=11132, stack(0x0000005d53300000,0x0000005d53400000)]
  0x000001cef2793e30 JavaThread "Unconstrained build operations Thread 7" [_thread_blocked, id=9160, stack(0x0000005d53400000,0x0000005d53500000)]
  0x000001cef2793920 JavaThread "Unconstrained build operations Thread 8" [_thread_blocked, id=8436, stack(0x0000005d53500000,0x0000005d53600000)]
  0x000001cef2796bc0 JavaThread "jar transforms Thread 4" [_thread_blocked, id=7764, stack(0x0000005d53600000,0x0000005d53700000)]
  0x000001cef278f750 JavaThread "jar transforms Thread 5" [_thread_blocked, id=16516, stack(0x0000005d53800000,0x0000005d53900000)]
  0x000001cef27970d0 JavaThread "Unconstrained build operations Thread 9" [_thread_blocked, id=11164, stack(0x0000005d53900000,0x0000005d53a00000)]
  0x000001cef278fc60 JavaThread "Unconstrained build operations Thread 10" [_thread_blocked, id=17832, stack(0x0000005d53a00000,0x0000005d53b00000)]
  0x000001cef2790170 JavaThread "Unconstrained build operations Thread 11" [_thread_blocked, id=13984, stack(0x0000005d53b00000,0x0000005d53c00000)]
  0x000001cef2790b90 JavaThread "Unconstrained build operations Thread 12" [_thread_blocked, id=2076, stack(0x0000005d53c00000,0x0000005d53d00000)]
  0x000001cef2533190 JavaThread "jar transforms Thread 6" [_thread_blocked, id=4940, stack(0x0000005d53d00000,0x0000005d53e00000)]
  0x000001cef2531840 JavaThread "jar transforms Thread 7" [_thread_blocked, id=1384, stack(0x0000005d53e00000,0x0000005d53f00000)]
  0x000001cef2530910 JavaThread "jar transforms Thread 8" [_thread_blocked, id=18184, stack(0x0000005d53f00000,0x0000005d54000000)]
  0x000001cef2531330 JavaThread "Unconstrained build operations Thread 13" [_thread_blocked, id=16804, stack(0x0000005d54000000,0x0000005d54100000)]
  0x000001cef2536430 JavaThread "Unconstrained build operations Thread 14" [_thread_blocked, id=19252, stack(0x0000005d54100000,0x0000005d54200000)]
  0x000001cef2531d50 JavaThread "Unconstrained build operations Thread 15" [_thread_blocked, id=8808, stack(0x0000005d54200000,0x0000005d54300000)]
  0x000001cef2532260 JavaThread "Unconstrained build operations Thread 16" [_thread_blocked, id=12212, stack(0x0000005d54300000,0x0000005d54400000)]
  0x000001cef2532770 JavaThread "Unconstrained build operations Thread 17" [_thread_blocked, id=15480, stack(0x0000005d54400000,0x0000005d54500000)]
  0x000001cef2532c80 JavaThread "Unconstrained build operations Thread 18" [_thread_blocked, id=14704, stack(0x0000005d54500000,0x0000005d54600000)]
  0x000001cef2534ff0 JavaThread "Unconstrained build operations Thread 19" [_thread_blocked, id=16060, stack(0x0000005d54600000,0x0000005d54700000)]
  0x000001cef25336a0 JavaThread "Unconstrained build operations Thread 20" [_thread_blocked, id=9960, stack(0x0000005d54700000,0x0000005d54800000)]
  0x000001cef252fef0 JavaThread "Unconstrained build operations Thread 21" [_thread_blocked, id=16744, stack(0x0000005d54800000,0x0000005d54900000)]
  0x000001cef2533bb0 JavaThread "Unconstrained build operations Thread 22" [_thread_blocked, id=17324, stack(0x0000005d54900000,0x0000005d54a00000)]
  0x000001cef2535500 JavaThread "Unconstrained build operations Thread 23" [_thread_blocked, id=8536, stack(0x0000005d54a00000,0x0000005d54b00000)]
  0x000001cef2530400 JavaThread "Unconstrained build operations Thread 24" [_thread_blocked, id=1916, stack(0x0000005d54b00000,0x0000005d54c00000)]
  0x000001cef2534ae0 JavaThread "Unconstrained build operations Thread 25" [_thread_blocked, id=6228, stack(0x0000005d54c00000,0x0000005d54d00000)]
  0x000001cef25340c0 JavaThread "Unconstrained build operations Thread 26" [_thread_blocked, id=18084, stack(0x0000005d54d00000,0x0000005d54e00000)]
  0x000001cef25345d0 JavaThread "Unconstrained build operations Thread 27" [_thread_blocked, id=2672, stack(0x0000005d54e00000,0x0000005d54f00000)]
  0x000001cef2535a10 JavaThread "Unconstrained build operations Thread 28" [_thread_blocked, id=1536, stack(0x0000005d54f00000,0x0000005d55000000)]
  0x000001cef2535f20 JavaThread "Unconstrained build operations Thread 29" [_thread_blocked, id=14896, stack(0x0000005d55000000,0x0000005d55100000)]
  0x000001cef2536940 JavaThread "Unconstrained build operations Thread 30" [_thread_blocked, id=16176, stack(0x0000005d55100000,0x0000005d55200000)]
  0x000001cef252f4d0 JavaThread "Unconstrained build operations Thread 31" [_thread_blocked, id=9180, stack(0x0000005d55200000,0x0000005d55300000)]
  0x000001cef2536e50 JavaThread "Unconstrained build operations Thread 32" [_thread_blocked, id=15324, stack(0x0000005d55300000,0x0000005d55400000)]
  0x000001cef252f9e0 JavaThread "Unconstrained build operations Thread 33" [_thread_blocked, id=19908, stack(0x0000005d55400000,0x0000005d55500000)]
  0x000001cef56d9a00 JavaThread "Memory manager" [_thread_blocked, id=1208, stack(0x0000005d55500000,0x0000005d55600000)]
=>0x000001cef6c2b1e0 JavaThread "C2 CompilerThread1" daemon [_thread_in_native, id=4212, stack(0x0000005d53700000,0x0000005d53800000)]
  0x000001cef56d7690 JavaThread "ForkJoinPool.commonPool-worker-1" daemon [_thread_blocked, id=5124, stack(0x0000005d55600000,0x0000005d55700000)]
  0x000001cef56d7ba0 JavaThread "ForkJoinPool.commonPool-worker-2" daemon [_thread_blocked, id=1712, stack(0x0000005d55700000,0x0000005d55800000)]
  0x000001cef56d85c0 JavaThread "ForkJoinPool.commonPool-worker-3" daemon [_thread_blocked, id=15036, stack(0x0000005d55800000,0x0000005d55900000)]
  0x000001cef56dae40 JavaThread "ForkJoinPool.commonPool-worker-4" daemon [_thread_blocked, id=4528, stack(0x0000005d55900000,0x0000005d55a00000)]
  0x000001cef56d6c70 JavaThread "ForkJoinPool.commonPool-worker-5" daemon [_thread_blocked, id=17416, stack(0x0000005d55a00000,0x0000005d55b00000)]
  0x000001cef56d5830 JavaThread "ForkJoinPool.commonPool-worker-6" daemon [_thread_blocked, id=5168, stack(0x0000005d55b00000,0x0000005d55c00000)]
  0x000001cef56d7180 JavaThread "ForkJoinPool.commonPool-worker-7" daemon [_thread_blocked, id=12352, stack(0x0000005d55c00000,0x0000005d55d00000)]
  0x000001cef56d80b0 JavaThread "included builds" [_thread_blocked, id=12892, stack(0x0000005d55d00000,0x0000005d55e00000)]
  0x000001cef56d4900 JavaThread "Execution worker" [_thread_in_native_trans, id=8788, stack(0x0000005d55e00000,0x0000005d55f00000)]
  0x000001cef56d5320 JavaThread "Execution worker Thread 2" [_thread_blocked, id=14488, stack(0x0000005d55f00000,0x0000005d56000000)]
  0x000001cef56d8ad0 JavaThread "Execution worker Thread 3" [_thread_blocked, id=7672, stack(0x0000005d56000000,0x0000005d56100000)]
  0x000001cef56d8fe0 JavaThread "Execution worker Thread 4" [_thread_blocked, id=1760, stack(0x0000005d56100000,0x0000005d56200000)]
  0x000001cef56d9f10 JavaThread "Execution worker Thread 5" [_thread_blocked, id=15244, stack(0x0000005d56200000,0x0000005d56300000)]
  0x000001cef56d94f0 JavaThread "Execution worker Thread 6" [_thread_blocked, id=16532, stack(0x0000005d56300000,0x0000005d56400000)]
  0x000001cef56da420 JavaThread "Execution worker Thread 7" [_thread_blocked, id=4640, stack(0x0000005d56400000,0x0000005d56500000)]

Other Threads:
  0x000001ceedb3d190 VMThread "VM Thread" [stack: 0x0000005d4fe00000,0x0000005d4ff00000] [id=11316]
  0x000001cef21667c0 WatcherThread [stack: 0x0000005d50a00000,0x0000005d50b00000] [id=14284]
  0x000001ced2fddc40 GCTaskThread "GC Thread#0" [stack: 0x0000005d4f900000,0x0000005d4fa00000] [id=2864]
  0x000001cef26740f0 GCTaskThread "GC Thread#1" [stack: 0x0000005d50d00000,0x0000005d50e00000] [id=2716]
  0x000001cef2496950 GCTaskThread "GC Thread#2" [stack: 0x0000005d50e00000,0x0000005d50f00000] [id=19864]
  0x000001cef2496c10 GCTaskThread "GC Thread#3" [stack: 0x0000005d50f00000,0x0000005d51000000] [id=13288]
  0x000001cef2496ed0 GCTaskThread "GC Thread#4" [stack: 0x0000005d51000000,0x0000005d51100000] [id=7588]
  0x000001cef2497190 GCTaskThread "GC Thread#5" [stack: 0x0000005d51100000,0x0000005d51200000] [id=15876]
  0x000001cef4989750 GCTaskThread "GC Thread#6" [stack: 0x0000005d52000000,0x0000005d52100000] [id=2556]
  0x000001cef4726960 GCTaskThread "GC Thread#7" [stack: 0x0000005d52100000,0x0000005d52200000] [id=19612]
  0x000001ced2fe3ab0 ConcurrentGCThread "G1 Main Marker" [stack: 0x0000005d4fa00000,0x0000005d4fb00000] [id=18160]
  0x000001ced2fe43e0 ConcurrentGCThread "G1 Conc#0" [stack: 0x0000005d4fb00000,0x0000005d4fc00000] [id=2300]
  0x000001cef4a35ed0 ConcurrentGCThread "G1 Conc#1" [stack: 0x0000005d52200000,0x0000005d52300000] [id=5508]
  0x000001ced306d690 ConcurrentGCThread "G1 Refine#0" [stack: 0x0000005d4fc00000,0x0000005d4fd00000] [id=17232]
  0x000001cef4621f70 ConcurrentGCThread "G1 Refine#1" [stack: 0x0000005d52d00000,0x0000005d52e00000] [id=8248]
  0x000001cef4622e20 ConcurrentGCThread "G1 Refine#2" [stack: 0x0000005d52e00000,0x0000005d52f00000] [id=9796]
  0x000001ced306dfd0 ConcurrentGCThread "G1 Service" [stack: 0x0000005d4fd00000,0x0000005d4fe00000] [id=5880]

Threads with active compile tasks:
C2 CompilerThread0    33650 6917       4       groovy.lang.MetaClassImpl::inheritInterfaceNewMetaMethods (195 bytes)
C2 CompilerThread1    33650 6920   !   4       com.sun.beans.TypeResolver::resolve (264 bytes)

VM state: not at safepoint (normal execution)

VM Mutex/Monitor currently owned by a thread: None

Heap address: 0x00000000e0000000, size: 512 MB, Compressed Oops mode: 32-bit

CDS archive(s) mapped at: [0x000001ce80000000-0x000001ce80bb0000-0x000001ce80bb0000), size 12255232, SharedBaseAddress: 0x000001ce80000000, ArchiveRelocationMode: 1.
Compressed class space mapped at: 0x000001ce81000000-0x000001ce95000000, reserved size: 335544320
Narrow klass base: 0x000001ce80000000, Narrow klass shift: 0, Narrow klass range: 0x100000000

GC Precious Log:
 CPUs: 8 total, 8 available
 Memory: 16149M
 Large Page Support: Disabled
 NUMA Support: Disabled
 Compressed Oops: Enabled (32-bit)
 Heap Region Size: 1M
 Heap Min Capacity: 256M
 Heap Initial Capacity: 256M
 Heap Max Capacity: 512M
 Pre-touch: Disabled
 Parallel Workers: 8
 Concurrent Workers: 2
 Concurrent Refinement Workers: 8
 Periodic GC: Disabled

Heap:
 garbage-first heap   total 262144K, used 132721K [0x00000000e0000000, 0x0000000100000000)
  region size 1024K, 101 young (103424K), 8 survivors (8192K)
 Metaspace       used 54639K, committed 55296K, reserved 393216K
  class space    used 7852K, committed 8128K, reserved 327680K

Heap Regions: E=young(eden), S=young(survivor), O=old, HS=humongous(starts), HC=humongous(continues), CS=collection set, F=free, OA=open archive, CA=closed archive, TAMS=top-at-mark-start (previous, next)
|   0|0x00000000e0000000, 0x00000000e0000000, 0x00000000e0100000|  0%| F|  |TAMS 0x00000000e0000000, 0x00000000e0000000| Untracked 
|   1|0x00000000e0100000, 0x00000000e0200000, 0x00000000e0200000|100%|HS|  |TAMS 0x00000000e0200000, 0x00000000e0100000| Complete 
|   2|0x00000000e0200000, 0x00000000e0300000, 0x00000000e0300000|100%|HC|  |TAMS 0x00000000e0300000, 0x00000000e0200000| Complete 
|   3|0x00000000e0300000, 0x00000000e0400000, 0x00000000e0400000|100%|HC|  |TAMS 0x00000000e0400000, 0x00000000e0300000| Complete 
|   4|0x00000000e0400000, 0x00000000e0500000, 0x00000000e0500000|100%| O|  |TAMS 0x00000000e0500000, 0x00000000e0400000| Untracked 
|   5|0x00000000e0500000, 0x00000000e0600000, 0x00000000e0600000|100%| O|  |TAMS 0x00000000e0600000, 0x00000000e0500000| Untracked 
|   6|0x00000000e0600000, 0x00000000e0700000, 0x00000000e0700000|100%|HS|  |TAMS 0x00000000e0700000, 0x00000000e0600000| Complete 
|   7|0x00000000e0700000, 0x00000000e0800000, 0x00000000e0800000|100%| O|  |TAMS 0x00000000e0800000, 0x00000000e0700000| Untracked 
|   8|0x00000000e0800000, 0x00000000e0900000, 0x00000000e0900000|100%| O|  |TAMS 0x00000000e0900000, 0x00000000e0800000| Untracked 
|   9|0x00000000e0900000, 0x00000000e0a00000, 0x00000000e0a00000|100%| O|  |TAMS 0x00000000e0a00000, 0x00000000e0900000| Untracked 
|  10|0x00000000e0a00000, 0x00000000e0b00000, 0x00000000e0b00000|100%| O|  |TAMS 0x00000000e0b00000, 0x00000000e0a00000| Untracked 
|  11|0x00000000e0b00000, 0x00000000e0c00000, 0x00000000e0c00000|100%| O|  |TAMS 0x00000000e0c00000, 0x00000000e0b00000| Untracked 
|  12|0x00000000e0c00000, 0x00000000e0d00000, 0x00000000e0d00000|100%| O|  |TAMS 0x00000000e0d00000, 0x00000000e0c00000| Untracked 
|  13|0x00000000e0d00000, 0x00000000e0e00000, 0x00000000e0e00000|100%| O|  |TAMS 0x00000000e0e00000, 0x00000000e0d00000| Untracked 
|  14|0x00000000e0e00000, 0x00000000e0f00000, 0x00000000e0f00000|100%| O|  |TAMS 0x00000000e0f00000, 0x00000000e0e00000| Untracked 
|  15|0x00000000e0f00000, 0x00000000e1000000, 0x00000000e1000000|100%| O|  |TAMS 0x00000000e1000000, 0x00000000e0f00000| Untracked 
|  16|0x00000000e1000000, 0x00000000e1100000, 0x00000000e1100000|100%| O|  |TAMS 0x00000000e1100000, 0x00000000e1000000| Untracked 
|  17|0x00000000e1100000, 0x00000000e1200000, 0x00000000e1200000|100%| O|  |TAMS 0x00000000e1200000, 0x00000000e1100000| Untracked 
|  18|0x00000000e1200000, 0x00000000e1300000, 0x00000000e1300000|100%| O|  |TAMS 0x00000000e1300000, 0x00000000e1200000| Untracked 
|  19|0x00000000e1300000, 0x00000000e1400000, 0x00000000e1400000|100%| O|  |TAMS 0x00000000e1400000, 0x00000000e1300000| Untracked 
|  20|0x00000000e1400000, 0x00000000e1500000, 0x00000000e1500000|100%| O|  |TAMS 0x00000000e1500000, 0x00000000e1400000| Untracked 
|  21|0x00000000e1500000, 0x00000000e1600000, 0x00000000e1600000|100%| O|  |TAMS 0x00000000e1600000, 0x00000000e1500000| Untracked 
|  22|0x00000000e1600000, 0x00000000e1700000, 0x00000000e1700000|100%| O|  |TAMS 0x00000000e1700000, 0x00000000e1600000| Untracked 
|  23|0x00000000e1700000, 0x00000000e1800000, 0x00000000e1800000|100%| O|  |TAMS 0x00000000e1800000, 0x00000000e1700000| Untracked 
|  24|0x00000000e1800000, 0x00000000e1900000, 0x00000000e1900000|100%| O|  |TAMS 0x00000000e1900000, 0x00000000e1800000| Untracked 
|  25|0x00000000e1900000, 0x00000000e1a00000, 0x00000000e1a00000|100%| O|  |TAMS 0x00000000e1a00000, 0x00000000e1900000| Untracked 
|  26|0x00000000e1a00000, 0x00000000e1b00000, 0x00000000e1b00000|100%| O|  |TAMS 0x00000000e1b00000, 0x00000000e1a00000| Untracked 
|  27|0x00000000e1b00000, 0x00000000e1c00000, 0x00000000e1c00000|100%| O|  |TAMS 0x00000000e1c00000, 0x00000000e1b00000| Untracked 
|  28|0x00000000e1c00000, 0x00000000e1d00000, 0x00000000e1d00000|100%| O|  |TAMS 0x00000000e1d00000, 0x00000000e1c00000| Untracked 
|  29|0x00000000e1d00000, 0x00000000e1e00000, 0x00000000e1e00000|100%| O|  |TAMS 0x00000000e1e00000, 0x00000000e1d00000| Untracked 
|  30|0x00000000e1e00000, 0x00000000e1ed3200, 0x00000000e1f00000| 82%| O|  |TAMS 0x00000000e1ed3200, 0x00000000e1e00000| Untracked 
|  31|0x00000000e1f00000, 0x00000000e1f00000, 0x00000000e2000000|  0%| F|  |TAMS 0x00000000e1f00000, 0x00000000e1f00000| Untracked 
|  32|0x00000000e2000000, 0x00000000e2000000, 0x00000000e2100000|  0%| F|  |TAMS 0x00000000e2000000, 0x00000000e2000000| Untracked 
|  33|0x00000000e2100000, 0x00000000e2100000, 0x00000000e2200000|  0%| F|  |TAMS 0x00000000e2100000, 0x00000000e2100000| Untracked 
|  34|0x00000000e2200000, 0x00000000e2200000, 0x00000000e2300000|  0%| F|  |TAMS 0x00000000e2200000, 0x00000000e2200000| Untracked 
|  35|0x00000000e2300000, 0x00000000e2300000, 0x00000000e2400000|  0%| F|  |TAMS 0x00000000e2300000, 0x00000000e2300000| Untracked 
|  36|0x00000000e2400000, 0x00000000e2400000, 0x00000000e2500000|  0%| F|  |TAMS 0x00000000e2400000, 0x00000000e2400000| Untracked 
|  37|0x00000000e2500000, 0x00000000e2500000, 0x00000000e2600000|  0%| F|  |TAMS 0x00000000e2500000, 0x00000000e2500000| Untracked 
|  38|0x00000000e2600000, 0x00000000e2600000, 0x00000000e2700000|  0%| F|  |TAMS 0x00000000e2600000, 0x00000000e2600000| Untracked 
|  39|0x00000000e2700000, 0x00000000e2700000, 0x00000000e2800000|  0%| F|  |TAMS 0x00000000e2700000, 0x00000000e2700000| Untracked 
|  40|0x00000000e2800000, 0x00000000e2800000, 0x00000000e2900000|  0%| F|  |TAMS 0x00000000e2800000, 0x00000000e2800000| Untracked 
|  41|0x00000000e2900000, 0x00000000e2900000, 0x00000000e2a00000|  0%| F|  |TAMS 0x00000000e2900000, 0x00000000e2900000| Untracked 
|  42|0x00000000e2a00000, 0x00000000e2a00000, 0x00000000e2b00000|  0%| F|  |TAMS 0x00000000e2a00000, 0x00000000e2a00000| Untracked 
|  43|0x00000000e2b00000, 0x00000000e2b00000, 0x00000000e2c00000|  0%| F|  |TAMS 0x00000000e2b00000, 0x00000000e2b00000| Untracked 
|  44|0x00000000e2c00000, 0x00000000e2c00000, 0x00000000e2d00000|  0%| F|  |TAMS 0x00000000e2c00000, 0x00000000e2c00000| Untracked 
|  45|0x00000000e2d00000, 0x00000000e2d00000, 0x00000000e2e00000|  0%| F|  |TAMS 0x00000000e2d00000, 0x00000000e2d00000| Untracked 
|  46|0x00000000e2e00000, 0x00000000e2e00000, 0x00000000e2f00000|  0%| F|  |TAMS 0x00000000e2e00000, 0x00000000e2e00000| Untracked 
|  47|0x00000000e2f00000, 0x00000000e2f00000, 0x00000000e3000000|  0%| F|  |TAMS 0x00000000e2f00000, 0x00000000e2f00000| Untracked 
|  48|0x00000000e3000000, 0x00000000e3000000, 0x00000000e3100000|  0%| F|  |TAMS 0x00000000e3000000, 0x00000000e3000000| Untracked 
|  49|0x00000000e3100000, 0x00000000e3100000, 0x00000000e3200000|  0%| F|  |TAMS 0x00000000e3100000, 0x00000000e3100000| Untracked 
|  50|0x00000000e3200000, 0x00000000e3200000, 0x00000000e3300000|  0%| F|  |TAMS 0x00000000e3200000, 0x00000000e3200000| Untracked 
|  51|0x00000000e3300000, 0x00000000e3300000, 0x00000000e3400000|  0%| F|  |TAMS 0x00000000e3300000, 0x00000000e3300000| Untracked 
|  52|0x00000000e3400000, 0x00000000e3400000, 0x00000000e3500000|  0%| F|  |TAMS 0x00000000e3400000, 0x00000000e3400000| Untracked 
|  53|0x00000000e3500000, 0x00000000e3500000, 0x00000000e3600000|  0%| F|  |TAMS 0x00000000e3500000, 0x00000000e3500000| Untracked 
|  54|0x00000000e3600000, 0x00000000e3600000, 0x00000000e3700000|  0%| F|  |TAMS 0x00000000e3600000, 0x00000000e3600000| Untracked 
|  55|0x00000000e3700000, 0x00000000e3700000, 0x00000000e3800000|  0%| F|  |TAMS 0x00000000e3700000, 0x00000000e3700000| Untracked 
|  56|0x00000000e3800000, 0x00000000e3800000, 0x00000000e3900000|  0%| F|  |TAMS 0x00000000e3800000, 0x00000000e3800000| Untracked 
|  57|0x00000000e3900000, 0x00000000e3900000, 0x00000000e3a00000|  0%| F|  |TAMS 0x00000000e3900000, 0x00000000e3900000| Untracked 
|  58|0x00000000e3a00000, 0x00000000e3a00000, 0x00000000e3b00000|  0%| F|  |TAMS 0x00000000e3a00000, 0x00000000e3a00000| Untracked 
|  59|0x00000000e3b00000, 0x00000000e3b00000, 0x00000000e3c00000|  0%| F|  |TAMS 0x00000000e3b00000, 0x00000000e3b00000| Untracked 
|  60|0x00000000e3c00000, 0x00000000e3c00000, 0x00000000e3d00000|  0%| F|  |TAMS 0x00000000e3c00000, 0x00000000e3c00000| Untracked 
|  61|0x00000000e3d00000, 0x00000000e3d00000, 0x00000000e3e00000|  0%| F|  |TAMS 0x00000000e3d00000, 0x00000000e3d00000| Untracked 
|  62|0x00000000e3e00000, 0x00000000e3e00000, 0x00000000e3f00000|  0%| F|  |TAMS 0x00000000e3e00000, 0x00000000e3e00000| Untracked 
|  63|0x00000000e3f00000, 0x00000000e3f00000, 0x00000000e4000000|  0%| F|  |TAMS 0x00000000e3f00000, 0x00000000e3f00000| Untracked 
|  64|0x00000000e4000000, 0x00000000e4000000, 0x00000000e4100000|  0%| F|  |TAMS 0x00000000e4000000, 0x00000000e4000000| Untracked 
|  65|0x00000000e4100000, 0x00000000e4100000, 0x00000000e4200000|  0%| F|  |TAMS 0x00000000e4100000, 0x00000000e4100000| Untracked 
|  66|0x00000000e4200000, 0x00000000e4200000, 0x00000000e4300000|  0%| F|  |TAMS 0x00000000e4200000, 0x00000000e4200000| Untracked 
|  67|0x00000000e4300000, 0x00000000e4300000, 0x00000000e4400000|  0%| F|  |TAMS 0x00000000e4300000, 0x00000000e4300000| Untracked 
|  68|0x00000000e4400000, 0x00000000e4400000, 0x00000000e4500000|  0%| F|  |TAMS 0x00000000e4400000, 0x00000000e4400000| Untracked 
|  69|0x00000000e4500000, 0x00000000e4500000, 0x00000000e4600000|  0%| F|  |TAMS 0x00000000e4500000, 0x00000000e4500000| Untracked 
|  70|0x00000000e4600000, 0x00000000e4600000, 0x00000000e4700000|  0%| F|  |TAMS 0x00000000e4600000, 0x00000000e4600000| Untracked 
|  71|0x00000000e4700000, 0x00000000e4700000, 0x00000000e4800000|  0%| F|  |TAMS 0x00000000e4700000, 0x00000000e4700000| Untracked 
|  72|0x00000000e4800000, 0x00000000e4800000, 0x00000000e4900000|  0%| F|  |TAMS 0x00000000e4800000, 0x00000000e4800000| Untracked 
|  73|0x00000000e4900000, 0x00000000e4900000, 0x00000000e4a00000|  0%| F|  |TAMS 0x00000000e4900000, 0x00000000e4900000| Untracked 
|  74|0x00000000e4a00000, 0x00000000e4a00000, 0x00000000e4b00000|  0%| F|  |TAMS 0x00000000e4a00000, 0x00000000e4a00000| Untracked 
|  75|0x00000000e4b00000, 0x00000000e4b00000, 0x00000000e4c00000|  0%| F|  |TAMS 0x00000000e4b00000, 0x00000000e4b00000| Untracked 
|  76|0x00000000e4c00000, 0x00000000e4c00000, 0x00000000e4d00000|  0%| F|  |TAMS 0x00000000e4c00000, 0x00000000e4c00000| Untracked 
|  77|0x00000000e4d00000, 0x00000000e4d00000, 0x00000000e4e00000|  0%| F|  |TAMS 0x00000000e4d00000, 0x00000000e4d00000| Untracked 
|  78|0x00000000e4e00000, 0x00000000e4e00000, 0x00000000e4f00000|  0%| F|  |TAMS 0x00000000e4e00000, 0x00000000e4e00000| Untracked 
|  79|0x00000000e4f00000, 0x00000000e4f00000, 0x00000000e5000000|  0%| F|  |TAMS 0x00000000e4f00000, 0x00000000e4f00000| Untracked 
|  80|0x00000000e5000000, 0x00000000e5000000, 0x00000000e5100000|  0%| F|  |TAMS 0x00000000e5000000, 0x00000000e5000000| Untracked 
|  81|0x00000000e5100000, 0x00000000e5100000, 0x00000000e5200000|  0%| F|  |TAMS 0x00000000e5100000, 0x00000000e5100000| Untracked 
|  82|0x00000000e5200000, 0x00000000e5200000, 0x00000000e5300000|  0%| F|  |TAMS 0x00000000e5200000, 0x00000000e5200000| Untracked 
|  83|0x00000000e5300000, 0x00000000e5300000, 0x00000000e5400000|  0%| F|  |TAMS 0x00000000e5300000, 0x00000000e5300000| Untracked 
|  84|0x00000000e5400000, 0x00000000e5400000, 0x00000000e5500000|  0%| F|  |TAMS 0x00000000e5400000, 0x00000000e5400000| Untracked 
|  85|0x00000000e5500000, 0x00000000e5500000, 0x00000000e5600000|  0%| F|  |TAMS 0x00000000e5500000, 0x00000000e5500000| Untracked 
|  86|0x00000000e5600000, 0x00000000e5600000, 0x00000000e5700000|  0%| F|  |TAMS 0x00000000e5600000, 0x00000000e5600000| Untracked 
|  87|0x00000000e5700000, 0x00000000e5700000, 0x00000000e5800000|  0%| F|  |TAMS 0x00000000e5700000, 0x00000000e5700000| Untracked 
|  88|0x00000000e5800000, 0x00000000e5800000, 0x00000000e5900000|  0%| F|  |TAMS 0x00000000e5800000, 0x00000000e5800000| Untracked 
|  89|0x00000000e5900000, 0x00000000e5900000, 0x00000000e5a00000|  0%| F|  |TAMS 0x00000000e5900000, 0x00000000e5900000| Untracked 
|  90|0x00000000e5a00000, 0x00000000e5a00000, 0x00000000e5b00000|  0%| F|  |TAMS 0x00000000e5a00000, 0x00000000e5a00000| Untracked 
|  91|0x00000000e5b00000, 0x00000000e5b00000, 0x00000000e5c00000|  0%| F|  |TAMS 0x00000000e5b00000, 0x00000000e5b00000| Untracked 
|  92|0x00000000e5c00000, 0x00000000e5c00000, 0x00000000e5d00000|  0%| F|  |TAMS 0x00000000e5c00000, 0x00000000e5c00000| Untracked 
|  93|0x00000000e5d00000, 0x00000000e5d00000, 0x00000000e5e00000|  0%| F|  |TAMS 0x00000000e5d00000, 0x00000000e5d00000| Untracked 
|  94|0x00000000e5e00000, 0x00000000e5e00000, 0x00000000e5f00000|  0%| F|  |TAMS 0x00000000e5e00000, 0x00000000e5e00000| Untracked 
|  95|0x00000000e5f00000, 0x00000000e5fc93c0, 0x00000000e6000000| 78%| S|CS|TAMS 0x00000000e5f00000, 0x00000000e5f00000| Complete 
|  96|0x00000000e6000000, 0x00000000e6100000, 0x00000000e6100000|100%| S|CS|TAMS 0x00000000e6000000, 0x00000000e6000000| Complete 
|  97|0x00000000e6100000, 0x00000000e6200000, 0x00000000e6200000|100%| S|CS|TAMS 0x00000000e6100000, 0x00000000e6100000| Complete 
|  98|0x00000000e6200000, 0x00000000e6300000, 0x00000000e6300000|100%| S|CS|TAMS 0x00000000e6200000, 0x00000000e6200000| Complete 
|  99|0x00000000e6300000, 0x00000000e6400000, 0x00000000e6400000|100%| S|CS|TAMS 0x00000000e6300000, 0x00000000e6300000| Complete 
| 100|0x00000000e6400000, 0x00000000e6500000, 0x00000000e6500000|100%| S|CS|TAMS 0x00000000e6400000, 0x00000000e6400000| Complete 
| 101|0x00000000e6500000, 0x00000000e6600000, 0x00000000e6600000|100%| S|CS|TAMS 0x00000000e6500000, 0x00000000e6500000| Complete 
| 102|0x00000000e6600000, 0x00000000e6700000, 0x00000000e6700000|100%| S|CS|TAMS 0x00000000e6600000, 0x00000000e6600000| Complete 
| 103|0x00000000e6700000, 0x00000000e6700000, 0x00000000e6800000|  0%| F|  |TAMS 0x00000000e6700000, 0x00000000e6700000| Untracked 
| 104|0x00000000e6800000, 0x00000000e6800000, 0x00000000e6900000|  0%| F|  |TAMS 0x00000000e6800000, 0x00000000e6800000| Untracked 
| 105|0x00000000e6900000, 0x00000000e6900000, 0x00000000e6a00000|  0%| F|  |TAMS 0x00000000e6900000, 0x00000000e6900000| Untracked 
| 106|0x00000000e6a00000, 0x00000000e6a00000, 0x00000000e6b00000|  0%| F|  |TAMS 0x00000000e6a00000, 0x00000000e6a00000| Untracked 
| 107|0x00000000e6b00000, 0x00000000e6b00000, 0x00000000e6c00000|  0%| F|  |TAMS 0x00000000e6b00000, 0x00000000e6b00000| Untracked 
| 108|0x00000000e6c00000, 0x00000000e6c00000, 0x00000000e6d00000|  0%| F|  |TAMS 0x00000000e6c00000, 0x00000000e6c00000| Untracked 
| 109|0x00000000e6d00000, 0x00000000e6d00000, 0x00000000e6e00000|  0%| F|  |TAMS 0x00000000e6d00000, 0x00000000e6d00000| Untracked 
| 110|0x00000000e6e00000, 0x00000000e6e00000, 0x00000000e6f00000|  0%| F|  |TAMS 0x00000000e6e00000, 0x00000000e6e00000| Untracked 
| 111|0x00000000e6f00000, 0x00000000e6f00000, 0x00000000e7000000|  0%| F|  |TAMS 0x00000000e6f00000, 0x00000000e6f00000| Untracked 
| 112|0x00000000e7000000, 0x00000000e7000000, 0x00000000e7100000|  0%| F|  |TAMS 0x00000000e7000000, 0x00000000e7000000| Untracked 
| 113|0x00000000e7100000, 0x00000000e7100000, 0x00000000e7200000|  0%| F|  |TAMS 0x00000000e7100000, 0x00000000e7100000| Untracked 
| 114|0x00000000e7200000, 0x00000000e7200000, 0x00000000e7300000|  0%| F|  |TAMS 0x00000000e7200000, 0x00000000e7200000| Untracked 
| 115|0x00000000e7300000, 0x00000000e7300000, 0x00000000e7400000|  0%| F|  |TAMS 0x00000000e7300000, 0x00000000e7300000| Untracked 
| 116|0x00000000e7400000, 0x00000000e7400000, 0x00000000e7500000|  0%| F|  |TAMS 0x00000000e7400000, 0x00000000e7400000| Untracked 
| 117|0x00000000e7500000, 0x00000000e7500000, 0x00000000e7600000|  0%| F|  |TAMS 0x00000000e7500000, 0x00000000e7500000| Untracked 
| 118|0x00000000e7600000, 0x00000000e7600000, 0x00000000e7700000|  0%| F|  |TAMS 0x00000000e7600000, 0x00000000e7600000| Untracked 
| 119|0x00000000e7700000, 0x00000000e7700000, 0x00000000e7800000|  0%| F|  |TAMS 0x00000000e7700000, 0x00000000e7700000| Untracked 
| 120|0x00000000e7800000, 0x00000000e7800000, 0x00000000e7900000|  0%| F|  |TAMS 0x00000000e7800000, 0x00000000e7800000| Untracked 
| 121|0x00000000e7900000, 0x00000000e7900000, 0x00000000e7a00000|  0%| F|  |TAMS 0x00000000e7900000, 0x00000000e7900000| Untracked 
| 122|0x00000000e7a00000, 0x00000000e7a00000, 0x00000000e7b00000|  0%| F|  |TAMS 0x00000000e7a00000, 0x00000000e7a00000| Untracked 
| 123|0x00000000e7b00000, 0x00000000e7b00000, 0x00000000e7c00000|  0%| F|  |TAMS 0x00000000e7b00000, 0x00000000e7b00000| Untracked 
| 124|0x00000000e7c00000, 0x00000000e7c00000, 0x00000000e7d00000|  0%| F|  |TAMS 0x00000000e7c00000, 0x00000000e7c00000| Untracked 
| 125|0x00000000e7d00000, 0x00000000e7d00000, 0x00000000e7e00000|  0%| F|  |TAMS 0x00000000e7d00000, 0x00000000e7d00000| Untracked 
| 126|0x00000000e7e00000, 0x00000000e7e00000, 0x00000000e7f00000|  0%| F|  |TAMS 0x00000000e7e00000, 0x00000000e7e00000| Untracked 
| 127|0x00000000e7f00000, 0x00000000e7f00000, 0x00000000e8000000|  0%| F|  |TAMS 0x00000000e7f00000, 0x00000000e7f00000| Untracked 
| 128|0x00000000e8000000, 0x00000000e8000000, 0x00000000e8100000|  0%| F|  |TAMS 0x00000000e8000000, 0x00000000e8000000| Untracked 
| 129|0x00000000e8100000, 0x00000000e8100000, 0x00000000e8200000|  0%| F|  |TAMS 0x00000000e8100000, 0x00000000e8100000| Untracked 
| 130|0x00000000e8200000, 0x00000000e8200000, 0x00000000e8300000|  0%| F|  |TAMS 0x00000000e8200000, 0x00000000e8200000| Untracked 
| 131|0x00000000e8300000, 0x00000000e8300000, 0x00000000e8400000|  0%| F|  |TAMS 0x00000000e8300000, 0x00000000e8300000| Untracked 
| 132|0x00000000e8400000, 0x00000000e8400000, 0x00000000e8500000|  0%| F|  |TAMS 0x00000000e8400000, 0x00000000e8400000| Untracked 
| 133|0x00000000e8500000, 0x00000000e8500000, 0x00000000e8600000|  0%| F|  |TAMS 0x00000000e8500000, 0x00000000e8500000| Untracked 
| 134|0x00000000e8600000, 0x00000000e8600000, 0x00000000e8700000|  0%| F|  |TAMS 0x00000000e8600000, 0x00000000e8600000| Untracked 
| 135|0x00000000e8700000, 0x00000000e8700000, 0x00000000e8800000|  0%| F|  |TAMS 0x00000000e8700000, 0x00000000e8700000| Untracked 
| 136|0x00000000e8800000, 0x00000000e8800000, 0x00000000e8900000|  0%| F|  |TAMS 0x00000000e8800000, 0x00000000e8800000| Untracked 
| 137|0x00000000e8900000, 0x00000000e8900000, 0x00000000e8a00000|  0%| F|  |TAMS 0x00000000e8900000, 0x00000000e8900000| Untracked 
| 138|0x00000000e8a00000, 0x00000000e8a00000, 0x00000000e8b00000|  0%| F|  |TAMS 0x00000000e8a00000, 0x00000000e8a00000| Untracked 
| 139|0x00000000e8b00000, 0x00000000e8b00000, 0x00000000e8c00000|  0%| F|  |TAMS 0x00000000e8b00000, 0x00000000e8b00000| Untracked 
| 140|0x00000000e8c00000, 0x00000000e8c00000, 0x00000000e8d00000|  0%| F|  |TAMS 0x00000000e8c00000, 0x00000000e8c00000| Untracked 
| 141|0x00000000e8d00000, 0x00000000e8d00000, 0x00000000e8e00000|  0%| F|  |TAMS 0x00000000e8d00000, 0x00000000e8d00000| Untracked 
| 142|0x00000000e8e00000, 0x00000000e8e00000, 0x00000000e8f00000|  0%| F|  |TAMS 0x00000000e8e00000, 0x00000000e8e00000| Untracked 
| 143|0x00000000e8f00000, 0x00000000e8f00000, 0x00000000e9000000|  0%| F|  |TAMS 0x00000000e8f00000, 0x00000000e8f00000| Untracked 
| 144|0x00000000e9000000, 0x00000000e9000000, 0x00000000e9100000|  0%| F|  |TAMS 0x00000000e9000000, 0x00000000e9000000| Untracked 
| 145|0x00000000e9100000, 0x00000000e9100000, 0x00000000e9200000|  0%| F|  |TAMS 0x00000000e9100000, 0x00000000e9100000| Untracked 
| 146|0x00000000e9200000, 0x00000000e9200000, 0x00000000e9300000|  0%| F|  |TAMS 0x00000000e9200000, 0x00000000e9200000| Untracked 
| 147|0x00000000e9300000, 0x00000000e9300000, 0x00000000e9400000|  0%| F|  |TAMS 0x00000000e9300000, 0x00000000e9300000| Untracked 
| 148|0x00000000e9400000, 0x00000000e9400000, 0x00000000e9500000|  0%| F|  |TAMS 0x00000000e9400000, 0x00000000e9400000| Untracked 
| 149|0x00000000e9500000, 0x00000000e9500000, 0x00000000e9600000|  0%| F|  |TAMS 0x00000000e9500000, 0x00000000e9500000| Untracked 
| 150|0x00000000e9600000, 0x00000000e9600000, 0x00000000e9700000|  0%| F|  |TAMS 0x00000000e9600000, 0x00000000e9600000| Untracked 
| 151|0x00000000e9700000, 0x00000000e9700000, 0x00000000e9800000|  0%| F|  |TAMS 0x00000000e9700000, 0x00000000e9700000| Untracked 
| 152|0x00000000e9800000, 0x00000000e9800000, 0x00000000e9900000|  0%| F|  |TAMS 0x00000000e9800000, 0x00000000e9800000| Untracked 
| 153|0x00000000e9900000, 0x00000000e9900000, 0x00000000e9a00000|  0%| F|  |TAMS 0x00000000e9900000, 0x00000000e9900000| Untracked 
| 154|0x00000000e9a00000, 0x00000000e9a00000, 0x00000000e9b00000|  0%| F|  |TAMS 0x00000000e9a00000, 0x00000000e9a00000| Untracked 
| 155|0x00000000e9b00000, 0x00000000e9b00000, 0x00000000e9c00000|  0%| F|  |TAMS 0x00000000e9b00000, 0x00000000e9b00000| Untracked 
| 156|0x00000000e9c00000, 0x00000000e9c00000, 0x00000000e9d00000|  0%| F|  |TAMS 0x00000000e9c00000, 0x00000000e9c00000| Untracked 
| 157|0x00000000e9d00000, 0x00000000e9d00000, 0x00000000e9e00000|  0%| F|  |TAMS 0x00000000e9d00000, 0x00000000e9d00000| Untracked 
| 158|0x00000000e9e00000, 0x00000000e9e00000, 0x00000000e9f00000|  0%| F|  |TAMS 0x00000000e9e00000, 0x00000000e9e00000| Untracked 
| 159|0x00000000e9f00000, 0x00000000e9f00000, 0x00000000ea000000|  0%| F|  |TAMS 0x00000000e9f00000, 0x00000000e9f00000| Untracked 
| 160|0x00000000ea000000, 0x00000000ea000000, 0x00000000ea100000|  0%| F|  |TAMS 0x00000000ea000000, 0x00000000ea000000| Untracked 
| 161|0x00000000ea100000, 0x00000000ea100000, 0x00000000ea200000|  0%| F|  |TAMS 0x00000000ea100000, 0x00000000ea100000| Untracked 
| 162|0x00000000ea200000, 0x00000000ea235640, 0x00000000ea300000| 20%| E|  |TAMS 0x00000000ea200000, 0x00000000ea200000| Complete 
| 163|0x00000000ea300000, 0x00000000ea400000, 0x00000000ea400000|100%| E|  |TAMS 0x00000000ea300000, 0x00000000ea300000| Complete 
| 164|0x00000000ea400000, 0x00000000ea500000, 0x00000000ea500000|100%| E|CS|TAMS 0x00000000ea400000, 0x00000000ea400000| Complete 
| 165|0x00000000ea500000, 0x00000000ea600000, 0x00000000ea600000|100%| E|CS|TAMS 0x00000000ea500000, 0x00000000ea500000| Complete 
| 166|0x00000000ea600000, 0x00000000ea700000, 0x00000000ea700000|100%| E|CS|TAMS 0x00000000ea600000, 0x00000000ea600000| Complete 
| 167|0x00000000ea700000, 0x00000000ea800000, 0x00000000ea800000|100%| E|CS|TAMS 0x00000000ea700000, 0x00000000ea700000| Complete 
| 168|0x00000000ea800000, 0x00000000ea900000, 0x00000000ea900000|100%| E|CS|TAMS 0x00000000ea800000, 0x00000000ea800000| Complete 
| 169|0x00000000ea900000, 0x00000000eaa00000, 0x00000000eaa00000|100%| E|CS|TAMS 0x00000000ea900000, 0x00000000ea900000| Complete 
| 170|0x00000000eaa00000, 0x00000000eab00000, 0x00000000eab00000|100%| E|CS|TAMS 0x00000000eaa00000, 0x00000000eaa00000| Complete 
| 171|0x00000000eab00000, 0x00000000eac00000, 0x00000000eac00000|100%| E|CS|TAMS 0x00000000eab00000, 0x00000000eab00000| Complete 
| 172|0x00000000eac00000, 0x00000000ead00000, 0x00000000ead00000|100%| E|CS|TAMS 0x00000000eac00000, 0x00000000eac00000| Complete 
| 173|0x00000000ead00000, 0x00000000eae00000, 0x00000000eae00000|100%| E|CS|TAMS 0x00000000ead00000, 0x00000000ead00000| Complete 
| 174|0x00000000eae00000, 0x00000000eaf00000, 0x00000000eaf00000|100%| E|CS|TAMS 0x00000000eae00000, 0x00000000eae00000| Complete 
| 175|0x00000000eaf00000, 0x00000000eb000000, 0x00000000eb000000|100%| E|CS|TAMS 0x00000000eaf00000, 0x00000000eaf00000| Complete 
| 176|0x00000000eb000000, 0x00000000eb100000, 0x00000000eb100000|100%| E|CS|TAMS 0x00000000eb000000, 0x00000000eb000000| Complete 
| 177|0x00000000eb100000, 0x00000000eb200000, 0x00000000eb200000|100%| E|CS|TAMS 0x00000000eb100000, 0x00000000eb100000| Complete 
| 178|0x00000000eb200000, 0x00000000eb300000, 0x00000000eb300000|100%| E|CS|TAMS 0x00000000eb200000, 0x00000000eb200000| Complete 
| 179|0x00000000eb300000, 0x00000000eb400000, 0x00000000eb400000|100%| E|CS|TAMS 0x00000000eb300000, 0x00000000eb300000| Complete 
| 180|0x00000000eb400000, 0x00000000eb500000, 0x00000000eb500000|100%| E|CS|TAMS 0x00000000eb400000, 0x00000000eb400000| Complete 
| 181|0x00000000eb500000, 0x00000000eb600000, 0x00000000eb600000|100%| E|CS|TAMS 0x00000000eb500000, 0x00000000eb500000| Complete 
| 182|0x00000000eb600000, 0x00000000eb700000, 0x00000000eb700000|100%| E|CS|TAMS 0x00000000eb600000, 0x00000000eb600000| Complete 
| 183|0x00000000eb700000, 0x00000000eb800000, 0x00000000eb800000|100%| E|CS|TAMS 0x00000000eb700000, 0x00000000eb700000| Complete 
| 184|0x00000000eb800000, 0x00000000eb900000, 0x00000000eb900000|100%| E|CS|TAMS 0x00000000eb800000, 0x00000000eb800000| Complete 
| 185|0x00000000eb900000, 0x00000000eba00000, 0x00000000eba00000|100%| E|CS|TAMS 0x00000000eb900000, 0x00000000eb900000| Complete 
| 186|0x00000000eba00000, 0x00000000ebb00000, 0x00000000ebb00000|100%| E|CS|TAMS 0x00000000eba00000, 0x00000000eba00000| Complete 
| 187|0x00000000ebb00000, 0x00000000ebc00000, 0x00000000ebc00000|100%| E|CS|TAMS 0x00000000ebb00000, 0x00000000ebb00000| Complete 
| 188|0x00000000ebc00000, 0x00000000ebd00000, 0x00000000ebd00000|100%| E|CS|TAMS 0x00000000ebc00000, 0x00000000ebc00000| Complete 
| 189|0x00000000ebd00000, 0x00000000ebe00000, 0x00000000ebe00000|100%| E|CS|TAMS 0x00000000ebd00000, 0x00000000ebd00000| Complete 
| 190|0x00000000ebe00000, 0x00000000ebf00000, 0x00000000ebf00000|100%| E|CS|TAMS 0x00000000ebe00000, 0x00000000ebe00000| Complete 
| 191|0x00000000ebf00000, 0x00000000ec000000, 0x00000000ec000000|100%| E|CS|TAMS 0x00000000ebf00000, 0x00000000ebf00000| Complete 
| 192|0x00000000ec000000, 0x00000000ec100000, 0x00000000ec100000|100%| E|CS|TAMS 0x00000000ec000000, 0x00000000ec000000| Complete 
| 193|0x00000000ec100000, 0x00000000ec200000, 0x00000000ec200000|100%| E|CS|TAMS 0x00000000ec100000, 0x00000000ec100000| Complete 
| 194|0x00000000ec200000, 0x00000000ec300000, 0x00000000ec300000|100%| E|CS|TAMS 0x00000000ec200000, 0x00000000ec200000| Complete 
| 195|0x00000000ec300000, 0x00000000ec400000, 0x00000000ec400000|100%| E|CS|TAMS 0x00000000ec300000, 0x00000000ec300000| Complete 
| 196|0x00000000ec400000, 0x00000000ec500000, 0x00000000ec500000|100%| E|CS|TAMS 0x00000000ec400000, 0x00000000ec400000| Complete 
| 197|0x00000000ec500000, 0x00000000ec600000, 0x00000000ec600000|100%| E|CS|TAMS 0x00000000ec500000, 0x00000000ec500000| Complete 
| 198|0x00000000ec600000, 0x00000000ec700000, 0x00000000ec700000|100%| E|CS|TAMS 0x00000000ec600000, 0x00000000ec600000| Complete 
| 199|0x00000000ec700000, 0x00000000ec800000, 0x00000000ec800000|100%| E|CS|TAMS 0x00000000ec700000, 0x00000000ec700000| Complete 
| 200|0x00000000ec800000, 0x00000000ec900000, 0x00000000ec900000|100%| E|CS|TAMS 0x00000000ec800000, 0x00000000ec800000| Complete 
| 201|0x00000000ec900000, 0x00000000eca00000, 0x00000000eca00000|100%| E|CS|TAMS 0x00000000ec900000, 0x00000000ec900000| Complete 
| 202|0x00000000eca00000, 0x00000000ecb00000, 0x00000000ecb00000|100%| E|CS|TAMS 0x00000000eca00000, 0x00000000eca00000| Complete 
| 203|0x00000000ecb00000, 0x00000000ecc00000, 0x00000000ecc00000|100%| E|CS|TAMS 0x00000000ecb00000, 0x00000000ecb00000| Complete 
| 204|0x00000000ecc00000, 0x00000000ecd00000, 0x00000000ecd00000|100%| E|CS|TAMS 0x00000000ecc00000, 0x00000000ecc00000| Complete 
| 205|0x00000000ecd00000, 0x00000000ece00000, 0x00000000ece00000|100%| E|CS|TAMS 0x00000000ecd00000, 0x00000000ecd00000| Complete 
| 206|0x00000000ece00000, 0x00000000ecf00000, 0x00000000ecf00000|100%| E|CS|TAMS 0x00000000ece00000, 0x00000000ece00000| Complete 
| 207|0x00000000ecf00000, 0x00000000ed000000, 0x00000000ed000000|100%| E|CS|TAMS 0x00000000ecf00000, 0x00000000ecf00000| Complete 
| 208|0x00000000ed000000, 0x00000000ed100000, 0x00000000ed100000|100%| E|CS|TAMS 0x00000000ed000000, 0x00000000ed000000| Complete 
| 209|0x00000000ed100000, 0x00000000ed200000, 0x00000000ed200000|100%| E|CS|TAMS 0x00000000ed100000, 0x00000000ed100000| Complete 
| 210|0x00000000ed200000, 0x00000000ed300000, 0x00000000ed300000|100%| E|CS|TAMS 0x00000000ed200000, 0x00000000ed200000| Complete 
| 211|0x00000000ed300000, 0x00000000ed400000, 0x00000000ed400000|100%| E|CS|TAMS 0x00000000ed300000, 0x00000000ed300000| Complete 
| 212|0x00000000ed400000, 0x00000000ed500000, 0x00000000ed500000|100%| E|CS|TAMS 0x00000000ed400000, 0x00000000ed400000| Complete 
| 213|0x00000000ed500000, 0x00000000ed600000, 0x00000000ed600000|100%| E|CS|TAMS 0x00000000ed500000, 0x00000000ed500000| Complete 
| 214|0x00000000ed600000, 0x00000000ed700000, 0x00000000ed700000|100%| E|CS|TAMS 0x00000000ed600000, 0x00000000ed600000| Complete 
| 215|0x00000000ed700000, 0x00000000ed800000, 0x00000000ed800000|100%| E|CS|TAMS 0x00000000ed700000, 0x00000000ed700000| Complete 
| 216|0x00000000ed800000, 0x00000000ed900000, 0x00000000ed900000|100%| E|CS|TAMS 0x00000000ed800000, 0x00000000ed800000| Complete 
| 217|0x00000000ed900000, 0x00000000eda00000, 0x00000000eda00000|100%| E|CS|TAMS 0x00000000ed900000, 0x00000000ed900000| Complete 
| 218|0x00000000eda00000, 0x00000000edb00000, 0x00000000edb00000|100%| E|CS|TAMS 0x00000000eda00000, 0x00000000eda00000| Complete 
| 219|0x00000000edb00000, 0x00000000edc00000, 0x00000000edc00000|100%| E|CS|TAMS 0x00000000edb00000, 0x00000000edb00000| Complete 
| 220|0x00000000edc00000, 0x00000000edd00000, 0x00000000edd00000|100%| E|CS|TAMS 0x00000000edc00000, 0x00000000edc00000| Complete 
| 221|0x00000000edd00000, 0x00000000ede00000, 0x00000000ede00000|100%| E|CS|TAMS 0x00000000edd00000, 0x00000000edd00000| Complete 
| 222|0x00000000ede00000, 0x00000000edf00000, 0x00000000edf00000|100%| E|CS|TAMS 0x00000000ede00000, 0x00000000ede00000| Complete 
| 223|0x00000000edf00000, 0x00000000ee000000, 0x00000000ee000000|100%| E|CS|TAMS 0x00000000edf00000, 0x00000000edf00000| Complete 
| 224|0x00000000ee000000, 0x00000000ee100000, 0x00000000ee100000|100%| E|CS|TAMS 0x00000000ee000000, 0x00000000ee000000| Complete 
| 225|0x00000000ee100000, 0x00000000ee200000, 0x00000000ee200000|100%| E|CS|TAMS 0x00000000ee100000, 0x00000000ee100000| Complete 
| 226|0x00000000ee200000, 0x00000000ee300000, 0x00000000ee300000|100%| E|CS|TAMS 0x00000000ee200000, 0x00000000ee200000| Complete 
| 227|0x00000000ee300000, 0x00000000ee400000, 0x00000000ee400000|100%| E|CS|TAMS 0x00000000ee300000, 0x00000000ee300000| Complete 
| 228|0x00000000ee400000, 0x00000000ee500000, 0x00000000ee500000|100%| E|CS|TAMS 0x00000000ee400000, 0x00000000ee400000| Complete 
| 229|0x00000000ee500000, 0x00000000ee600000, 0x00000000ee600000|100%| E|CS|TAMS 0x00000000ee500000, 0x00000000ee500000| Complete 
| 230|0x00000000ee600000, 0x00000000ee700000, 0x00000000ee700000|100%| E|CS|TAMS 0x00000000ee600000, 0x00000000ee600000| Complete 
| 231|0x00000000ee700000, 0x00000000ee800000, 0x00000000ee800000|100%| E|CS|TAMS 0x00000000ee700000, 0x00000000ee700000| Complete 
| 232|0x00000000ee800000, 0x00000000ee900000, 0x00000000ee900000|100%| E|CS|TAMS 0x00000000ee800000, 0x00000000ee800000| Complete 
| 233|0x00000000ee900000, 0x00000000eea00000, 0x00000000eea00000|100%| E|CS|TAMS 0x00000000ee900000, 0x00000000ee900000| Complete 
| 234|0x00000000eea00000, 0x00000000eeb00000, 0x00000000eeb00000|100%| E|CS|TAMS 0x00000000eea00000, 0x00000000eea00000| Complete 
| 235|0x00000000eeb00000, 0x00000000eec00000, 0x00000000eec00000|100%| E|CS|TAMS 0x00000000eeb00000, 0x00000000eeb00000| Complete 
| 236|0x00000000eec00000, 0x00000000eed00000, 0x00000000eed00000|100%| E|CS|TAMS 0x00000000eec00000, 0x00000000eec00000| Complete 
| 237|0x00000000eed00000, 0x00000000eee00000, 0x00000000eee00000|100%| E|CS|TAMS 0x00000000eed00000, 0x00000000eed00000| Complete 
| 238|0x00000000eee00000, 0x00000000eef00000, 0x00000000eef00000|100%| E|CS|TAMS 0x00000000eee00000, 0x00000000eee00000| Complete 
| 239|0x00000000eef00000, 0x00000000ef000000, 0x00000000ef000000|100%| E|CS|TAMS 0x00000000eef00000, 0x00000000eef00000| Complete 
| 240|0x00000000ef000000, 0x00000000ef100000, 0x00000000ef100000|100%| E|CS|TAMS 0x00000000ef000000, 0x00000000ef000000| Complete 
| 241|0x00000000ef100000, 0x00000000ef200000, 0x00000000ef200000|100%| E|CS|TAMS 0x00000000ef100000, 0x00000000ef100000| Complete 
| 242|0x00000000ef200000, 0x00000000ef300000, 0x00000000ef300000|100%| E|CS|TAMS 0x00000000ef200000, 0x00000000ef200000| Complete 
| 243|0x00000000ef300000, 0x00000000ef400000, 0x00000000ef400000|100%| E|CS|TAMS 0x00000000ef300000, 0x00000000ef300000| Complete 
| 244|0x00000000ef400000, 0x00000000ef500000, 0x00000000ef500000|100%| E|CS|TAMS 0x00000000ef400000, 0x00000000ef400000| Complete 
| 245|0x00000000ef500000, 0x00000000ef600000, 0x00000000ef600000|100%| E|CS|TAMS 0x00000000ef500000, 0x00000000ef500000| Complete 
| 246|0x00000000ef600000, 0x00000000ef700000, 0x00000000ef700000|100%| E|CS|TAMS 0x00000000ef600000, 0x00000000ef600000| Complete 
| 247|0x00000000ef700000, 0x00000000ef800000, 0x00000000ef800000|100%| E|CS|TAMS 0x00000000ef700000, 0x00000000ef700000| Complete 
| 248|0x00000000ef800000, 0x00000000ef900000, 0x00000000ef900000|100%| E|CS|TAMS 0x00000000ef800000, 0x00000000ef800000| Complete 
| 249|0x00000000ef900000, 0x00000000efa00000, 0x00000000efa00000|100%| E|CS|TAMS 0x00000000ef900000, 0x00000000ef900000| Complete 
| 250|0x00000000efa00000, 0x00000000efb00000, 0x00000000efb00000|100%| E|CS|TAMS 0x00000000efa00000, 0x00000000efa00000| Complete 
| 251|0x00000000efb00000, 0x00000000efc00000, 0x00000000efc00000|100%| E|CS|TAMS 0x00000000efb00000, 0x00000000efb00000| Complete 
| 252|0x00000000efc00000, 0x00000000efd00000, 0x00000000efd00000|100%| E|CS|TAMS 0x00000000efc00000, 0x00000000efc00000| Complete 
| 253|0x00000000efd00000, 0x00000000efe00000, 0x00000000efe00000|100%| E|CS|TAMS 0x00000000efd00000, 0x00000000efd00000| Complete 
| 254|0x00000000efe00000, 0x00000000eff00000, 0x00000000eff00000|100%| E|CS|TAMS 0x00000000efe00000, 0x00000000efe00000| Complete 
| 255|0x00000000eff00000, 0x00000000f0000000, 0x00000000f0000000|100%| E|CS|TAMS 0x00000000eff00000, 0x00000000eff00000| Complete 

Card table byte_map: [0x000001cee9f20000,0x000001ceea020000] _byte_map_base: 0x000001cee9820000

Marking Bits (Prev, Next): (CMBitMap*) 0x000001ced2fdf180, (CMBitMap*) 0x000001ced2fdf1c0
 Prev Bits: [0x000001ceea120000, 0x000001ceea920000)
 Next Bits: [0x000001ceea920000, 0x000001ceeb120000)

Polling page: 0x000001ced0f40000

Metaspace:

Usage:
  Non-class:     45.72 MB used.
      Class:      7.68 MB used.
       Both:     53.40 MB used.

Virtual space:
  Non-class space:       64.00 MB reserved,      46.12 MB ( 72%) committed,  1 nodes.
      Class space:      320.00 MB reserved,       7.94 MB (  2%) committed,  1 nodes.
             Both:      384.00 MB reserved,      54.06 MB ( 14%) committed. 

Chunk freelists:
   Non-Class:  1.53 MB
       Class:  7.89 MB
        Both:  9.42 MB

MaxMetaspaceSize: 384.00 MB
CompressedClassSpaceSize: 320.00 MB
Initial GC threshold: 21.00 MB
Current GC threshold: 59.38 MB
CDS: on
MetaspaceReclaimPolicy: balanced
 - commit_granule_bytes: 65536.
 - commit_granule_words: 8192.
 - virtual_space_node_default_size: 8388608.
 - enlarge_chunks_in_place: 1.
 - new_chunks_are_fully_committed: 0.
 - uncommit_free_chunks: 1.
 - use_allocation_guard: 0.
 - handle_deallocations: 1.


Internal statistics:

num_allocs_failed_limit: 9.
num_arena_births: 668.
num_arena_deaths: 0.
num_vsnodes_births: 2.
num_vsnodes_deaths: 0.
num_space_committed: 865.
num_space_uncommitted: 0.
num_chunks_returned_to_freelist: 9.
num_chunks_taken_from_freelist: 3007.
num_chunk_merges: 9.
num_chunk_splits: 1909.
num_chunks_enlarged: 1236.
num_inconsistent_stats: 0.

CodeHeap 'non-profiled nmethods': size=120000Kb used=3853Kb max_used=3853Kb free=116146Kb
 bounds [0x000001cee25c0000, 0x000001cee2990000, 0x000001cee9af0000]
CodeHeap 'profiled nmethods': size=120000Kb used=12203Kb max_used=12203Kb free=107796Kb
 bounds [0x000001cedaaf0000, 0x000001cedb6e0000, 0x000001cee2020000]
CodeHeap 'non-nmethods': size=5760Kb used=2348Kb max_used=2404Kb free=3412Kb
 bounds [0x000001cee2020000, 0x000001cee2290000, 0x000001cee25c0000]
 total_blobs=7077 nmethods=6222 adapters=767
 compilation: enabled
              stopped_count=0, restarted_count=0
 full_count=0

Compilation events (20 events):
Event: 33.547 Thread 0x000001ceedb5f520 6951       3       java.beans.Introspector::processPropertyDescriptors (964 bytes)
Event: 33.552 Thread 0x000001ceedb5f520 nmethod 6951 0x000001cedb6c8010 code [0x000001cedb6c8940, 0x000001cedb6cf6f8]
Event: 33.552 Thread 0x000001ceedb5f520 6952       3       org.codehaus.groovy.util.ComplexKeyHashMap::resize (103 bytes)
Event: 33.553 Thread 0x000001ceedb5f520 nmethod 6952 0x000001cedb6d1090 code [0x000001cedb6d1260, 0x000001cedb6d1838]
Event: 33.554 Thread 0x000001ceedb5f520 6953       3       groovy.lang.MetaClassImpl::applyStrayPropertyMethods (288 bytes)
Event: 33.557 Thread 0x000001ceedb5f520 nmethod 6953 0x000001cedb6d1a10 code [0x000001cedb6d1ec0, 0x000001cedb6d48f8]
Event: 33.579 Thread 0x000001ceedb5f520 6954       3       org.gradle.util.internal.DeferredUtil::isNestableDeferred (20 bytes)
Event: 33.579 Thread 0x000001ceedb5f520 nmethod 6954 0x000001cedb6d5890 code [0x000001cedb6d5a40, 0x000001cedb6d5e38]
Event: 33.579 Thread 0x000001ceedb5f520 6955       3       com.google.common.collect.ImmutableSet$RegularSetBuilderImpl::hashFloodingDetected (108 bytes)
Event: 33.580 Thread 0x000001ceedb5f520 nmethod 6955 0x000001cedb6d5f10 code [0x000001cedb6d6100, 0x000001cedb6d6608]
Event: 33.580 Thread 0x000001ceedb5f520 6956       3       jdk.internal.reflect.AccessorGenerator::internalize (9 bytes)
Event: 33.581 Thread 0x000001ceedb5f520 nmethod 6956 0x000001cedb6d6810 code [0x000001cedb6d69a0, 0x000001cedb6d6ac8]
Event: 33.587 Thread 0x000001ceedb5f520 6957   !   3       jdk.proxy1.$Proxy33::hashCode (32 bytes)
Event: 33.588 Thread 0x000001ceedb5f520 nmethod 6957 0x000001cedb6d6b90 code [0x000001cedb6d6d60, 0x000001cedb6d7178]
Event: 33.588 Thread 0x000001ceedb5f520 6958       3       org.gradle.internal.reflect.annotations.impl.DefaultTypeAnnotationMetadataStore$HasAnnotationMetadataBuilder::resolveAnnotation (40 bytes)
Event: 33.589 Thread 0x000001ceedb5f520 nmethod 6958 0x000001cedb6d7390 code [0x000001cedb6d7580, 0x000001cedb6d7b18]
Event: 33.589 Thread 0x000001ceedb5f520 6959       3       com.google.common.collect.SingletonImmutableBiMap::containsKey (9 bytes)
Event: 33.589 Thread 0x000001ceedb5f520 nmethod 6959 0x000001cedb6d7c90 code [0x000001cedb6d7e40, 0x000001cedb6d8008]
Event: 33.589 Thread 0x000001ceedb5f520 6960       3       org.gradle.internal.properties.annotations.PropertyAnnotationHandler::validatePropertyMetadata (1 bytes)
Event: 33.589 Thread 0x000001ceedb5f520 nmethod 6960 0x000001cedb6d8110 code [0x000001cedb6d82a0, 0x000001cedb6d83b8]

GC Heap History (16 events):
Event: 1.726 GC heap before
{Heap before GC invocations=0 (full 0):
 garbage-first heap   total 262144K, used 23552K [0x00000000e0000000, 0x0000000100000000)
  region size 1024K, 23 young (23552K), 0 survivors (0K)
 Metaspace       used 1066K, committed 1216K, reserved 393216K
  class space    used 73K, committed 128K, reserved 327680K
}
Event: 1.743 GC heap after
{Heap after GC invocations=1 (full 0):
 garbage-first heap   total 262144K, used 3104K [0x00000000e0000000, 0x0000000100000000)
  region size 1024K, 3 young (3072K), 3 survivors (3072K)
 Metaspace       used 1066K, committed 1216K, reserved 393216K
  class space    used 73K, committed 128K, reserved 327680K
}
Event: 3.463 GC heap before
{Heap before GC invocations=1 (full 0):
 garbage-first heap   total 262144K, used 38944K [0x00000000e0000000, 0x0000000100000000)
  region size 1024K, 36 young (36864K), 3 survivors (3072K)
 Metaspace       used 4357K, committed 4544K, reserved 393216K
  class space    used 545K, committed 640K, reserved 327680K
}
Event: 3.468 GC heap after
{Heap after GC invocations=2 (full 0):
 garbage-first heap   total 262144K, used 10955K [0x00000000e0000000, 0x0000000100000000)
  region size 1024K, 5 young (5120K), 5 survivors (5120K)
 Metaspace       used 4357K, committed 4544K, reserved 393216K
  class space    used 545K, committed 640K, reserved 327680K
}
Event: 6.887 GC heap before
{Heap before GC invocations=2 (full 0):
 garbage-first heap   total 262144K, used 60107K [0x00000000e0000000, 0x0000000100000000)
  region size 1024K, 51 young (52224K), 5 survivors (5120K)
 Metaspace       used 4769K, committed 4928K, reserved 393216K
  class space    used 609K, committed 704K, reserved 327680K
}
Event: 6.892 GC heap after
{Heap after GC invocations=3 (full 0):
 garbage-first heap   total 262144K, used 16438K [0x00000000e0000000, 0x0000000100000000)
  region size 1024K, 5 young (5120K), 5 survivors (5120K)
 Metaspace       used 4769K, committed 4928K, reserved 393216K
  class space    used 609K, committed 704K, reserved 327680K
}
Event: 16.034 GC heap before
{Heap before GC invocations=3 (full 0):
 garbage-first heap   total 262144K, used 126006K [0x00000000e0000000, 0x0000000100000000)
  region size 1024K, 113 young (115712K), 5 survivors (5120K)
 Metaspace       used 21146K, committed 21504K, reserved 393216K
  class space    used 3101K, committed 3264K, reserved 327680K
}
Event: 16.082 GC heap after
{Heap after GC invocations=4 (full 0):
 garbage-first heap   total 262144K, used 23620K [0x00000000e0000000, 0x0000000100000000)
  region size 1024K, 12 young (12288K), 12 survivors (12288K)
 Metaspace       used 21146K, committed 21504K, reserved 393216K
  class space    used 3101K, committed 3264K, reserved 327680K
}
Event: 23.105 GC heap before
{Heap before GC invocations=5 (full 0):
 garbage-first heap   total 262144K, used 145476K [0x00000000e0000000, 0x0000000100000000)
  region size 1024K, 127 young (130048K), 12 survivors (12288K)
 Metaspace       used 35688K, committed 36096K, reserved 393216K
  class space    used 4953K, committed 5120K, reserved 327680K
}
Event: 23.121 GC heap after
{Heap after GC invocations=6 (full 0):
 garbage-first heap   total 262144K, used 32083K [0x00000000e0000000, 0x0000000100000000)
  region size 1024K, 16 young (16384K), 16 survivors (16384K)
 Metaspace       used 35688K, committed 36096K, reserved 393216K
  class space    used 4953K, committed 5120K, reserved 327680K
}
Event: 23.146 GC heap before
{Heap before GC invocations=6 (full 0):
 garbage-first heap   total 262144K, used 33107K [0x00000000e0000000, 0x0000000100000000)
  region size 1024K, 17 young (17408K), 16 survivors (16384K)
 Metaspace       used 35768K, committed 36224K, reserved 393216K
  class space    used 4971K, committed 5184K, reserved 327680K
}
Event: 23.162 GC heap after
{Heap after GC invocations=7 (full 0):
 garbage-first heap   total 262144K, used 32588K [0x00000000e0000000, 0x0000000100000000)
  region size 1024K, 2 young (2048K), 2 survivors (2048K)
 Metaspace       used 35768K, committed 36224K, reserved 393216K
  class space    used 4971K, committed 5184K, reserved 327680K
}
Event: 23.215 GC heap before
{Heap before GC invocations=7 (full 0):
 garbage-first heap   total 262144K, used 33612K [0x00000000e0000000, 0x0000000100000000)
  region size 1024K, 4 young (4096K), 2 survivors (2048K)
 Metaspace       used 35989K, committed 36416K, reserved 393216K
  class space    used 5002K, committed 5184K, reserved 327680K
}
Event: 23.217 GC heap after
{Heap after GC invocations=8 (full 0):
 garbage-first heap   total 262144K, used 31035K [0x00000000e0000000, 0x0000000100000000)
  region size 1024K, 1 young (1024K), 1 survivors (1024K)
 Metaspace       used 35989K, committed 36416K, reserved 393216K
  class space    used 5002K, committed 5184K, reserved 327680K
}
Event: 30.907 GC heap before
{Heap before GC invocations=9 (full 0):
 garbage-first heap   total 262144K, used 188731K [0x00000000e0000000, 0x0000000100000000)
  region size 1024K, 153 young (156672K), 1 survivors (1024K)
 Metaspace       used 49285K, committed 49920K, reserved 393216K
  class space    used 6931K, committed 7232K, reserved 327680K
}
Event: 30.918 GC heap after
{Heap after GC invocations=10 (full 0):
 garbage-first heap   total 262144K, used 38513K [0x00000000e0000000, 0x0000000100000000)
  region size 1024K, 8 young (8192K), 8 survivors (8192K)
 Metaspace       used 49285K, committed 49920K, reserved 393216K
  class space    used 6931K, committed 7232K, reserved 327680K
}

Dll operation events (15 events):
Event: 0.020 Loaded shared library C:\Users\Administrator\.jdks\corretto-17.0.14-1\bin\java.dll
Event: 0.280 Loaded shared library C:\Users\Administrator\.jdks\corretto-17.0.14-1\bin\jsvml.dll
Event: 0.508 Loaded shared library C:\Users\Administrator\.jdks\corretto-17.0.14-1\bin\zip.dll
Event: 0.520 Loaded shared library C:\Users\Administrator\.jdks\corretto-17.0.14-1\bin\instrument.dll
Event: 0.528 Loaded shared library C:\Users\Administrator\.jdks\corretto-17.0.14-1\bin\net.dll
Event: 0.531 Loaded shared library C:\Users\Administrator\.jdks\corretto-17.0.14-1\bin\nio.dll
Event: 0.535 Loaded shared library C:\Users\Administrator\.jdks\corretto-17.0.14-1\bin\zip.dll
Event: 1.540 Loaded shared library C:\Users\Administrator\.jdks\corretto-17.0.14-1\bin\jimage.dll
Event: 1.990 Loaded shared library C:\Users\Administrator\.jdks\corretto-17.0.14-1\bin\verify.dll
Event: 2.477 Loaded shared library C:\Users\Administrator\.gradle\native\1def1411415f61bf3af743bc5b6707747c0891f09f0c88961ee8f79bc544acac\windows-amd64\native-platform.dll
Event: 2.486 Loaded shared library C:\Users\Administrator\.gradle\native\0.2.6\x86_64-windows-gnu\gradle-fileevents.dll
Event: 7.601 Loaded shared library C:\Users\Administrator\.jdks\corretto-17.0.14-1\bin\management.dll
Event: 7.606 Loaded shared library C:\Users\Administrator\.jdks\corretto-17.0.14-1\bin\management_ext.dll
Event: 8.784 Loaded shared library C:\Users\Administrator\.jdks\corretto-17.0.14-1\bin\extnet.dll
Event: 9.681 Loaded shared library C:\Users\Administrator\.jdks\corretto-17.0.14-1\bin\sunmscapi.dll

Deoptimization events (20 events):
Event: 33.221 Thread 0x000001cef56d85c0 DEOPT UNPACKING pc=0x000001cee207a1a3 sp=0x0000005d558fe508 mode 2
Event: 33.221 Thread 0x000001cef56d7690 DEOPT UNPACKING pc=0x000001cee207a1a3 sp=0x0000005d556fe8d8 mode 2
Event: 33.225 Thread 0x000001cef56d7690 Uncommon trap: trap_request=0xffffff45 fr.pc=0x000001cee2810e1c relative=0x000000000000007c
Event: 33.225 Thread 0x000001cef56d7690 Uncommon trap: reason=unstable_if action=reinterpret pc=0x000001cee2810e1c method=java.util.Spliterator.getExactSizeIfKnown()J @ 9 c2
Event: 33.225 Thread 0x000001cef56d7690 DEOPT PACKING pc=0x000001cee2810e1c sp=0x0000005d556feb30
Event: 33.225 Thread 0x000001cef56d7690 DEOPT UNPACKING pc=0x000001cee207a1a3 sp=0x0000005d556feac8 mode 2
Event: 33.233 Thread 0x000001cef3a18310 Uncommon trap: trap_request=0xffffff45 fr.pc=0x000001cee280b960 relative=0x0000000000000060
Event: 33.233 Thread 0x000001cef3a18310 Uncommon trap: reason=unstable_if action=reinterpret pc=0x000001cee280b960 method=java.util.HashMap$KeySpliterator.characteristics()I @ 4 c2
Event: 33.233 Thread 0x000001cef3a18310 DEOPT PACKING pc=0x000001cee280b960 sp=0x0000005d516f8a10
Event: 33.233 Thread 0x000001cef3a18310 DEOPT UNPACKING pc=0x000001cee207a1a3 sp=0x0000005d516f89b0 mode 2
Event: 33.348 Thread 0x000001cef3a18310 DEOPT PACKING pc=0x000001cedb636626 sp=0x0000005d516f8970
Event: 33.349 Thread 0x000001cef3a18310 DEOPT UNPACKING pc=0x000001cee207ace3 sp=0x0000005d516f7e20 mode 0
Event: 33.360 Thread 0x000001cef3a18310 Uncommon trap: trap_request=0xffffff45 fr.pc=0x000001cee293709c relative=0x000000000000045c
Event: 33.360 Thread 0x000001cef3a18310 Uncommon trap: reason=unstable_if action=reinterpret pc=0x000001cee293709c method=java.util.StringJoiner.add(Ljava/lang/CharSequence;)Ljava/util/StringJoiner; @ 33 c2
Event: 33.360 Thread 0x000001cef3a18310 DEOPT PACKING pc=0x000001cee293709c sp=0x0000005d516f8170
Event: 33.360 Thread 0x000001cef3a18310 DEOPT UNPACKING pc=0x000001cee207a1a3 sp=0x0000005d516f8120 mode 2
Event: 33.588 Thread 0x000001cef3a18310 Uncommon trap: trap_request=0xffffff76 fr.pc=0x000001cee29815a4 relative=0x0000000000000084
Event: 33.588 Thread 0x000001cef3a18310 Uncommon trap: reason=predicate action=maybe_recompile pc=0x000001cee29815a4 method=java.util.TimSort.binarySort([Ljava/lang/Object;IIILjava/util/Comparator;)V @ 34 c2
Event: 33.588 Thread 0x000001cef3a18310 DEOPT PACKING pc=0x000001cee29815a4 sp=0x0000005d516fa450
Event: 33.588 Thread 0x000001cef3a18310 DEOPT UNPACKING pc=0x000001cee207a1a3 sp=0x0000005d516fa400 mode 2

Classes loaded (20 events):
Event: 32.416 Loading class java/util/AbstractCollectionCustomizer
Event: 32.416 Loading class java/util/AbstractCollectionCustomizer done
Event: 32.416 Loading class java/util/AbstractCollectionCustomizer
Event: 32.416 Loading class java/util/AbstractCollectionCustomizer done
Event: 32.417 Loading class sun/reflect/generics/reflectiveObjects/GenericArrayTypeImpl
Event: 32.417 Loading class sun/reflect/generics/reflectiveObjects/GenericArrayTypeImpl done
Event: 32.631 Loading class sun/reflect/generics/tree/LongSignature
Event: 32.631 Loading class sun/reflect/generics/tree/LongSignature done
Event: 33.212 Loading class java/util/stream/ReferencePipeline$15
Event: 33.212 Loading class java/util/stream/ReferencePipeline$15 done
Event: 33.217 Loading class java/util/stream/ReferencePipeline$15$1
Event: 33.217 Loading class java/util/stream/ReferencePipeline$15$1 done
Event: 33.237 Loading class java/util/stream/ReduceOps$2
Event: 33.237 Loading class java/util/stream/ReduceOps$2 done
Event: 33.237 Loading class java/util/stream/ReduceOps$2ReducingSink
Event: 33.238 Loading class java/util/stream/ReduceOps$2ReducingSink done
Event: 33.280 Loading class java/util/Comparators$NaturalOrderComparator
Event: 33.280 Loading class java/util/Comparators$NaturalOrderComparator done
Event: 33.538 Loading class java/io/FilterReader
Event: 33.539 Loading class java/io/FilterReader done

Classes unloaded (0 events):
No events

Classes redefined (0 events):
No events

Internal exceptions (20 events):
Event: 33.428 Thread 0x000001cef3a18310 Exception <a 'java/lang/ClassNotFoundException'{0x00000000eabb4bf8}: org/gradle/api/internal/ConventionTaskBeanInfo> (0x00000000eabb4bf8) 
thrown [s\src\hotspot\share\classfile\systemDictionary.cpp, line 256]
Event: 33.428 Thread 0x000001cef3a18310 Exception <a 'java/lang/ClassNotFoundException'{0x00000000eabc0708}: org/gradle/api/DefaultTaskBeanInfo> (0x00000000eabc0708) 
thrown [s\src\hotspot\share\classfile\systemDictionary.cpp, line 256]
Event: 33.429 Thread 0x000001cef3a18310 Exception <a 'java/lang/ClassNotFoundException'{0x00000000eabcc7c0}: org/gradle/api/internal/AbstractTaskBeanInfo> (0x00000000eabcc7c0) 
thrown [s\src\hotspot\share\classfile\systemDictionary.cpp, line 256]
Event: 33.429 Thread 0x000001cef3a18310 Exception <a 'java/lang/ClassNotFoundException'{0x00000000eabd8868}: org/gradle/api/internal/AbstractTaskCustomizer> (0x00000000eabd8868) 
thrown [s\src\hotspot\share\classfile\systemDictionary.cpp, line 256]
Event: 33.433 Thread 0x000001cef3a18310 Exception <a 'java/lang/ClassNotFoundException'{0x00000000eaa39db8}: org/gradle/api/DefaultTaskCustomizer> (0x00000000eaa39db8) 
thrown [s\src\hotspot\share\classfile\systemDictionary.cpp, line 256]
Event: 33.436 Thread 0x000001cef3a18310 Exception <a 'java/lang/ClassNotFoundException'{0x00000000eaaa30a0}: org/gradle/api/internal/ConventionTaskCustomizer> (0x00000000eaaa30a0) 
thrown [s\src\hotspot\share\classfile\systemDictionary.cpp, line 256]
Event: 33.437 Thread 0x000001cef3a18310 Exception <a 'java/lang/ClassNotFoundException'{0x00000000eaabd298}: org/gradle/api/tasks/SourceTaskCustomizer> (0x00000000eaabd298) 
thrown [s\src\hotspot\share\classfile\systemDictionary.cpp, line 256]
Event: 33.439 Thread 0x000001cef3a18310 Exception <a 'java/lang/ClassNotFoundException'{0x00000000eaaee800}: org/gradle/api/tasks/compile/AbstractCompileCustomizer> (0x00000000eaaee800) 
thrown [s\src\hotspot\share\classfile\systemDictionary.cpp, line 256]
Event: 33.441 Thread 0x000001cef3a18310 Exception <a 'java/lang/ClassNotFoundException'{0x00000000ea916a18}: org/gradle/api/tasks/compile/JavaCompileCustomizer> (0x00000000ea916a18) 
thrown [s\src\hotspot\share\classfile\systemDictionary.cpp, line 256]
Event: 33.443 Thread 0x000001cef3a18310 Exception <a 'java/lang/ClassNotFoundException'{0x00000000ea93d5f0}: org/gradle/api/tasks/compile/JavaCompile_DecoratedCustomizer> (0x00000000ea93d5f0) 
thrown [s\src\hotspot\share\classfile\systemDictionary.cpp, line 256]
Event: 33.535 Thread 0x000001cef3a18310 Exception <a 'java/lang/ClassNotFoundException'{0x00000000ea8fd7d0}: org/gradle/language/jvm/tasks/ProcessResources_DecoratedBeanInfo> (0x00000000ea8fd7d0) 
thrown [s\src\hotspot\share\classfile\systemDictionary.cpp, line 256]
Event: 33.536 Thread 0x000001cef3a18310 Exception <a 'java/lang/ClassNotFoundException'{0x00000000ea70acf8}: org/gradle/language/jvm/tasks/ProcessResourcesBeanInfo> (0x00000000ea70acf8) 
thrown [s\src\hotspot\share\classfile\systemDictionary.cpp, line 256]
Event: 33.536 Thread 0x000001cef3a18310 Exception <a 'java/lang/ClassNotFoundException'{0x00000000ea715988}: org/gradle/api/tasks/CopyBeanInfo> (0x00000000ea715988) 
thrown [s\src\hotspot\share\classfile\systemDictionary.cpp, line 256]
Event: 33.536 Thread 0x000001cef3a18310 Exception <a 'java/lang/ClassNotFoundException'{0x00000000ea7207a0}: org/gradle/api/tasks/AbstractCopyTaskBeanInfo> (0x00000000ea7207a0) 
thrown [s\src\hotspot\share\classfile\systemDictionary.cpp, line 256]
Event: 33.537 Thread 0x000001cef3a18310 Exception <a 'java/lang/ClassNotFoundException'{0x00000000ea72b690}: org/gradle/api/tasks/AbstractCopyTaskCustomizer> (0x00000000ea72b690) 
thrown [s\src\hotspot\share\classfile\systemDictionary.cpp, line 256]
Event: 33.541 Thread 0x000001cef3a18310 Exception <a 'java/lang/ClassNotFoundException'{0x00000000ea7bd048}: org/gradle/api/tasks/CopyCustomizer> (0x00000000ea7bd048) 
thrown [s\src\hotspot\share\classfile\systemDictionary.cpp, line 256]
Event: 33.543 Thread 0x000001cef3a18310 Exception <a 'java/lang/ClassNotFoundException'{0x00000000ea7e12d0}: org/gradle/language/jvm/tasks/ProcessResourcesCustomizer> (0x00000000ea7e12d0) 
thrown [s\src\hotspot\share\classfile\systemDictionary.cpp, line 256]
Event: 33.545 Thread 0x000001cef3a18310 Exception <a 'java/lang/ClassNotFoundException'{0x00000000ea602960}: org/gradle/language/jvm/tasks/ProcessResources_DecoratedCustomizer> (0x00000000ea602960) 
thrown [s\src\hotspot\share\classfile\systemDictionary.cpp, line 256]
Event: 33.552 Thread 0x000001cef3a18310 Exception <a 'java/lang/ClassNotFoundException'{0x00000000ea6a6840}: org/gradle/api/DefaultTask_DecoratedBeanInfo> (0x00000000ea6a6840) 
thrown [s\src\hotspot\share\classfile\systemDictionary.cpp, line 256]
Event: 33.552 Thread 0x000001cef3a18310 Exception <a 'java/lang/ClassNotFoundException'{0x00000000ea6b14e8}: org/gradle/api/DefaultTask_DecoratedCustomizer> (0x00000000ea6b14e8) 
thrown [s\src\hotspot\share\classfile\systemDictionary.cpp, line 256]

VM Operations (20 events):
Event: 29.804 Executing VM operation: Cleanup
Event: 29.804 Executing VM operation: Cleanup done
Event: 30.169 Executing VM operation: HandshakeAllThreads
Event: 30.170 Executing VM operation: HandshakeAllThreads done
Event: 30.596 Executing VM operation: ICBufferFull
Event: 30.619 Executing VM operation: ICBufferFull done
Event: 30.619 Executing VM operation: ICBufferFull
Event: 30.621 Executing VM operation: ICBufferFull done
Event: 30.865 Executing VM operation: ICBufferFull
Event: 30.865 Executing VM operation: ICBufferFull done
Event: 30.907 Executing VM operation: G1CollectForAllocation
Event: 30.918 Executing VM operation: G1CollectForAllocation done
Event: 31.459 Executing VM operation: ICBufferFull
Event: 31.459 Executing VM operation: ICBufferFull done
Event: 32.072 Executing VM operation: ICBufferFull
Event: 32.073 Executing VM operation: ICBufferFull done
Event: 33.047 Executing VM operation: ICBufferFull
Event: 33.047 Executing VM operation: ICBufferFull done
Event: 33.370 Executing VM operation: HandshakeAllThreads
Event: 33.370 Executing VM operation: HandshakeAllThreads done

Memory protections (0 events):
No events

Nmethod flushes (20 events):
Event: 25.749 Thread 0x000001ceedb5fe30 flushing  nmethod 0x000001cedb20d210
Event: 25.749 Thread 0x000001ceedb5fe30 flushing  nmethod 0x000001cedb211e10
Event: 25.749 Thread 0x000001ceedb5fe30 flushing  nmethod 0x000001cedb230e10
Event: 25.749 Thread 0x000001ceedb5fe30 flushing  nmethod 0x000001cedb237c90
Event: 25.749 Thread 0x000001ceedb5fe30 flushing  nmethod 0x000001cedb238090
Event: 25.749 Thread 0x000001ceedb5fe30 flushing  nmethod 0x000001cedb23e310
Event: 25.749 Thread 0x000001ceedb5fe30 flushing  nmethod 0x000001cedb23ee90
Event: 25.749 Thread 0x000001ceedb5fe30 flushing  nmethod 0x000001cedb23f690
Event: 25.749 Thread 0x000001ceedb5fe30 flushing  nmethod 0x000001cedb240110
Event: 25.749 Thread 0x000001ceedb5fe30 flushing  nmethod 0x000001cedb241610
Event: 25.749 Thread 0x000001ceedb5fe30 flushing  nmethod 0x000001cedb24a410
Event: 25.749 Thread 0x000001ceedb5fe30 flushing  nmethod 0x000001cedb25bd10
Event: 25.749 Thread 0x000001ceedb5fe30 flushing  nmethod 0x000001cedb283e90
Event: 25.749 Thread 0x000001ceedb5fe30 flushing  nmethod 0x000001cedb297710
Event: 25.750 Thread 0x000001ceedb5fe30 flushing  nmethod 0x000001cedb300210
Event: 25.750 Thread 0x000001ceedb5fe30 flushing  nmethod 0x000001cedb305610
Event: 25.750 Thread 0x000001ceedb5fe30 flushing  nmethod 0x000001cedb312490
Event: 25.750 Thread 0x000001ceedb5fe30 flushing  nmethod 0x000001cedb314b90
Event: 25.750 Thread 0x000001ceedb5fe30 flushing  nmethod 0x000001cedb36fe10
Event: 25.750 Thread 0x000001ceedb5fe30 flushing  nmethod 0x000001cedb370910

Events (20 events):
Event: 30.522 Thread 0x000001cef3a18310 Thread added: 0x000001cef2534ae0
Event: 30.524 Thread 0x000001cef3a18310 Thread added: 0x000001cef25340c0
Event: 30.593 Thread 0x000001cef3a18310 Thread added: 0x000001cef25345d0
Event: 30.594 Thread 0x000001cef3a18310 Thread added: 0x000001cef2535a10
Event: 30.595 Thread 0x000001cef3a18310 Thread added: 0x000001cef2535f20
Event: 30.595 Thread 0x000001cef3a18310 Thread added: 0x000001cef2536940
Event: 30.621 Thread 0x000001cef3a18310 Thread added: 0x000001cef252f4d0
Event: 30.623 Thread 0x000001cef3a18310 Thread added: 0x000001cef2536e50
Event: 30.624 Thread 0x000001cef3a18310 Thread added: 0x000001cef252f9e0
Event: 31.230 Thread 0x000001cef3a18310 Thread added: 0x000001cef56d9a00
Event: 32.231 Thread 0x000001cef2e98ad0 Thread exited: 0x000001cef2e98ad0
Event: 32.425 Thread 0x000001ceedb5f520 Thread added: 0x000001cef6c2b1e0
Event: 33.217 Thread 0x000001cef3a18310 Thread added: 0x000001cef56d7690
Event: 33.218 Thread 0x000001cef56d7690 Thread added: 0x000001cef56d7ba0
Event: 33.219 Thread 0x000001cef56d7690 Thread added: 0x000001cef56d85c0
Event: 33.220 Thread 0x000001cef56d7ba0 Thread added: 0x000001cef56dae40
Event: 33.220 Thread 0x000001cef56d7ba0 Thread added: 0x000001cef56d6c70
Event: 33.221 Thread 0x000001cef56d85c0 Thread added: 0x000001cef56d5830
Event: 33.223 Thread 0x000001cef56d7ba0 Thread added: 0x000001cef56d7180
Event: 33.595 Thread 0x000001cef3a18310 Thread added: 0x000001cef56d80b0


Dynamic libraries:
0x00007ff70f080000 - 0x00007ff70f08e000 	C:\Users\Administrator\.jdks\corretto-17.0.14-1\bin\java.exe
0x00007ff8decf0000 - 0x00007ff8deee8000 	C:\Windows\SYSTEM32\ntdll.dll
0x00007ff8dd570000 - 0x00007ff8dd632000 	C:\Windows\System32\KERNEL32.DLL
0x00007ff8dc3b0000 - 0x00007ff8dc6a6000 	C:\Windows\System32\KERNELBASE.dll
0x00007ff8dcb80000 - 0x00007ff8dcc80000 	C:\Windows\System32\ucrtbase.dll
0x00007ff8d43e0000 - 0x00007ff8d43f7000 	C:\Users\Administrator\.jdks\corretto-17.0.14-1\bin\jli.dll
0x00007ff8de840000 - 0x00007ff8de9dd000 	C:\Windows\System32\USER32.dll
0x00007ff8dcaa0000 - 0x00007ff8dcac2000 	C:\Windows\System32\win32u.dll
0x00007ff8dcd10000 - 0x00007ff8dcd3b000 	C:\Windows\System32\GDI32.dll
0x00007ff8dc700000 - 0x00007ff8dc81a000 	C:\Windows\System32\gdi32full.dll
0x00007ff8dc980000 - 0x00007ff8dca1d000 	C:\Windows\System32\msvcp_win.dll
0x00007ff8d3c60000 - 0x00007ff8d3c7b000 	C:\Users\Administrator\.jdks\corretto-17.0.14-1\bin\VCRUNTIME140.dll
0x00007ff8bfe30000 - 0x00007ff8c00ca000 	C:\Windows\WinSxS\amd64_microsoft.windows.common-controls_6595b64144ccf1df_6.0.19041.4355_none_60b8b9eb71f62e16\COMCTL32.dll
0x00007ff8de9e0000 - 0x00007ff8dea7e000 	C:\Windows\System32\msvcrt.dll
0x00007ff8de0c0000 - 0x00007ff8de0ef000 	C:\Windows\System32\IMM32.DLL
0x00007ff8d3c50000 - 0x00007ff8d3c5c000 	C:\Users\Administrator\.jdks\corretto-17.0.14-1\bin\vcruntime140_1.dll
0x00007ff8d3560000 - 0x00007ff8d35ed000 	C:\Users\Administrator\.jdks\corretto-17.0.14-1\bin\msvcp140.dll
0x00007ff86bae0000 - 0x00007ff86c74c000 	C:\Users\Administrator\.jdks\corretto-17.0.14-1\bin\server\jvm.dll
0x00007ff8dcd50000 - 0x00007ff8dcdff000 	C:\Windows\System32\ADVAPI32.dll
0x00007ff8dde80000 - 0x00007ff8ddf1f000 	C:\Windows\System32\sechost.dll
0x00007ff8dd720000 - 0x00007ff8dd843000 	C:\Windows\System32\RPCRT4.dll
0x00007ff8dc380000 - 0x00007ff8dc3a7000 	C:\Windows\System32\bcrypt.dll
0x00007ff8de2b0000 - 0x00007ff8de31b000 	C:\Windows\System32\WS2_32.dll
0x00007ff8db880000 - 0x00007ff8db8cb000 	C:\Windows\SYSTEM32\POWRPROF.dll
0x00007ff8be380000 - 0x00007ff8be3a7000 	C:\Windows\SYSTEM32\WINMM.dll
0x00007ff8d3300000 - 0x00007ff8d330a000 	C:\Windows\SYSTEM32\VERSION.dll
0x00007ff8db740000 - 0x00007ff8db752000 	C:\Windows\SYSTEM32\UMPDC.dll
0x00007ff8da3a0000 - 0x00007ff8da3b2000 	C:\Windows\SYSTEM32\kernel.appcore.dll
0x00007ff8d3550000 - 0x00007ff8d355a000 	C:\Users\Administrator\.jdks\corretto-17.0.14-1\bin\jimage.dll
0x00007ff8d98d0000 - 0x00007ff8d9ab4000 	C:\Windows\SYSTEM32\DBGHELP.DLL
0x00007ff8aea00000 - 0x00007ff8aea34000 	C:\Windows\SYSTEM32\dbgcore.DLL
0x00007ff8dcc80000 - 0x00007ff8dcd02000 	C:\Windows\System32\bcryptPrimitives.dll
0x00007ff8a00d0000 - 0x00007ff8a00de000 	C:\Users\Administrator\.jdks\corretto-17.0.14-1\bin\instrument.dll
0x00007ff8cba40000 - 0x00007ff8cba65000 	C:\Users\Administrator\.jdks\corretto-17.0.14-1\bin\java.dll
0x00007ff8704e0000 - 0x00007ff8705b7000 	C:\Users\Administrator\.jdks\corretto-17.0.14-1\bin\jsvml.dll
0x00007ff8dce00000 - 0x00007ff8dd56f000 	C:\Windows\System32\SHELL32.dll
0x00007ff8da3c0000 - 0x00007ff8dab63000 	C:\Windows\SYSTEM32\windows.storage.dll
0x00007ff8de380000 - 0x00007ff8de6d5000 	C:\Windows\System32\combase.dll
0x00007ff8dbcd0000 - 0x00007ff8dbcfb000 	C:\Windows\SYSTEM32\Wldp.dll
0x00007ff8deae0000 - 0x00007ff8debad000 	C:\Windows\System32\OLEAUT32.dll
0x00007ff8de790000 - 0x00007ff8de83d000 	C:\Windows\System32\SHCORE.dll
0x00007ff8dea80000 - 0x00007ff8dead5000 	C:\Windows\System32\shlwapi.dll
0x00007ff8dc2b0000 - 0x00007ff8dc2d5000 	C:\Windows\SYSTEM32\profapi.dll
0x00007ff8c3570000 - 0x00007ff8c3588000 	C:\Users\Administrator\.jdks\corretto-17.0.14-1\bin\zip.dll
0x00007ff8d33f0000 - 0x00007ff8d3409000 	C:\Users\Administrator\.jdks\corretto-17.0.14-1\bin\net.dll
0x00007ff8d4950000 - 0x00007ff8d4a5a000 	C:\Windows\SYSTEM32\WINHTTP.dll
0x00007ff8dbab0000 - 0x00007ff8dbb1c000 	C:\Windows\system32\mswsock.dll
0x00007ff8cba20000 - 0x00007ff8cba36000 	C:\Users\Administrator\.jdks\corretto-17.0.14-1\bin\nio.dll
0x00007ff89ee80000 - 0x00007ff89ee90000 	C:\Users\Administrator\.jdks\corretto-17.0.14-1\bin\verify.dll
0x00007ff870b60000 - 0x00007ff870b87000 	C:\Users\Administrator\.gradle\native\1def1411415f61bf3af743bc5b6707747c0891f09f0c88961ee8f79bc544acac\windows-amd64\native-platform.dll
0x00007ff870ea0000 - 0x00007ff870f18000 	C:\Users\Administrator\.gradle\native\0.2.6\x86_64-windows-gnu\gradle-fileevents.dll
0x00007ff8a6d60000 - 0x00007ff8a6d69000 	C:\Users\Administrator\.jdks\corretto-17.0.14-1\bin\management.dll
0x00007ff8a5000000 - 0x00007ff8a500b000 	C:\Users\Administrator\.jdks\corretto-17.0.14-1\bin\management_ext.dll
0x00007ff8debb0000 - 0x00007ff8debb8000 	C:\Windows\System32\PSAPI.DLL
0x00007ff8db760000 - 0x00007ff8db79b000 	C:\Windows\SYSTEM32\IPHLPAPI.DLL
0x00007ff8dcd40000 - 0x00007ff8dcd48000 	C:\Windows\System32\NSI.dll
0x00007ff8d3370000 - 0x00007ff8d3387000 	C:\Windows\SYSTEM32\dhcpcsvc6.DLL
0x00007ff8d3350000 - 0x00007ff8d336d000 	C:\Windows\SYSTEM32\dhcpcsvc.DLL
0x00007ff8db7b0000 - 0x00007ff8db87a000 	C:\Windows\SYSTEM32\DNSAPI.dll
0x00007ff8a6fe0000 - 0x00007ff8a6fe9000 	C:\Users\Administrator\.jdks\corretto-17.0.14-1\bin\extnet.dll
0x00007ff8dbd10000 - 0x00007ff8dbd28000 	C:\Windows\SYSTEM32\CRYPTSP.dll
0x00007ff8db380000 - 0x00007ff8db3b8000 	C:\Windows\system32\rsaenh.dll
0x00007ff8dc270000 - 0x00007ff8dc29e000 	C:\Windows\SYSTEM32\USERENV.dll
0x00007ff8dbc40000 - 0x00007ff8dbc4c000 	C:\Windows\SYSTEM32\CRYPTBASE.dll
0x00007ff8a80b0000 - 0x00007ff8a80be000 	C:\Users\Administrator\.jdks\corretto-17.0.14-1\bin\sunmscapi.dll
0x00007ff8dc820000 - 0x00007ff8dc97d000 	C:\Windows\System32\CRYPT32.dll
0x00007ff8dbe20000 - 0x00007ff8dbe47000 	C:\Windows\SYSTEM32\ncrypt.dll
0x00007ff8dbde0000 - 0x00007ff8dbe1b000 	C:\Windows\SYSTEM32\NTASN1.dll
0x00007ff8d3680000 - 0x00007ff8d3687000 	C:\Windows\system32\wshunix.dll

dbghelp: loaded successfully - version: 4.0.5 - missing functions: none
symbol engine: initialized successfully - sym options: 0x614 - pdb path: .;C:\Users\Administrator\.jdks\corretto-17.0.14-1\bin;C:\Windows\SYSTEM32;C:\Windows\WinSxS\amd64_microsoft.windows.common-controls_6595b64144ccf1df_6.0.19041.4355_none_60b8b9eb71f62e16;C:\Users\Administrator\.jdks\corretto-17.0.14-1\bin\server;C:\Users\Administrator\.gradle\native\1def1411415f61bf3af743bc5b6707747c0891f09f0c88961ee8f79bc544acac\windows-amd64;C:\Users\Administrator\.gradle\native\0.2.6\x86_64-windows-gnu

VM Arguments:
jvm_args: --add-opens=java.base/java.lang=ALL-UNNAMED --add-opens=java.base/java.lang.invoke=ALL-UNNAMED --add-opens=java.base/java.util=ALL-UNNAMED --add-opens=java.prefs/java.util.prefs=ALL-UNNAMED --add-exports=jdk.compiler/com.sun.tools.javac.api=ALL-UNNAMED --add-exports=jdk.compiler/com.sun.tools.javac.util=ALL-UNNAMED --add-opens=java.base/java.util=ALL-UNNAMED --add-opens=java.prefs/java.util.prefs=ALL-UNNAMED --add-opens=java.base/java.nio.charset=ALL-UNNAMED --add-opens=java.base/java.net=ALL-UNNAMED --add-opens=java.base/java.util.concurrent.atomic=ALL-UNNAMED --add-opens=java.xml/javax.xml.namespace=ALL-UNNAMED -XX:MaxMetaspaceSize=384m -XX:+HeapDumpOnOutOfMemoryError -Xms256m -Xmx512m -Dfile.encoding=UTF-8 -Duser.country=US -Duser.language=en -Duser.variant -javaagent:C:\Users\Administrator\.gradle\wrapper\dists\gradle-8.12.1-bin\eumc4uhoysa37zql93vfjkxy0\gradle-8.12.1\lib\agents\gradle-instrumentation-agent-8.12.1.jar 
java_command: org.gradle.launcher.daemon.bootstrap.GradleDaemon 8.12.1
java_class_path (initial): C:\Users\Administrator\.gradle\wrapper\dists\gradle-8.12.1-bin\eumc4uhoysa37zql93vfjkxy0\gradle-8.12.1\lib\gradle-daemon-main-8.12.1.jar
Launcher Type: SUN_STANDARD

[Global flags]
     intx CICompilerCount                          = 4                                         {product} {ergonomic}
   size_t CompressedClassSpaceSize                 = 335544320                                 {product} {ergonomic}
     uint ConcGCThreads                            = 2                                         {product} {ergonomic}
     uint G1ConcRefinementThreads                  = 8                                         {product} {ergonomic}
   size_t G1HeapRegionSize                         = 1048576                                   {product} {ergonomic}
    uintx GCDrainStackTargetSize                   = 64                                        {product} {ergonomic}
     bool HeapDumpOnOutOfMemoryError               = true                                   {manageable} {command line}
   size_t InitialHeapSize                          = 268435456                                 {product} {command line}
   size_t MarkStackSize                            = 4194304                                   {product} {ergonomic}
   size_t MaxHeapSize                              = 536870912                                 {product} {command line}
   size_t MaxMetaspaceSize                         = 402653184                                 {product} {command line}
   size_t MaxNewSize                               = 321912832                                 {product} {ergonomic}
   size_t MinHeapDeltaBytes                        = 1048576                                   {product} {ergonomic}
   size_t MinHeapSize                              = 268435456                                 {product} {command line}
    uintx NonNMethodCodeHeapSize                   = 5839372                                {pd product} {ergonomic}
    uintx NonProfiledCodeHeapSize                  = 122909434                              {pd product} {ergonomic}
    uintx ProfiledCodeHeapSize                     = 122909434                              {pd product} {ergonomic}
    uintx ReservedCodeCacheSize                    = 251658240                              {pd product} {ergonomic}
     bool SegmentedCodeCache                       = true                                      {product} {ergonomic}
   size_t SoftMaxHeapSize                          = 536870912                              {manageable} {ergonomic}
     bool UseCompressedClassPointers               = true                           {product lp64_product} {ergonomic}
     bool UseCompressedOops                        = true                           {product lp64_product} {ergonomic}
     bool UseG1GC                                  = true                                      {product} {ergonomic}
     bool UseLargePagesIndividualAllocation        = false                                  {pd product} {ergonomic}

Logging:
Log output configuration:
 #0: stdout all=warning uptime,level,tags
 #1: stderr all=off uptime,level,tags

Environment Variables:
PATH=c:\Users\Administrator\AppData\Local\Programs\cursor\resources\app\bin;C:\Windows\system32;C:\Windows;C:\Windows\System32\Wbem;C:\Windows\System32\WindowsPowerShell\v1.0\;D:\Program Files\Git\cmd;D:\Program Files\nodejs\;C:\Program Files\Docker\Docker\resources\bin;C:\Users\Administrator\AppData\Local\Microsoft\WindowsApps;C:\Users\Administrator\AppData\Roaming\npm;C:\Users\Administrator\AppData\Local\Programs\cursor\resources\app\bin;c:\Users\Administrator\AppData\Local\Programs\cursor\resources\app\bin;D:\Program Files\PuTTY\;C:\xampp8\php;C:\ProgramData\ComposerSetup\bin;C:\Users\Administrator\AppData\Local\Microsoft\WindowsApps;C:\Users\Administrator\AppData\Roaming\npm;C:\Users\Administrator\AppData\Local\Programs\Microsoft VS Code\bin;C:\Users\Administrator\AppData\Roaming\Composer\vendor\bin;C:\Users\Administrator\AppData\Local\Programs\cursor\resources\app\bin
USERNAME=Administrator
OS=Windows_NT
PROCESSOR_IDENTIFIER=Intel64 Family 6 Model 140 Stepping 1, GenuineIntel
TMP=C:\Users\ADMINI~1\AppData\Local\Temp
TEMP=C:\Users\ADMINI~1\AppData\Local\Temp



Periodic native trim disabled


---------------  S Y S T E M  ---------------

OS:
 Windows 10 , 64 bit Build 19041 (10.0.19041.5678)
OS uptime: 3 days 8:36 hours
Hyper-V role detected

CPU: total 8 (initial active 8) (4 cores per cpu, 2 threads per core) family 6 model 140 stepping 1 microcode 0xac, cx8, cmov, fxsr, ht, mmx, 3dnowpref, sse, sse2, sse3, ssse3, sse4.1, sse4.2, popcnt, lzcnt, tsc, tscinvbit, avx, avx2, aes, erms, clmul, bmi1, bmi2, adx, avx512f, avx512dq, avx512cd, avx512bw, avx512vl, sha, fma, vzeroupper, avx512_vpopcntdq, avx512_vpclmulqdq, avx512_vaes, avx512_vnni, clflush, clflushopt, clwb, avx512_vbmi2, avx512_vbmi, hv
Processor Information for all 8 processors :
  Max Mhz: 2419, Current Mhz: 2419, Mhz Limit: 2419

Memory: 4k page, system-wide physical 16149M (342M free)
TotalPageFile size 28650M (AvailPageFile size 7M)
current process WorkingSet (physical memory assigned to process): 386M, peak: 392M
current process commit charge ("private bytes"): 495M, peak: 500M

vm_info: OpenJDK 64-Bit Server VM (17.0.14+7-LTS) for windows-amd64 JRE (17.0.14+7-LTS), built on Jan  7 2025 20:14:24 by "Administrator" with MS VC++ 16.10 / 16.11 (VS2019)

END.
