#
# There is insufficient memory for the Java Runtime Environment to continue.
# Native memory allocation (malloc) failed to allocate 1440224 bytes. Error detail: Chunk::new
# Possible reasons:
#   The system is out of physical RAM or swap space
#   This process is running with CompressedOops enabled, and the Java Heap may be blocking the growth of the native heap
# Possible solutions:
#   Reduce memory load on the system
#   Increase physical memory or swap space
#   Check if swap backing store is full
#   Decrease Java heap size (-Xmx/-Xms)
#   Decrease number of Java threads
#   Decrease Java thread stack sizes (-Xss)
#   Set larger code cache with -XX:ReservedCodeCacheSize=
#   JVM is running with Unscaled Compressed Oops mode in which the Java heap is
#     placed in the first 4GB address space. The Java Heap base address is the
#     maximum limit for the native heap growth. Please use -XX:HeapBaseMinAddress
#     to set the Java Heap base and to place the Java Heap above 4GB virtual address.
# This output file may be truncated or incomplete.
#
#  Out of Memory Error (arena.cpp:191), pid=6892, tid=19752
#
# JRE version: OpenJDK Runtime Environment Corretto-17.0.14.7.1 (17.0.14+7) (build 17.0.14+7-LTS)
# Java VM: OpenJDK 64-Bit Server VM Corretto-17.0.14.7.1 (17.0.14+7-LTS, mixed mode, sharing, tiered, compressed oops, compressed class ptrs, g1 gc, windows-amd64)
# No core dump will be written. Minidumps are not enabled by default on client versions of Windows
#

---------------  S U M M A R Y ------------

Command Line: --add-opens=java.base/java.lang=ALL-UNNAMED --add-opens=java.base/java.lang.invoke=ALL-UNNAMED --add-opens=java.base/java.util=ALL-UNNAMED --add-opens=java.prefs/java.util.prefs=ALL-UNNAMED --add-exports=jdk.compiler/com.sun.tools.javac.api=ALL-UNNAMED --add-exports=jdk.compiler/com.sun.tools.javac.util=ALL-UNNAMED --add-opens=java.base/java.util=ALL-UNNAMED --add-opens=java.prefs/java.util.prefs=ALL-UNNAMED --add-opens=java.base/java.nio.charset=ALL-UNNAMED --add-opens=java.base/java.net=ALL-UNNAMED --add-opens=java.base/java.util.concurrent.atomic=ALL-UNNAMED --add-opens=java.xml/javax.xml.namespace=ALL-UNNAMED -XX:MaxMetaspaceSize=384m -XX:+HeapDumpOnOutOfMemoryError -Xms256m -Xmx512m -Dfile.encoding=UTF-8 -Duser.country=US -Duser.language=en -Duser.variant -javaagent:C:\Users\Administrator\.gradle\wrapper\dists\gradle-8.12.1-bin\eumc4uhoysa37zql93vfjkxy0\gradle-8.12.1\lib\agents\gradle-instrumentation-agent-8.12.1.jar org.gradle.launcher.daemon.bootstrap.GradleDaemon 8.12.1

Host: 11th Gen Intel(R) Core(TM) i5-1135G7 @ 2.40GHz, 8 cores, 15G,  Windows 10 , 64 bit Build 19041 (10.0.19041.5678)
Time: Mon Jun 16 19:37:07 2025 SE Asia Standard Time elapsed time: 6.152167 seconds (0d 0h 0m 6s)

---------------  T H R E A D  ---------------

Current thread (0x000001b37e86dcb0):  JavaThread "C2 CompilerThread0" daemon [_thread_in_native, id=19752, stack(0x0000002bc3b00000,0x0000002bc3c00000)]


Current CompileTask:
C2:   6152 2309       4       jdk.internal.org.objectweb.asm.Frame::execute (2305 bytes)

Stack: [0x0000002bc3b00000,0x0000002bc3c00000]
Native frames: (J=compiled Java code, j=interpreted, Vv=VM code, C=native code)
V  [jvm.dll+0x681069]
V  [jvm.dll+0x838cca]
V  [jvm.dll+0x83a78e]
V  [jvm.dll+0x83adf3]
V  [jvm.dll+0x24826f]
V  [jvm.dll+0xac9f4]
V  [jvm.dll+0xad03c]
V  [jvm.dll+0x367937]
V  [jvm.dll+0x1bd472]
V  [jvm.dll+0x21a909]
V  [jvm.dll+0x219bf1]
V  [jvm.dll+0x1a599d]
V  [jvm.dll+0x22994d]
V  [jvm.dll+0x227adc]
V  [jvm.dll+0x7edb77]
V  [jvm.dll+0x7e7f6c]
V  [jvm.dll+0x67ff37]
C  [ucrtbase.dll+0x21bb2]
C  [KERNEL32.DLL+0x17374]
C  [ntdll.dll+0x4cc91]


---------------  P R O C E S S  ---------------

Threads class SMR info:
_java_thread_list=0x000001b316e237f0, length=24, elements={
0x000001b37a74ffa0, 0x000001b37e855e80, 0x000001b37e856950, 0x000001b37e866f10,
0x000001b37e8698f0, 0x000001b37e86a1c0, 0x000001b37e86caa0, 0x000001b37e86dcb0,
0x000001b37e870180, 0x000001b37e874730, 0x000001b37e840f10, 0x000001b316d018e0,
0x000001b331844320, 0x000001b3319951c0, 0x000001b331af2680, 0x000001b330e23750,
0x000001b330e23c30, 0x000001b331cc7670, 0x000001b3302e96e0, 0x000001b33152cca0,
0x000001b33152d180, 0x000001b330a34a50, 0x000001b331e4ceb0, 0x000001b3784e7ba0
}

Java Threads: ( => current thread )
  0x000001b37a74ffa0 JavaThread "main" [_thread_blocked, id=13612, stack(0x0000002bc2e00000,0x0000002bc2f00000)]
  0x000001b37e855e80 JavaThread "Reference Handler" daemon [_thread_blocked, id=552, stack(0x0000002bc3500000,0x0000002bc3600000)]
  0x000001b37e856950 JavaThread "Finalizer" daemon [_thread_blocked, id=8504, stack(0x0000002bc3600000,0x0000002bc3700000)]
  0x000001b37e866f10 JavaThread "Signal Dispatcher" daemon [_thread_blocked, id=16980, stack(0x0000002bc3700000,0x0000002bc3800000)]
  0x000001b37e8698f0 JavaThread "Attach Listener" daemon [_thread_blocked, id=6992, stack(0x0000002bc3800000,0x0000002bc3900000)]
  0x000001b37e86a1c0 JavaThread "Service Thread" daemon [_thread_blocked, id=13828, stack(0x0000002bc3900000,0x0000002bc3a00000)]
  0x000001b37e86caa0 JavaThread "Monitor Deflation Thread" daemon [_thread_blocked, id=10808, stack(0x0000002bc3a00000,0x0000002bc3b00000)]
=>0x000001b37e86dcb0 JavaThread "C2 CompilerThread0" daemon [_thread_in_native, id=19752, stack(0x0000002bc3b00000,0x0000002bc3c00000)]
  0x000001b37e870180 JavaThread "C1 CompilerThread0" daemon [_thread_in_native, id=20212, stack(0x0000002bc3c00000,0x0000002bc3d00000)]
  0x000001b37e874730 JavaThread "Sweeper thread" daemon [_thread_blocked, id=7240, stack(0x0000002bc3d00000,0x0000002bc3e00000)]
  0x000001b37e840f10 JavaThread "Common-Cleaner" daemon [_thread_blocked, id=15432, stack(0x0000002bc3e00000,0x0000002bc3f00000)]
  0x000001b316d018e0 JavaThread "Notification Thread" daemon [_thread_blocked, id=3520, stack(0x0000002bc3f00000,0x0000002bc4000000)]
  0x000001b331844320 JavaThread "Daemon health stats" [_thread_blocked, id=9208, stack(0x0000002bc4100000,0x0000002bc4200000)]
  0x000001b3319951c0 JavaThread "Incoming local TCP Connector on port 60821" [_thread_in_native, id=16248, stack(0x0000002bc4700000,0x0000002bc4800000)]
  0x000001b331af2680 JavaThread "Daemon periodic checks" [_thread_blocked, id=13724, stack(0x0000002bc4800000,0x0000002bc4900000)]
  0x000001b330e23750 JavaThread "Daemon" [_thread_blocked, id=2824, stack(0x0000002bc4900000,0x0000002bc4a00000)]
  0x000001b330e23c30 JavaThread "Handler for socket connection from /127.0.0.1:60821 to /127.0.0.1:60822" [_thread_in_native, id=4604, stack(0x0000002bc4a00000,0x0000002bc4b00000)]
  0x000001b331cc7670 JavaThread "Cancel handler" [_thread_blocked, id=16040, stack(0x0000002bc4b00000,0x0000002bc4c00000)]
  0x000001b3302e96e0 JavaThread "Daemon worker" [_thread_in_native, id=15292, stack(0x0000002bc4c00000,0x0000002bc4d00000)]
  0x000001b33152cca0 JavaThread "Asynchronous log dispatcher for DefaultDaemonConnection: socket connection from /127.0.0.1:60821 to /127.0.0.1:60822" [_thread_blocked, id=16852, stack(0x0000002bc4d00000,0x0000002bc4e00000)]
  0x000001b33152d180 JavaThread "Stdin handler" [_thread_blocked, id=12456, stack(0x0000002bc4e00000,0x0000002bc4f00000)]
  0x000001b330a34a50 JavaThread "Daemon client event forwarder" [_thread_blocked, id=16808, stack(0x0000002bc4f00000,0x0000002bc5000000)]
  0x000001b331e4ceb0 JavaThread "Cache worker for journal cache (C:\Users\Administrator\.gradle\caches\journal-1)" [_thread_blocked, id=12600, stack(0x0000002bc5000000,0x0000002bc5100000)]
  0x000001b3784e7ba0 JavaThread "File lock request listener" [_thread_in_native, id=2640, stack(0x0000002bc5100000,0x0000002bc5200000)]

Other Threads:
  0x000001b37e8505d0 VMThread "VM Thread" [stack: 0x0000002bc3400000,0x0000002bc3500000] [id=1540]
  0x000001b37a750d70 WatcherThread [stack: 0x0000002bc4000000,0x0000002bc4100000] [id=18764]
  0x000001b37a77e670 GCTaskThread "GC Thread#0" [stack: 0x0000002bc2f00000,0x0000002bc3000000] [id=18672]
  0x000001b316e06c20 GCTaskThread "GC Thread#1" [stack: 0x0000002bc4200000,0x0000002bc4300000] [id=4176]
  0x000001b3304c93a0 GCTaskThread "GC Thread#2" [stack: 0x0000002bc4300000,0x0000002bc4400000] [id=7096]
  0x000001b330610610 GCTaskThread "GC Thread#3" [stack: 0x0000002bc4400000,0x0000002bc4500000] [id=20124]
  0x000001b3306108d0 GCTaskThread "GC Thread#4" [stack: 0x0000002bc4500000,0x0000002bc4600000] [id=3148]
  0x000001b330611c10 GCTaskThread "GC Thread#5" [stack: 0x0000002bc4600000,0x0000002bc4700000] [id=16312]
  0x000001b37a7854f0 ConcurrentGCThread "G1 Main Marker" [stack: 0x0000002bc3000000,0x0000002bc3100000] [id=16476]
  0x000001b37a785e20 ConcurrentGCThread "G1 Conc#0" [stack: 0x0000002bc3100000,0x0000002bc3200000] [id=8588]
  0x000001b37a80ebf0 ConcurrentGCThread "G1 Refine#0" [stack: 0x0000002bc3200000,0x0000002bc3300000] [id=15696]
  0x000001b37e712b90 ConcurrentGCThread "G1 Service" [stack: 0x0000002bc3300000,0x0000002bc3400000] [id=4452]

Threads with active compile tasks:
C2 CompilerThread0     6183 2309       4       jdk.internal.org.objectweb.asm.Frame::execute (2305 bytes)
C1 CompilerThread0     6183 2376       3       java.util.regex.Pattern::sequence (647 bytes)

VM state: not at safepoint (normal execution)

VM Mutex/Monitor currently owned by a thread: None

Heap address: 0x00000000e0000000, size: 512 MB, Compressed Oops mode: 32-bit

CDS archive(s) mapped at: [0x000001b317000000-0x000001b317bb0000-0x000001b317bb0000), size 12255232, SharedBaseAddress: 0x000001b317000000, ArchiveRelocationMode: 1.
Compressed class space mapped at: 0x000001b318000000-0x000001b32c000000, reserved size: 335544320
Narrow klass base: 0x000001b317000000, Narrow klass shift: 0, Narrow klass range: 0x100000000

GC Precious Log:
 CPUs: 8 total, 8 available
 Memory: 16149M
 Large Page Support: Disabled
 NUMA Support: Disabled
 Compressed Oops: Enabled (32-bit)
 Heap Region Size: 1M
 Heap Min Capacity: 256M
 Heap Initial Capacity: 256M
 Heap Max Capacity: 512M
 Pre-touch: Disabled
 Parallel Workers: 8
 Concurrent Workers: 2
 Concurrent Refinement Workers: 8
 Periodic GC: Disabled

Heap:
 garbage-first heap   total 262144K, used 67454K [0x00000000e0000000, 0x0000000100000000)
  region size 1024K, 56 young (57344K), 5 survivors (5120K)
 Metaspace       used 14309K, committed 14592K, reserved 393216K
  class space    used 1971K, committed 2112K, reserved 327680K

Heap Regions: E=young(eden), S=young(survivor), O=old, HS=humongous(starts), HC=humongous(continues), CS=collection set, F=free, OA=open archive, CA=closed archive, TAMS=top-at-mark-start (previous, next)
|   0|0x00000000e0000000, 0x00000000e0100000, 0x00000000e0100000|100%| O|  |TAMS 0x00000000e0000000, 0x00000000e0000000| Untracked 
|   1|0x00000000e0100000, 0x00000000e0200000, 0x00000000e0200000|100%|HS|  |TAMS 0x00000000e0100000, 0x00000000e0100000| Complete 
|   2|0x00000000e0200000, 0x00000000e0300000, 0x00000000e0300000|100%|HC|  |TAMS 0x00000000e0200000, 0x00000000e0200000| Complete 
|   3|0x00000000e0300000, 0x00000000e0400000, 0x00000000e0400000|100%|HC|  |TAMS 0x00000000e0300000, 0x00000000e0300000| Complete 
|   4|0x00000000e0400000, 0x00000000e0500000, 0x00000000e0500000|100%| O|  |TAMS 0x00000000e0400000, 0x00000000e0400000| Untracked 
|   5|0x00000000e0500000, 0x00000000e0600000, 0x00000000e0600000|100%| O|  |TAMS 0x00000000e0500000, 0x00000000e0500000| Untracked 
|   6|0x00000000e0600000, 0x00000000e0700000, 0x00000000e0700000|100%|HS|  |TAMS 0x00000000e0600000, 0x00000000e0600000| Complete 
|   7|0x00000000e0700000, 0x00000000e0700000, 0x00000000e0800000|  0%| F|  |TAMS 0x00000000e0700000, 0x00000000e0700000| Untracked 
|   8|0x00000000e0800000, 0x00000000e0900000, 0x00000000e0900000|100%| O|  |TAMS 0x00000000e0800000, 0x00000000e0800000| Untracked 
|   9|0x00000000e0900000, 0x00000000e0a00000, 0x00000000e0a00000|100%| O|  |TAMS 0x00000000e0900000, 0x00000000e0900000| Untracked 
|  10|0x00000000e0a00000, 0x00000000e0b00000, 0x00000000e0b00000|100%| O|  |TAMS 0x00000000e0a00000, 0x00000000e0a00000| Untracked 
|  11|0x00000000e0b00000, 0x00000000e0c00000, 0x00000000e0c00000|100%| O|  |TAMS 0x00000000e0b00000, 0x00000000e0b00000| Untracked 
|  12|0x00000000e0c00000, 0x00000000e0c56000, 0x00000000e0d00000| 33%| O|  |TAMS 0x00000000e0c00000, 0x00000000e0c00000| Untracked 
|  13|0x00000000e0d00000, 0x00000000e0d00000, 0x00000000e0e00000|  0%| F|  |TAMS 0x00000000e0d00000, 0x00000000e0d00000| Untracked 
|  14|0x00000000e0e00000, 0x00000000e0e00000, 0x00000000e0f00000|  0%| F|  |TAMS 0x00000000e0e00000, 0x00000000e0e00000| Untracked 
|  15|0x00000000e0f00000, 0x00000000e0f00000, 0x00000000e1000000|  0%| F|  |TAMS 0x00000000e0f00000, 0x00000000e0f00000| Untracked 
|  16|0x00000000e1000000, 0x00000000e1000000, 0x00000000e1100000|  0%| F|  |TAMS 0x00000000e1000000, 0x00000000e1000000| Untracked 
|  17|0x00000000e1100000, 0x00000000e1100000, 0x00000000e1200000|  0%| F|  |TAMS 0x00000000e1100000, 0x00000000e1100000| Untracked 
|  18|0x00000000e1200000, 0x00000000e1200000, 0x00000000e1300000|  0%| F|  |TAMS 0x00000000e1200000, 0x00000000e1200000| Untracked 
|  19|0x00000000e1300000, 0x00000000e1300000, 0x00000000e1400000|  0%| F|  |TAMS 0x00000000e1300000, 0x00000000e1300000| Untracked 
|  20|0x00000000e1400000, 0x00000000e1400000, 0x00000000e1500000|  0%| F|  |TAMS 0x00000000e1400000, 0x00000000e1400000| Untracked 
|  21|0x00000000e1500000, 0x00000000e1500000, 0x00000000e1600000|  0%| F|  |TAMS 0x00000000e1500000, 0x00000000e1500000| Untracked 
|  22|0x00000000e1600000, 0x00000000e1600000, 0x00000000e1700000|  0%| F|  |TAMS 0x00000000e1600000, 0x00000000e1600000| Untracked 
|  23|0x00000000e1700000, 0x00000000e1700000, 0x00000000e1800000|  0%| F|  |TAMS 0x00000000e1700000, 0x00000000e1700000| Untracked 
|  24|0x00000000e1800000, 0x00000000e1800000, 0x00000000e1900000|  0%| F|  |TAMS 0x00000000e1800000, 0x00000000e1800000| Untracked 
|  25|0x00000000e1900000, 0x00000000e1900000, 0x00000000e1a00000|  0%| F|  |TAMS 0x00000000e1900000, 0x00000000e1900000| Untracked 
|  26|0x00000000e1a00000, 0x00000000e1a00000, 0x00000000e1b00000|  0%| F|  |TAMS 0x00000000e1a00000, 0x00000000e1a00000| Untracked 
|  27|0x00000000e1b00000, 0x00000000e1b00000, 0x00000000e1c00000|  0%| F|  |TAMS 0x00000000e1b00000, 0x00000000e1b00000| Untracked 
|  28|0x00000000e1c00000, 0x00000000e1c00000, 0x00000000e1d00000|  0%| F|  |TAMS 0x00000000e1c00000, 0x00000000e1c00000| Untracked 
|  29|0x00000000e1d00000, 0x00000000e1d00000, 0x00000000e1e00000|  0%| F|  |TAMS 0x00000000e1d00000, 0x00000000e1d00000| Untracked 
|  30|0x00000000e1e00000, 0x00000000e1e00000, 0x00000000e1f00000|  0%| F|  |TAMS 0x00000000e1e00000, 0x00000000e1e00000| Untracked 
|  31|0x00000000e1f00000, 0x00000000e1f00000, 0x00000000e2000000|  0%| F|  |TAMS 0x00000000e1f00000, 0x00000000e1f00000| Untracked 
|  32|0x00000000e2000000, 0x00000000e2000000, 0x00000000e2100000|  0%| F|  |TAMS 0x00000000e2000000, 0x00000000e2000000| Untracked 
|  33|0x00000000e2100000, 0x00000000e2100000, 0x00000000e2200000|  0%| F|  |TAMS 0x00000000e2100000, 0x00000000e2100000| Untracked 
|  34|0x00000000e2200000, 0x00000000e2200000, 0x00000000e2300000|  0%| F|  |TAMS 0x00000000e2200000, 0x00000000e2200000| Untracked 
|  35|0x00000000e2300000, 0x00000000e2300000, 0x00000000e2400000|  0%| F|  |TAMS 0x00000000e2300000, 0x00000000e2300000| Untracked 
|  36|0x00000000e2400000, 0x00000000e2400000, 0x00000000e2500000|  0%| F|  |TAMS 0x00000000e2400000, 0x00000000e2400000| Untracked 
|  37|0x00000000e2500000, 0x00000000e2500000, 0x00000000e2600000|  0%| F|  |TAMS 0x00000000e2500000, 0x00000000e2500000| Untracked 
|  38|0x00000000e2600000, 0x00000000e2600000, 0x00000000e2700000|  0%| F|  |TAMS 0x00000000e2600000, 0x00000000e2600000| Untracked 
|  39|0x00000000e2700000, 0x00000000e2700000, 0x00000000e2800000|  0%| F|  |TAMS 0x00000000e2700000, 0x00000000e2700000| Untracked 
|  40|0x00000000e2800000, 0x00000000e2800000, 0x00000000e2900000|  0%| F|  |TAMS 0x00000000e2800000, 0x00000000e2800000| Untracked 
|  41|0x00000000e2900000, 0x00000000e2900000, 0x00000000e2a00000|  0%| F|  |TAMS 0x00000000e2900000, 0x00000000e2900000| Untracked 
|  42|0x00000000e2a00000, 0x00000000e2a00000, 0x00000000e2b00000|  0%| F|  |TAMS 0x00000000e2a00000, 0x00000000e2a00000| Untracked 
|  43|0x00000000e2b00000, 0x00000000e2b00000, 0x00000000e2c00000|  0%| F|  |TAMS 0x00000000e2b00000, 0x00000000e2b00000| Untracked 
|  44|0x00000000e2c00000, 0x00000000e2c00000, 0x00000000e2d00000|  0%| F|  |TAMS 0x00000000e2c00000, 0x00000000e2c00000| Untracked 
|  45|0x00000000e2d00000, 0x00000000e2d00000, 0x00000000e2e00000|  0%| F|  |TAMS 0x00000000e2d00000, 0x00000000e2d00000| Untracked 
|  46|0x00000000e2e00000, 0x00000000e2e00000, 0x00000000e2f00000|  0%| F|  |TAMS 0x00000000e2e00000, 0x00000000e2e00000| Untracked 
|  47|0x00000000e2f00000, 0x00000000e2f00000, 0x00000000e3000000|  0%| F|  |TAMS 0x00000000e2f00000, 0x00000000e2f00000| Untracked 
|  48|0x00000000e3000000, 0x00000000e3000000, 0x00000000e3100000|  0%| F|  |TAMS 0x00000000e3000000, 0x00000000e3000000| Untracked 
|  49|0x00000000e3100000, 0x00000000e3100000, 0x00000000e3200000|  0%| F|  |TAMS 0x00000000e3100000, 0x00000000e3100000| Untracked 
|  50|0x00000000e3200000, 0x00000000e3200000, 0x00000000e3300000|  0%| F|  |TAMS 0x00000000e3200000, 0x00000000e3200000| Untracked 
|  51|0x00000000e3300000, 0x00000000e3300000, 0x00000000e3400000|  0%| F|  |TAMS 0x00000000e3300000, 0x00000000e3300000| Untracked 
|  52|0x00000000e3400000, 0x00000000e3400000, 0x00000000e3500000|  0%| F|  |TAMS 0x00000000e3400000, 0x00000000e3400000| Untracked 
|  53|0x00000000e3500000, 0x00000000e3500000, 0x00000000e3600000|  0%| F|  |TAMS 0x00000000e3500000, 0x00000000e3500000| Untracked 
|  54|0x00000000e3600000, 0x00000000e3600000, 0x00000000e3700000|  0%| F|  |TAMS 0x00000000e3600000, 0x00000000e3600000| Untracked 
|  55|0x00000000e3700000, 0x00000000e3700000, 0x00000000e3800000|  0%| F|  |TAMS 0x00000000e3700000, 0x00000000e3700000| Untracked 
|  56|0x00000000e3800000, 0x00000000e3800000, 0x00000000e3900000|  0%| F|  |TAMS 0x00000000e3800000, 0x00000000e3800000| Untracked 
|  57|0x00000000e3900000, 0x00000000e3900000, 0x00000000e3a00000|  0%| F|  |TAMS 0x00000000e3900000, 0x00000000e3900000| Untracked 
|  58|0x00000000e3a00000, 0x00000000e3a00000, 0x00000000e3b00000|  0%| F|  |TAMS 0x00000000e3a00000, 0x00000000e3a00000| Untracked 
|  59|0x00000000e3b00000, 0x00000000e3b00000, 0x00000000e3c00000|  0%| F|  |TAMS 0x00000000e3b00000, 0x00000000e3b00000| Untracked 
|  60|0x00000000e3c00000, 0x00000000e3c00000, 0x00000000e3d00000|  0%| F|  |TAMS 0x00000000e3c00000, 0x00000000e3c00000| Untracked 
|  61|0x00000000e3d00000, 0x00000000e3d00000, 0x00000000e3e00000|  0%| F|  |TAMS 0x00000000e3d00000, 0x00000000e3d00000| Untracked 
|  62|0x00000000e3e00000, 0x00000000e3e00000, 0x00000000e3f00000|  0%| F|  |TAMS 0x00000000e3e00000, 0x00000000e3e00000| Untracked 
|  63|0x00000000e3f00000, 0x00000000e3f00000, 0x00000000e4000000|  0%| F|  |TAMS 0x00000000e3f00000, 0x00000000e3f00000| Untracked 
|  64|0x00000000e4000000, 0x00000000e4000000, 0x00000000e4100000|  0%| F|  |TAMS 0x00000000e4000000, 0x00000000e4000000| Untracked 
|  65|0x00000000e4100000, 0x00000000e4100000, 0x00000000e4200000|  0%| F|  |TAMS 0x00000000e4100000, 0x00000000e4100000| Untracked 
|  66|0x00000000e4200000, 0x00000000e4200000, 0x00000000e4300000|  0%| F|  |TAMS 0x00000000e4200000, 0x00000000e4200000| Untracked 
|  67|0x00000000e4300000, 0x00000000e4300000, 0x00000000e4400000|  0%| F|  |TAMS 0x00000000e4300000, 0x00000000e4300000| Untracked 
|  68|0x00000000e4400000, 0x00000000e4400000, 0x00000000e4500000|  0%| F|  |TAMS 0x00000000e4400000, 0x00000000e4400000| Untracked 
|  69|0x00000000e4500000, 0x00000000e4500000, 0x00000000e4600000|  0%| F|  |TAMS 0x00000000e4500000, 0x00000000e4500000| Untracked 
|  70|0x00000000e4600000, 0x00000000e4600000, 0x00000000e4700000|  0%| F|  |TAMS 0x00000000e4600000, 0x00000000e4600000| Untracked 
|  71|0x00000000e4700000, 0x00000000e4700000, 0x00000000e4800000|  0%| F|  |TAMS 0x00000000e4700000, 0x00000000e4700000| Untracked 
|  72|0x00000000e4800000, 0x00000000e4800000, 0x00000000e4900000|  0%| F|  |TAMS 0x00000000e4800000, 0x00000000e4800000| Untracked 
|  73|0x00000000e4900000, 0x00000000e4900000, 0x00000000e4a00000|  0%| F|  |TAMS 0x00000000e4900000, 0x00000000e4900000| Untracked 
|  74|0x00000000e4a00000, 0x00000000e4a00000, 0x00000000e4b00000|  0%| F|  |TAMS 0x00000000e4a00000, 0x00000000e4a00000| Untracked 
|  75|0x00000000e4b00000, 0x00000000e4b00000, 0x00000000e4c00000|  0%| F|  |TAMS 0x00000000e4b00000, 0x00000000e4b00000| Untracked 
|  76|0x00000000e4c00000, 0x00000000e4c00000, 0x00000000e4d00000|  0%| F|  |TAMS 0x00000000e4c00000, 0x00000000e4c00000| Untracked 
|  77|0x00000000e4d00000, 0x00000000e4d00000, 0x00000000e4e00000|  0%| F|  |TAMS 0x00000000e4d00000, 0x00000000e4d00000| Untracked 
|  78|0x00000000e4e00000, 0x00000000e4e00000, 0x00000000e4f00000|  0%| F|  |TAMS 0x00000000e4e00000, 0x00000000e4e00000| Untracked 
|  79|0x00000000e4f00000, 0x00000000e4f00000, 0x00000000e5000000|  0%| F|  |TAMS 0x00000000e4f00000, 0x00000000e4f00000| Untracked 
|  80|0x00000000e5000000, 0x00000000e5000000, 0x00000000e5100000|  0%| F|  |TAMS 0x00000000e5000000, 0x00000000e5000000| Untracked 
|  81|0x00000000e5100000, 0x00000000e5100000, 0x00000000e5200000|  0%| F|  |TAMS 0x00000000e5100000, 0x00000000e5100000| Untracked 
|  82|0x00000000e5200000, 0x00000000e5200000, 0x00000000e5300000|  0%| F|  |TAMS 0x00000000e5200000, 0x00000000e5200000| Untracked 
|  83|0x00000000e5300000, 0x00000000e5300000, 0x00000000e5400000|  0%| F|  |TAMS 0x00000000e5300000, 0x00000000e5300000| Untracked 
|  84|0x00000000e5400000, 0x00000000e5400000, 0x00000000e5500000|  0%| F|  |TAMS 0x00000000e5400000, 0x00000000e5400000| Untracked 
|  85|0x00000000e5500000, 0x00000000e5500000, 0x00000000e5600000|  0%| F|  |TAMS 0x00000000e5500000, 0x00000000e5500000| Untracked 
|  86|0x00000000e5600000, 0x00000000e5600000, 0x00000000e5700000|  0%| F|  |TAMS 0x00000000e5600000, 0x00000000e5600000| Untracked 
|  87|0x00000000e5700000, 0x00000000e5700000, 0x00000000e5800000|  0%| F|  |TAMS 0x00000000e5700000, 0x00000000e5700000| Untracked 
|  88|0x00000000e5800000, 0x00000000e5800000, 0x00000000e5900000|  0%| F|  |TAMS 0x00000000e5800000, 0x00000000e5800000| Untracked 
|  89|0x00000000e5900000, 0x00000000e5900000, 0x00000000e5a00000|  0%| F|  |TAMS 0x00000000e5900000, 0x00000000e5900000| Untracked 
|  90|0x00000000e5a00000, 0x00000000e5a00000, 0x00000000e5b00000|  0%| F|  |TAMS 0x00000000e5a00000, 0x00000000e5a00000| Untracked 
|  91|0x00000000e5b00000, 0x00000000e5b00000, 0x00000000e5c00000|  0%| F|  |TAMS 0x00000000e5b00000, 0x00000000e5b00000| Untracked 
|  92|0x00000000e5c00000, 0x00000000e5c00000, 0x00000000e5d00000|  0%| F|  |TAMS 0x00000000e5c00000, 0x00000000e5c00000| Untracked 
|  93|0x00000000e5d00000, 0x00000000e5d00000, 0x00000000e5e00000|  0%| F|  |TAMS 0x00000000e5d00000, 0x00000000e5d00000| Untracked 
|  94|0x00000000e5e00000, 0x00000000e5e00000, 0x00000000e5f00000|  0%| F|  |TAMS 0x00000000e5e00000, 0x00000000e5e00000| Untracked 
|  95|0x00000000e5f00000, 0x00000000e5f00000, 0x00000000e6000000|  0%| F|  |TAMS 0x00000000e5f00000, 0x00000000e5f00000| Untracked 
|  96|0x00000000e6000000, 0x00000000e6000000, 0x00000000e6100000|  0%| F|  |TAMS 0x00000000e6000000, 0x00000000e6000000| Untracked 
|  97|0x00000000e6100000, 0x00000000e6100000, 0x00000000e6200000|  0%| F|  |TAMS 0x00000000e6100000, 0x00000000e6100000| Untracked 
|  98|0x00000000e6200000, 0x00000000e6200000, 0x00000000e6300000|  0%| F|  |TAMS 0x00000000e6200000, 0x00000000e6200000| Untracked 
|  99|0x00000000e6300000, 0x00000000e6300000, 0x00000000e6400000|  0%| F|  |TAMS 0x00000000e6300000, 0x00000000e6300000| Untracked 
| 100|0x00000000e6400000, 0x00000000e6400000, 0x00000000e6500000|  0%| F|  |TAMS 0x00000000e6400000, 0x00000000e6400000| Untracked 
| 101|0x00000000e6500000, 0x00000000e6500000, 0x00000000e6600000|  0%| F|  |TAMS 0x00000000e6500000, 0x00000000e6500000| Untracked 
| 102|0x00000000e6600000, 0x00000000e6600000, 0x00000000e6700000|  0%| F|  |TAMS 0x00000000e6600000, 0x00000000e6600000| Untracked 
| 103|0x00000000e6700000, 0x00000000e6700000, 0x00000000e6800000|  0%| F|  |TAMS 0x00000000e6700000, 0x00000000e6700000| Untracked 
| 104|0x00000000e6800000, 0x00000000e6800000, 0x00000000e6900000|  0%| F|  |TAMS 0x00000000e6800000, 0x00000000e6800000| Untracked 
| 105|0x00000000e6900000, 0x00000000e6900000, 0x00000000e6a00000|  0%| F|  |TAMS 0x00000000e6900000, 0x00000000e6900000| Untracked 
| 106|0x00000000e6a00000, 0x00000000e6a00000, 0x00000000e6b00000|  0%| F|  |TAMS 0x00000000e6a00000, 0x00000000e6a00000| Untracked 
| 107|0x00000000e6b00000, 0x00000000e6b00000, 0x00000000e6c00000|  0%| F|  |TAMS 0x00000000e6b00000, 0x00000000e6b00000| Untracked 
| 108|0x00000000e6c00000, 0x00000000e6c00000, 0x00000000e6d00000|  0%| F|  |TAMS 0x00000000e6c00000, 0x00000000e6c00000| Untracked 
| 109|0x00000000e6d00000, 0x00000000e6d00000, 0x00000000e6e00000|  0%| F|  |TAMS 0x00000000e6d00000, 0x00000000e6d00000| Untracked 
| 110|0x00000000e6e00000, 0x00000000e6e00000, 0x00000000e6f00000|  0%| F|  |TAMS 0x00000000e6e00000, 0x00000000e6e00000| Untracked 
| 111|0x00000000e6f00000, 0x00000000e6f00000, 0x00000000e7000000|  0%| F|  |TAMS 0x00000000e6f00000, 0x00000000e6f00000| Untracked 
| 112|0x00000000e7000000, 0x00000000e7000000, 0x00000000e7100000|  0%| F|  |TAMS 0x00000000e7000000, 0x00000000e7000000| Untracked 
| 113|0x00000000e7100000, 0x00000000e7100000, 0x00000000e7200000|  0%| F|  |TAMS 0x00000000e7100000, 0x00000000e7100000| Untracked 
| 114|0x00000000e7200000, 0x00000000e7200000, 0x00000000e7300000|  0%| F|  |TAMS 0x00000000e7200000, 0x00000000e7200000| Untracked 
| 115|0x00000000e7300000, 0x00000000e7300000, 0x00000000e7400000|  0%| F|  |TAMS 0x00000000e7300000, 0x00000000e7300000| Untracked 
| 116|0x00000000e7400000, 0x00000000e7400000, 0x00000000e7500000|  0%| F|  |TAMS 0x00000000e7400000, 0x00000000e7400000| Untracked 
| 117|0x00000000e7500000, 0x00000000e7500000, 0x00000000e7600000|  0%| F|  |TAMS 0x00000000e7500000, 0x00000000e7500000| Untracked 
| 118|0x00000000e7600000, 0x00000000e7600000, 0x00000000e7700000|  0%| F|  |TAMS 0x00000000e7600000, 0x00000000e7600000| Untracked 
| 119|0x00000000e7700000, 0x00000000e7700000, 0x00000000e7800000|  0%| F|  |TAMS 0x00000000e7700000, 0x00000000e7700000| Untracked 
| 120|0x00000000e7800000, 0x00000000e7800000, 0x00000000e7900000|  0%| F|  |TAMS 0x00000000e7800000, 0x00000000e7800000| Untracked 
| 121|0x00000000e7900000, 0x00000000e7900000, 0x00000000e7a00000|  0%| F|  |TAMS 0x00000000e7900000, 0x00000000e7900000| Untracked 
| 122|0x00000000e7a00000, 0x00000000e7a00000, 0x00000000e7b00000|  0%| F|  |TAMS 0x00000000e7a00000, 0x00000000e7a00000| Untracked 
| 123|0x00000000e7b00000, 0x00000000e7b00000, 0x00000000e7c00000|  0%| F|  |TAMS 0x00000000e7b00000, 0x00000000e7b00000| Untracked 
| 124|0x00000000e7c00000, 0x00000000e7c00000, 0x00000000e7d00000|  0%| F|  |TAMS 0x00000000e7c00000, 0x00000000e7c00000| Untracked 
| 125|0x00000000e7d00000, 0x00000000e7d00000, 0x00000000e7e00000|  0%| F|  |TAMS 0x00000000e7d00000, 0x00000000e7d00000| Untracked 
| 126|0x00000000e7e00000, 0x00000000e7e00000, 0x00000000e7f00000|  0%| F|  |TAMS 0x00000000e7e00000, 0x00000000e7e00000| Untracked 
| 127|0x00000000e7f00000, 0x00000000e7f00000, 0x00000000e8000000|  0%| F|  |TAMS 0x00000000e7f00000, 0x00000000e7f00000| Untracked 
| 128|0x00000000e8000000, 0x00000000e8000000, 0x00000000e8100000|  0%| F|  |TAMS 0x00000000e8000000, 0x00000000e8000000| Untracked 
| 129|0x00000000e8100000, 0x00000000e8100000, 0x00000000e8200000|  0%| F|  |TAMS 0x00000000e8100000, 0x00000000e8100000| Untracked 
| 130|0x00000000e8200000, 0x00000000e8200000, 0x00000000e8300000|  0%| F|  |TAMS 0x00000000e8200000, 0x00000000e8200000| Untracked 
| 131|0x00000000e8300000, 0x00000000e8300000, 0x00000000e8400000|  0%| F|  |TAMS 0x00000000e8300000, 0x00000000e8300000| Untracked 
| 132|0x00000000e8400000, 0x00000000e8400000, 0x00000000e8500000|  0%| F|  |TAMS 0x00000000e8400000, 0x00000000e8400000| Untracked 
| 133|0x00000000e8500000, 0x00000000e8500000, 0x00000000e8600000|  0%| F|  |TAMS 0x00000000e8500000, 0x00000000e8500000| Untracked 
| 134|0x00000000e8600000, 0x00000000e8600000, 0x00000000e8700000|  0%| F|  |TAMS 0x00000000e8600000, 0x00000000e8600000| Untracked 
| 135|0x00000000e8700000, 0x00000000e8700000, 0x00000000e8800000|  0%| F|  |TAMS 0x00000000e8700000, 0x00000000e8700000| Untracked 
| 136|0x00000000e8800000, 0x00000000e8800000, 0x00000000e8900000|  0%| F|  |TAMS 0x00000000e8800000, 0x00000000e8800000| Untracked 
| 137|0x00000000e8900000, 0x00000000e8900000, 0x00000000e8a00000|  0%| F|  |TAMS 0x00000000e8900000, 0x00000000e8900000| Untracked 
| 138|0x00000000e8a00000, 0x00000000e8a00000, 0x00000000e8b00000|  0%| F|  |TAMS 0x00000000e8a00000, 0x00000000e8a00000| Untracked 
| 139|0x00000000e8b00000, 0x00000000e8b00000, 0x00000000e8c00000|  0%| F|  |TAMS 0x00000000e8b00000, 0x00000000e8b00000| Untracked 
| 140|0x00000000e8c00000, 0x00000000e8c00000, 0x00000000e8d00000|  0%| F|  |TAMS 0x00000000e8c00000, 0x00000000e8c00000| Untracked 
| 141|0x00000000e8d00000, 0x00000000e8d00000, 0x00000000e8e00000|  0%| F|  |TAMS 0x00000000e8d00000, 0x00000000e8d00000| Untracked 
| 142|0x00000000e8e00000, 0x00000000e8e00000, 0x00000000e8f00000|  0%| F|  |TAMS 0x00000000e8e00000, 0x00000000e8e00000| Untracked 
| 143|0x00000000e8f00000, 0x00000000e8f00000, 0x00000000e9000000|  0%| F|  |TAMS 0x00000000e8f00000, 0x00000000e8f00000| Untracked 
| 144|0x00000000e9000000, 0x00000000e9000000, 0x00000000e9100000|  0%| F|  |TAMS 0x00000000e9000000, 0x00000000e9000000| Untracked 
| 145|0x00000000e9100000, 0x00000000e9100000, 0x00000000e9200000|  0%| F|  |TAMS 0x00000000e9100000, 0x00000000e9100000| Untracked 
| 146|0x00000000e9200000, 0x00000000e9200000, 0x00000000e9300000|  0%| F|  |TAMS 0x00000000e9200000, 0x00000000e9200000| Untracked 
| 147|0x00000000e9300000, 0x00000000e9300000, 0x00000000e9400000|  0%| F|  |TAMS 0x00000000e9300000, 0x00000000e9300000| Untracked 
| 148|0x00000000e9400000, 0x00000000e9400000, 0x00000000e9500000|  0%| F|  |TAMS 0x00000000e9400000, 0x00000000e9400000| Untracked 
| 149|0x00000000e9500000, 0x00000000e9500000, 0x00000000e9600000|  0%| F|  |TAMS 0x00000000e9500000, 0x00000000e9500000| Untracked 
| 150|0x00000000e9600000, 0x00000000e9600000, 0x00000000e9700000|  0%| F|  |TAMS 0x00000000e9600000, 0x00000000e9600000| Untracked 
| 151|0x00000000e9700000, 0x00000000e9700000, 0x00000000e9800000|  0%| F|  |TAMS 0x00000000e9700000, 0x00000000e9700000| Untracked 
| 152|0x00000000e9800000, 0x00000000e9800000, 0x00000000e9900000|  0%| F|  |TAMS 0x00000000e9800000, 0x00000000e9800000| Untracked 
| 153|0x00000000e9900000, 0x00000000e9900000, 0x00000000e9a00000|  0%| F|  |TAMS 0x00000000e9900000, 0x00000000e9900000| Untracked 
| 154|0x00000000e9a00000, 0x00000000e9a00000, 0x00000000e9b00000|  0%| F|  |TAMS 0x00000000e9a00000, 0x00000000e9a00000| Untracked 
| 155|0x00000000e9b00000, 0x00000000e9b00000, 0x00000000e9c00000|  0%| F|  |TAMS 0x00000000e9b00000, 0x00000000e9b00000| Untracked 
| 156|0x00000000e9c00000, 0x00000000e9c00000, 0x00000000e9d00000|  0%| F|  |TAMS 0x00000000e9c00000, 0x00000000e9c00000| Untracked 
| 157|0x00000000e9d00000, 0x00000000e9d00000, 0x00000000e9e00000|  0%| F|  |TAMS 0x00000000e9d00000, 0x00000000e9d00000| Untracked 
| 158|0x00000000e9e00000, 0x00000000e9e00000, 0x00000000e9f00000|  0%| F|  |TAMS 0x00000000e9e00000, 0x00000000e9e00000| Untracked 
| 159|0x00000000e9f00000, 0x00000000e9f00000, 0x00000000ea000000|  0%| F|  |TAMS 0x00000000e9f00000, 0x00000000e9f00000| Untracked 
| 160|0x00000000ea000000, 0x00000000ea000000, 0x00000000ea100000|  0%| F|  |TAMS 0x00000000ea000000, 0x00000000ea000000| Untracked 
| 161|0x00000000ea100000, 0x00000000ea100000, 0x00000000ea200000|  0%| F|  |TAMS 0x00000000ea100000, 0x00000000ea100000| Untracked 
| 162|0x00000000ea200000, 0x00000000ea200000, 0x00000000ea300000|  0%| F|  |TAMS 0x00000000ea200000, 0x00000000ea200000| Untracked 
| 163|0x00000000ea300000, 0x00000000ea300000, 0x00000000ea400000|  0%| F|  |TAMS 0x00000000ea300000, 0x00000000ea300000| Untracked 
| 164|0x00000000ea400000, 0x00000000ea400000, 0x00000000ea500000|  0%| F|  |TAMS 0x00000000ea400000, 0x00000000ea400000| Untracked 
| 165|0x00000000ea500000, 0x00000000ea500000, 0x00000000ea600000|  0%| F|  |TAMS 0x00000000ea500000, 0x00000000ea500000| Untracked 
| 166|0x00000000ea600000, 0x00000000ea600000, 0x00000000ea700000|  0%| F|  |TAMS 0x00000000ea600000, 0x00000000ea600000| Untracked 
| 167|0x00000000ea700000, 0x00000000ea700000, 0x00000000ea800000|  0%| F|  |TAMS 0x00000000ea700000, 0x00000000ea700000| Untracked 
| 168|0x00000000ea800000, 0x00000000ea800000, 0x00000000ea900000|  0%| F|  |TAMS 0x00000000ea800000, 0x00000000ea800000| Untracked 
| 169|0x00000000ea900000, 0x00000000ea900000, 0x00000000eaa00000|  0%| F|  |TAMS 0x00000000ea900000, 0x00000000ea900000| Untracked 
| 170|0x00000000eaa00000, 0x00000000eaa00000, 0x00000000eab00000|  0%| F|  |TAMS 0x00000000eaa00000, 0x00000000eaa00000| Untracked 
| 171|0x00000000eab00000, 0x00000000eab00000, 0x00000000eac00000|  0%| F|  |TAMS 0x00000000eab00000, 0x00000000eab00000| Untracked 
| 172|0x00000000eac00000, 0x00000000eac00000, 0x00000000ead00000|  0%| F|  |TAMS 0x00000000eac00000, 0x00000000eac00000| Untracked 
| 173|0x00000000ead00000, 0x00000000ead00000, 0x00000000eae00000|  0%| F|  |TAMS 0x00000000ead00000, 0x00000000ead00000| Untracked 
| 174|0x00000000eae00000, 0x00000000eae00000, 0x00000000eaf00000|  0%| F|  |TAMS 0x00000000eae00000, 0x00000000eae00000| Untracked 
| 175|0x00000000eaf00000, 0x00000000eaf00000, 0x00000000eb000000|  0%| F|  |TAMS 0x00000000eaf00000, 0x00000000eaf00000| Untracked 
| 176|0x00000000eb000000, 0x00000000eb000000, 0x00000000eb100000|  0%| F|  |TAMS 0x00000000eb000000, 0x00000000eb000000| Untracked 
| 177|0x00000000eb100000, 0x00000000eb100000, 0x00000000eb200000|  0%| F|  |TAMS 0x00000000eb100000, 0x00000000eb100000| Untracked 
| 178|0x00000000eb200000, 0x00000000eb200000, 0x00000000eb300000|  0%| F|  |TAMS 0x00000000eb200000, 0x00000000eb200000| Untracked 
| 179|0x00000000eb300000, 0x00000000eb300000, 0x00000000eb400000|  0%| F|  |TAMS 0x00000000eb300000, 0x00000000eb300000| Untracked 
| 180|0x00000000eb400000, 0x00000000eb400000, 0x00000000eb500000|  0%| F|  |TAMS 0x00000000eb400000, 0x00000000eb400000| Untracked 
| 181|0x00000000eb500000, 0x00000000eb500000, 0x00000000eb600000|  0%| F|  |TAMS 0x00000000eb500000, 0x00000000eb500000| Untracked 
| 182|0x00000000eb600000, 0x00000000eb600000, 0x00000000eb700000|  0%| F|  |TAMS 0x00000000eb600000, 0x00000000eb600000| Untracked 
| 183|0x00000000eb700000, 0x00000000eb700000, 0x00000000eb800000|  0%| F|  |TAMS 0x00000000eb700000, 0x00000000eb700000| Untracked 
| 184|0x00000000eb800000, 0x00000000eb800000, 0x00000000eb900000|  0%| F|  |TAMS 0x00000000eb800000, 0x00000000eb800000| Untracked 
| 185|0x00000000eb900000, 0x00000000eb900000, 0x00000000eba00000|  0%| F|  |TAMS 0x00000000eb900000, 0x00000000eb900000| Untracked 
| 186|0x00000000eba00000, 0x00000000eba00000, 0x00000000ebb00000|  0%| F|  |TAMS 0x00000000eba00000, 0x00000000eba00000| Untracked 
| 187|0x00000000ebb00000, 0x00000000ebb00000, 0x00000000ebc00000|  0%| F|  |TAMS 0x00000000ebb00000, 0x00000000ebb00000| Untracked 
| 188|0x00000000ebc00000, 0x00000000ebc00000, 0x00000000ebd00000|  0%| F|  |TAMS 0x00000000ebc00000, 0x00000000ebc00000| Untracked 
| 189|0x00000000ebd00000, 0x00000000ebd00000, 0x00000000ebe00000|  0%| F|  |TAMS 0x00000000ebd00000, 0x00000000ebd00000| Untracked 
| 190|0x00000000ebe00000, 0x00000000ebe00000, 0x00000000ebf00000|  0%| F|  |TAMS 0x00000000ebe00000, 0x00000000ebe00000| Untracked 
| 191|0x00000000ebf00000, 0x00000000ebf00000, 0x00000000ec000000|  0%| F|  |TAMS 0x00000000ebf00000, 0x00000000ebf00000| Untracked 
| 192|0x00000000ec000000, 0x00000000ec000000, 0x00000000ec100000|  0%| F|  |TAMS 0x00000000ec000000, 0x00000000ec000000| Untracked 
| 193|0x00000000ec100000, 0x00000000ec100000, 0x00000000ec200000|  0%| F|  |TAMS 0x00000000ec100000, 0x00000000ec100000| Untracked 
| 194|0x00000000ec200000, 0x00000000ec200000, 0x00000000ec300000|  0%| F|  |TAMS 0x00000000ec200000, 0x00000000ec200000| Untracked 
| 195|0x00000000ec300000, 0x00000000ec300000, 0x00000000ec400000|  0%| F|  |TAMS 0x00000000ec300000, 0x00000000ec300000| Untracked 
| 196|0x00000000ec400000, 0x00000000ec400000, 0x00000000ec500000|  0%| F|  |TAMS 0x00000000ec400000, 0x00000000ec400000| Untracked 
| 197|0x00000000ec500000, 0x00000000ec500000, 0x00000000ec600000|  0%| F|  |TAMS 0x00000000ec500000, 0x00000000ec500000| Untracked 
| 198|0x00000000ec600000, 0x00000000ec600000, 0x00000000ec700000|  0%| F|  |TAMS 0x00000000ec600000, 0x00000000ec600000| Untracked 
| 199|0x00000000ec700000, 0x00000000ec700000, 0x00000000ec800000|  0%| F|  |TAMS 0x00000000ec700000, 0x00000000ec700000| Untracked 
| 200|0x00000000ec800000, 0x00000000ec889ac0, 0x00000000ec900000| 53%| S|CS|TAMS 0x00000000ec800000, 0x00000000ec800000| Complete 
| 201|0x00000000ec900000, 0x00000000eca00000, 0x00000000eca00000|100%| S|CS|TAMS 0x00000000ec900000, 0x00000000ec900000| Complete 
| 202|0x00000000eca00000, 0x00000000ecb00000, 0x00000000ecb00000|100%| S|CS|TAMS 0x00000000eca00000, 0x00000000eca00000| Complete 
| 203|0x00000000ecb00000, 0x00000000ecc00000, 0x00000000ecc00000|100%| S|CS|TAMS 0x00000000ecb00000, 0x00000000ecb00000| Complete 
| 204|0x00000000ecc00000, 0x00000000ecd00000, 0x00000000ecd00000|100%| S|CS|TAMS 0x00000000ecc00000, 0x00000000ecc00000| Complete 
| 205|0x00000000ecd00000, 0x00000000ecd80000, 0x00000000ece00000| 50%| E|  |TAMS 0x00000000ecd00000, 0x00000000ecd00000| Complete 
| 206|0x00000000ece00000, 0x00000000ecf00000, 0x00000000ecf00000|100%| E|CS|TAMS 0x00000000ece00000, 0x00000000ece00000| Complete 
| 207|0x00000000ecf00000, 0x00000000ed000000, 0x00000000ed000000|100%| E|CS|TAMS 0x00000000ecf00000, 0x00000000ecf00000| Complete 
| 208|0x00000000ed000000, 0x00000000ed100000, 0x00000000ed100000|100%| E|CS|TAMS 0x00000000ed000000, 0x00000000ed000000| Complete 
| 209|0x00000000ed100000, 0x00000000ed200000, 0x00000000ed200000|100%| E|CS|TAMS 0x00000000ed100000, 0x00000000ed100000| Complete 
| 210|0x00000000ed200000, 0x00000000ed300000, 0x00000000ed300000|100%| E|CS|TAMS 0x00000000ed200000, 0x00000000ed200000| Complete 
| 211|0x00000000ed300000, 0x00000000ed400000, 0x00000000ed400000|100%| E|CS|TAMS 0x00000000ed300000, 0x00000000ed300000| Complete 
| 212|0x00000000ed400000, 0x00000000ed500000, 0x00000000ed500000|100%| E|CS|TAMS 0x00000000ed400000, 0x00000000ed400000| Complete 
| 213|0x00000000ed500000, 0x00000000ed600000, 0x00000000ed600000|100%| E|CS|TAMS 0x00000000ed500000, 0x00000000ed500000| Complete 
| 214|0x00000000ed600000, 0x00000000ed700000, 0x00000000ed700000|100%| E|CS|TAMS 0x00000000ed600000, 0x00000000ed600000| Complete 
| 215|0x00000000ed700000, 0x00000000ed800000, 0x00000000ed800000|100%| E|CS|TAMS 0x00000000ed700000, 0x00000000ed700000| Complete 
| 216|0x00000000ed800000, 0x00000000ed900000, 0x00000000ed900000|100%| E|CS|TAMS 0x00000000ed800000, 0x00000000ed800000| Complete 
| 217|0x00000000ed900000, 0x00000000eda00000, 0x00000000eda00000|100%| E|CS|TAMS 0x00000000ed900000, 0x00000000ed900000| Complete 
| 218|0x00000000eda00000, 0x00000000edb00000, 0x00000000edb00000|100%| E|CS|TAMS 0x00000000eda00000, 0x00000000eda00000| Complete 
| 219|0x00000000edb00000, 0x00000000edc00000, 0x00000000edc00000|100%| E|CS|TAMS 0x00000000edb00000, 0x00000000edb00000| Complete 
| 220|0x00000000edc00000, 0x00000000edd00000, 0x00000000edd00000|100%| E|CS|TAMS 0x00000000edc00000, 0x00000000edc00000| Complete 
| 221|0x00000000edd00000, 0x00000000ede00000, 0x00000000ede00000|100%| E|CS|TAMS 0x00000000edd00000, 0x00000000edd00000| Complete 
| 222|0x00000000ede00000, 0x00000000edf00000, 0x00000000edf00000|100%| E|CS|TAMS 0x00000000ede00000, 0x00000000ede00000| Complete 
| 223|0x00000000edf00000, 0x00000000ee000000, 0x00000000ee000000|100%| E|CS|TAMS 0x00000000edf00000, 0x00000000edf00000| Complete 
| 224|0x00000000ee000000, 0x00000000ee100000, 0x00000000ee100000|100%| E|CS|TAMS 0x00000000ee000000, 0x00000000ee000000| Complete 
| 225|0x00000000ee100000, 0x00000000ee200000, 0x00000000ee200000|100%| E|CS|TAMS 0x00000000ee100000, 0x00000000ee100000| Complete 
| 226|0x00000000ee200000, 0x00000000ee300000, 0x00000000ee300000|100%| E|CS|TAMS 0x00000000ee200000, 0x00000000ee200000| Complete 
| 227|0x00000000ee300000, 0x00000000ee400000, 0x00000000ee400000|100%| E|CS|TAMS 0x00000000ee300000, 0x00000000ee300000| Complete 
| 228|0x00000000ee400000, 0x00000000ee500000, 0x00000000ee500000|100%| E|CS|TAMS 0x00000000ee400000, 0x00000000ee400000| Complete 
| 229|0x00000000ee500000, 0x00000000ee600000, 0x00000000ee600000|100%| E|CS|TAMS 0x00000000ee500000, 0x00000000ee500000| Complete 
| 230|0x00000000ee600000, 0x00000000ee700000, 0x00000000ee700000|100%| E|CS|TAMS 0x00000000ee600000, 0x00000000ee600000| Complete 
| 231|0x00000000ee700000, 0x00000000ee800000, 0x00000000ee800000|100%| E|CS|TAMS 0x00000000ee700000, 0x00000000ee700000| Complete 
| 232|0x00000000ee800000, 0x00000000ee900000, 0x00000000ee900000|100%| E|CS|TAMS 0x00000000ee800000, 0x00000000ee800000| Complete 
| 233|0x00000000ee900000, 0x00000000eea00000, 0x00000000eea00000|100%| E|CS|TAMS 0x00000000ee900000, 0x00000000ee900000| Complete 
| 234|0x00000000eea00000, 0x00000000eeb00000, 0x00000000eeb00000|100%| E|CS|TAMS 0x00000000eea00000, 0x00000000eea00000| Complete 
| 235|0x00000000eeb00000, 0x00000000eec00000, 0x00000000eec00000|100%| E|CS|TAMS 0x00000000eeb00000, 0x00000000eeb00000| Complete 
| 236|0x00000000eec00000, 0x00000000eed00000, 0x00000000eed00000|100%| E|CS|TAMS 0x00000000eec00000, 0x00000000eec00000| Complete 
| 237|0x00000000eed00000, 0x00000000eee00000, 0x00000000eee00000|100%| E|CS|TAMS 0x00000000eed00000, 0x00000000eed00000| Complete 
| 238|0x00000000eee00000, 0x00000000eef00000, 0x00000000eef00000|100%| E|CS|TAMS 0x00000000eee00000, 0x00000000eee00000| Complete 
| 239|0x00000000eef00000, 0x00000000ef000000, 0x00000000ef000000|100%| E|CS|TAMS 0x00000000eef00000, 0x00000000eef00000| Complete 
| 240|0x00000000ef000000, 0x00000000ef100000, 0x00000000ef100000|100%| E|CS|TAMS 0x00000000ef000000, 0x00000000ef000000| Complete 
| 241|0x00000000ef100000, 0x00000000ef200000, 0x00000000ef200000|100%| E|CS|TAMS 0x00000000ef100000, 0x00000000ef100000| Complete 
| 242|0x00000000ef200000, 0x00000000ef300000, 0x00000000ef300000|100%| E|CS|TAMS 0x00000000ef200000, 0x00000000ef200000| Complete 
| 243|0x00000000ef300000, 0x00000000ef400000, 0x00000000ef400000|100%| E|CS|TAMS 0x00000000ef300000, 0x00000000ef300000| Complete 
| 244|0x00000000ef400000, 0x00000000ef500000, 0x00000000ef500000|100%| E|CS|TAMS 0x00000000ef400000, 0x00000000ef400000| Complete 
| 245|0x00000000ef500000, 0x00000000ef600000, 0x00000000ef600000|100%| E|CS|TAMS 0x00000000ef500000, 0x00000000ef500000| Complete 
| 246|0x00000000ef600000, 0x00000000ef700000, 0x00000000ef700000|100%| E|CS|TAMS 0x00000000ef600000, 0x00000000ef600000| Complete 
| 247|0x00000000ef700000, 0x00000000ef800000, 0x00000000ef800000|100%| E|CS|TAMS 0x00000000ef700000, 0x00000000ef700000| Complete 
| 248|0x00000000ef800000, 0x00000000ef900000, 0x00000000ef900000|100%| E|CS|TAMS 0x00000000ef800000, 0x00000000ef800000| Complete 
| 249|0x00000000ef900000, 0x00000000efa00000, 0x00000000efa00000|100%| E|CS|TAMS 0x00000000ef900000, 0x00000000ef900000| Complete 
| 250|0x00000000efa00000, 0x00000000efb00000, 0x00000000efb00000|100%| E|CS|TAMS 0x00000000efa00000, 0x00000000efa00000| Complete 
| 251|0x00000000efb00000, 0x00000000efc00000, 0x00000000efc00000|100%| E|CS|TAMS 0x00000000efb00000, 0x00000000efb00000| Complete 
| 252|0x00000000efc00000, 0x00000000efd00000, 0x00000000efd00000|100%| E|CS|TAMS 0x00000000efc00000, 0x00000000efc00000| Complete 
| 253|0x00000000efd00000, 0x00000000efe00000, 0x00000000efe00000|100%| E|CS|TAMS 0x00000000efd00000, 0x00000000efd00000| Complete 
| 254|0x00000000efe00000, 0x00000000eff00000, 0x00000000eff00000|100%| E|CS|TAMS 0x00000000efe00000, 0x00000000efe00000| Complete 
| 255|0x00000000eff00000, 0x00000000f0000000, 0x00000000f0000000|100%| E|CS|TAMS 0x00000000eff00000, 0x00000000eff00000| Complete 

Card table byte_map: [0x000001b37ac40000,0x000001b37ad40000] _byte_map_base: 0x000001b37a540000

Marking Bits (Prev, Next): (CMBitMap*) 0x000001b37a77fbb0, (CMBitMap*) 0x000001b37a77fbf0
 Prev Bits: [0x000001b37ae40000, 0x000001b37b640000)
 Next Bits: [0x000001b37b640000, 0x000001b37be40000)

Polling page: 0x000001b379f10000

Metaspace:

Usage:
  Non-class:     12.10 MB used.
      Class:      1.93 MB used.
       Both:     14.03 MB used.

Virtual space:
  Non-class space:       64.00 MB reserved,      12.25 MB ( 19%) committed,  1 nodes.
      Class space:      320.00 MB reserved,       2.06 MB ( <1%) committed,  1 nodes.
             Both:      384.00 MB reserved,      14.31 MB (  4%) committed. 

Chunk freelists:
   Non-Class:  3.34 MB
       Class:  13.92 MB
        Both:  17.26 MB

MaxMetaspaceSize: 384.00 MB
CompressedClassSpaceSize: 320.00 MB
Initial GC threshold: 21.00 MB
Current GC threshold: 21.00 MB
CDS: on
MetaspaceReclaimPolicy: balanced
 - commit_granule_bytes: 65536.
 - commit_granule_words: 8192.
 - virtual_space_node_default_size: 8388608.
 - enlarge_chunks_in_place: 1.
 - new_chunks_are_fully_committed: 0.
 - uncommit_free_chunks: 1.
 - use_allocation_guard: 0.
 - handle_deallocations: 1.


Internal statistics:

num_allocs_failed_limit: 0.
num_arena_births: 172.
num_arena_deaths: 0.
num_vsnodes_births: 2.
num_vsnodes_deaths: 0.
num_space_committed: 229.
num_space_uncommitted: 0.
num_chunks_returned_to_freelist: 0.
num_chunks_taken_from_freelist: 613.
num_chunk_merges: 0.
num_chunk_splits: 420.
num_chunks_enlarged: 314.
num_inconsistent_stats: 0.

CodeHeap 'non-profiled nmethods': size=120000Kb used=1229Kb max_used=1229Kb free=118770Kb
 bounds [0x000001b30f550000, 0x000001b30f7c0000, 0x000001b316a80000]
CodeHeap 'profiled nmethods': size=120000Kb used=4759Kb max_used=4759Kb free=115240Kb
 bounds [0x000001b307a80000, 0x000001b307f30000, 0x000001b30efb0000]
CodeHeap 'non-nmethods': size=5760Kb used=1234Kb max_used=1245Kb free=4525Kb
 bounds [0x000001b30efb0000, 0x000001b30f220000, 0x000001b30f550000]
 total_blobs=2911 nmethods=2383 adapters=440
 compilation: enabled
              stopped_count=0, restarted_count=0
 full_count=0

Compilation events (20 events):
Event: 5.999 Thread 0x000001b37e870180 2361       3       java.lang.reflect.ProxyGenerator$ProxyMethod::emitIconstInsn (75 bytes)
Event: 5.999 Thread 0x000001b37e870180 nmethod 2361 0x000001b307f11610 code [0x000001b307f11840, 0x000001b307f120f8]
Event: 6.000 Thread 0x000001b37e870180 2363       3       java.lang.Module::isStaticallyExportedOrOpen (70 bytes)
Event: 6.000 Thread 0x000001b37e870180 nmethod 2363 0x000001b307f12310 code [0x000001b307f12520, 0x000001b307f12bf8]
Event: 6.001 Thread 0x000001b37e870180 2364       3       org.gradle.internal.service.DefaultServiceRegistry$OwnServices::getProviders (26 bytes)
Event: 6.002 Thread 0x000001b37e870180 nmethod 2364 0x000001b307f12d90 code [0x000001b307f12f40, 0x000001b307f132c8]
Event: 6.002 Thread 0x000001b37e870180 2366       3       org.gradle.internal.service.DefaultServiceRegistry$CompositeServiceProvider::getService (52 bytes)
Event: 6.002 Thread 0x000001b37e870180 nmethod 2366 0x000001b307f13410 code [0x000001b307f135c0, 0x000001b307f138e8]
Event: 6.002 Thread 0x000001b37e870180 2365       3       org.gradle.internal.service.DefaultServiceRegistry$OwnServices::getService (317 bytes)
Event: 6.005 Thread 0x000001b37e870180 nmethod 2365 0x000001b307f13a90 code [0x000001b307f13fc0, 0x000001b307f16e48]
Event: 6.005 Thread 0x000001b37e870180 2367       3       java.lang.invoke.VarHandleGuards::guard_LLL_Z (86 bytes)
Event: 6.007 Thread 0x000001b37e870180 nmethod 2367 0x000001b307f17c10 code [0x000001b307f17f60, 0x000001b307f19da8]
Event: 6.057 Thread 0x000001b37e870180 2369       3       java.util.concurrent.locks.AbstractQueuedSynchronizer::compareAndSetState (13 bytes)
Event: 6.057 Thread 0x000001b37e870180 nmethod 2369 0x000001b307f1a610 code [0x000001b307f1a7a0, 0x000001b307f1a8d8]
Event: 6.057 Thread 0x000001b37e870180 2370       3       java.util.concurrent.locks.AbstractQueuedSynchronizer::release (19 bytes)
Event: 6.058 Thread 0x000001b37e870180 nmethod 2370 0x000001b307f1a990 code [0x000001b307f1ab80, 0x000001b307f1afe8]
Event: 6.134 Thread 0x000001b37e870180 2371       3       java.util.concurrent.locks.ReentrantLock$Sync::tryRelease (51 bytes)
Event: 6.134 Thread 0x000001b37e870180 nmethod 2371 0x000001b307f1b190 code [0x000001b307f1b340, 0x000001b307f1b688]
Event: 6.147 Thread 0x000001b37e870180 2374       3       java.lang.invoke.MemberName::changeReferenceKind (60 bytes)
Event: 6.147 Thread 0x000001b37e870180 nmethod 2374 0x000001b307f1b790 code [0x000001b307f1b920, 0x000001b307f1ba58]

GC Heap History (6 events):
Event: 0.974 GC heap before
{Heap before GC invocations=0 (full 0):
 garbage-first heap   total 262144K, used 22528K [0x00000000e0000000, 0x0000000100000000)
  region size 1024K, 23 young (23552K), 0 survivors (0K)
 Metaspace       used 1071K, committed 1216K, reserved 393216K
  class space    used 73K, committed 128K, reserved 327680K
}
Event: 1.017 GC heap after
{Heap after GC invocations=1 (full 0):
 garbage-first heap   total 262144K, used 3307K [0x00000000e0000000, 0x0000000100000000)
  region size 1024K, 3 young (3072K), 3 survivors (3072K)
 Metaspace       used 1071K, committed 1216K, reserved 393216K
  class space    used 73K, committed 128K, reserved 327680K
}
Event: 2.187 GC heap before
{Heap before GC invocations=1 (full 0):
 garbage-first heap   total 262144K, used 40171K [0x00000000e0000000, 0x0000000100000000)
  region size 1024K, 37 young (37888K), 3 survivors (3072K)
 Metaspace       used 4363K, committed 4544K, reserved 393216K
  class space    used 545K, committed 640K, reserved 327680K
}
Event: 2.195 GC heap after
{Heap after GC invocations=2 (full 0):
 garbage-first heap   total 262144K, used 10837K [0x00000000e0000000, 0x0000000100000000)
  region size 1024K, 5 young (5120K), 5 survivors (5120K)
 Metaspace       used 4363K, committed 4544K, reserved 393216K
  class space    used 545K, committed 640K, reserved 327680K
}
Event: 3.167 GC heap before
{Heap before GC invocations=2 (full 0):
 garbage-first heap   total 262144K, used 59989K [0x00000000e0000000, 0x0000000100000000)
  region size 1024K, 51 young (52224K), 5 survivors (5120K)
 Metaspace       used 4909K, committed 5184K, reserved 393216K
  class space    used 637K, committed 768K, reserved 327680K
}
Event: 3.171 GC heap after
{Heap after GC invocations=3 (full 0):
 garbage-first heap   total 262144K, used 16254K [0x00000000e0000000, 0x0000000100000000)
  region size 1024K, 5 young (5120K), 5 survivors (5120K)
 Metaspace       used 4909K, committed 5184K, reserved 393216K
  class space    used 637K, committed 768K, reserved 327680K
}

Dll operation events (15 events):
Event: 0.021 Loaded shared library C:\Users\Administrator\.jdks\corretto-17.0.14-1\bin\java.dll
Event: 0.102 Loaded shared library C:\Users\Administrator\.jdks\corretto-17.0.14-1\bin\jsvml.dll
Event: 0.228 Loaded shared library C:\Users\Administrator\.jdks\corretto-17.0.14-1\bin\zip.dll
Event: 0.233 Loaded shared library C:\Users\Administrator\.jdks\corretto-17.0.14-1\bin\instrument.dll
Event: 0.243 Loaded shared library C:\Users\Administrator\.jdks\corretto-17.0.14-1\bin\net.dll
Event: 0.245 Loaded shared library C:\Users\Administrator\.jdks\corretto-17.0.14-1\bin\nio.dll
Event: 0.249 Loaded shared library C:\Users\Administrator\.jdks\corretto-17.0.14-1\bin\zip.dll
Event: 0.844 Loaded shared library C:\Users\Administrator\.jdks\corretto-17.0.14-1\bin\jimage.dll
Event: 1.183 Loaded shared library C:\Users\Administrator\.jdks\corretto-17.0.14-1\bin\verify.dll
Event: 1.525 Loaded shared library C:\Users\Administrator\.gradle\native\1def1411415f61bf3af743bc5b6707747c0891f09f0c88961ee8f79bc544acac\windows-amd64\native-platform.dll
Event: 1.556 Loaded shared library C:\Users\Administrator\.gradle\native\0.2.6\x86_64-windows-gnu\gradle-fileevents.dll
Event: 3.415 Loaded shared library C:\Users\Administrator\.jdks\corretto-17.0.14-1\bin\management.dll
Event: 3.418 Loaded shared library C:\Users\Administrator\.jdks\corretto-17.0.14-1\bin\management_ext.dll
Event: 4.046 Loaded shared library C:\Users\Administrator\.jdks\corretto-17.0.14-1\bin\extnet.dll
Event: 4.579 Loaded shared library C:\Users\Administrator\.jdks\corretto-17.0.14-1\bin\sunmscapi.dll

Deoptimization events (20 events):
Event: 5.345 Thread 0x000001b3302e96e0 Uncommon trap: trap_request=0xffffff45 fr.pc=0x000001b30f649170 relative=0x00000000000003f0
Event: 5.345 Thread 0x000001b3302e96e0 Uncommon trap: reason=unstable_if action=reinterpret pc=0x000001b30f649170 method=java.util.HashMap.getNode(Ljava/lang/Object;)Ljava/util/HashMap$Node; @ 66 c2
Event: 5.345 Thread 0x000001b3302e96e0 DEOPT PACKING pc=0x000001b30f649170 sp=0x0000002bc4cfbee0
Event: 5.345 Thread 0x000001b3302e96e0 DEOPT UNPACKING pc=0x000001b30f00a1a3 sp=0x0000002bc4cfbe30 mode 2
Event: 5.345 Thread 0x000001b3302e96e0 Uncommon trap: trap_request=0xffffffc6 fr.pc=0x000001b30f66d3b4 relative=0x0000000000001374
Event: 5.345 Thread 0x000001b3302e96e0 Uncommon trap: reason=bimorphic_or_optimized_type_check action=maybe_recompile pc=0x000001b30f66d3b4 method=java.util.HashMap.putVal(ILjava/lang/Object;Ljava/lang/Object;ZZ)Ljava/lang/Object; @ 91 c2
Event: 5.345 Thread 0x000001b3302e96e0 DEOPT PACKING pc=0x000001b30f66d3b4 sp=0x0000002bc4cfbe80
Event: 5.345 Thread 0x000001b3302e96e0 DEOPT UNPACKING pc=0x000001b30f00a1a3 sp=0x0000002bc4cfbe20 mode 2
Event: 5.345 Thread 0x000001b3302e96e0 Uncommon trap: trap_request=0xffffff45 fr.pc=0x000001b30f598074 relative=0x00000000000003b4
Event: 5.345 Thread 0x000001b3302e96e0 Uncommon trap: reason=unstable_if action=reinterpret pc=0x000001b30f598074 method=java.util.HashMap.getNode(Ljava/lang/Object;)Ljava/util/HashMap$Node; @ 66 c2
Event: 5.345 Thread 0x000001b3302e96e0 DEOPT PACKING pc=0x000001b30f598074 sp=0x0000002bc4cfbea0
Event: 5.345 Thread 0x000001b3302e96e0 DEOPT UNPACKING pc=0x000001b30f00a1a3 sp=0x0000002bc4cfbe30 mode 2
Event: 5.345 Thread 0x000001b3302e96e0 Uncommon trap: trap_request=0xffffffc6 fr.pc=0x000001b30f66d3b4 relative=0x0000000000001374
Event: 5.345 Thread 0x000001b3302e96e0 Uncommon trap: reason=bimorphic_or_optimized_type_check action=maybe_recompile pc=0x000001b30f66d3b4 method=java.util.HashMap.putVal(ILjava/lang/Object;Ljava/lang/Object;ZZ)Ljava/lang/Object; @ 91 c2
Event: 5.345 Thread 0x000001b3302e96e0 DEOPT PACKING pc=0x000001b30f66d3b4 sp=0x0000002bc4cfbe80
Event: 5.345 Thread 0x000001b3302e96e0 DEOPT UNPACKING pc=0x000001b30f00a1a3 sp=0x0000002bc4cfbe20 mode 2
Event: 5.363 Thread 0x000001b3302e96e0 Uncommon trap: trap_request=0xffffff45 fr.pc=0x000001b30f621be8 relative=0x0000000000000248
Event: 5.363 Thread 0x000001b3302e96e0 Uncommon trap: reason=unstable_if action=reinterpret pc=0x000001b30f621be8 method=java.util.concurrent.ConcurrentHashMap.get(Ljava/lang/Object;)Ljava/lang/Object; @ 76 c2
Event: 5.363 Thread 0x000001b3302e96e0 DEOPT PACKING pc=0x000001b30f621be8 sp=0x0000002bc4cfb390
Event: 5.363 Thread 0x000001b3302e96e0 DEOPT UNPACKING pc=0x000001b30f00a1a3 sp=0x0000002bc4cfb2f8 mode 2

Classes loaded (20 events):
Event: 5.715 Loading class sun/reflect/generics/scope/ConstructorScope
Event: 5.715 Loading class sun/reflect/generics/scope/ConstructorScope done
Event: 5.974 Loading class java/nio/file/NoSuchFileException
Event: 5.974 Loading class java/nio/file/FileSystemException
Event: 5.974 Loading class java/nio/file/FileSystemException done
Event: 5.975 Loading class java/nio/file/NoSuchFileException done
Event: 5.993 Loading class java/nio/file/attribute/PosixFilePermission
Event: 5.993 Loading class java/nio/file/attribute/PosixFilePermission done
Event: 5.994 Loading class java/nio/file/attribute/PosixFilePermissions
Event: 5.995 Loading class java/nio/file/attribute/PosixFilePermissions done
Event: 5.995 Loading class java/nio/file/attribute/PosixFilePermissions$1
Event: 5.995 Loading class java/nio/file/attribute/PosixFilePermissions$1 done
Event: 6.000 Loading class sun/invoke/util/VerifyAccess$1
Event: 6.000 Loading class sun/invoke/util/VerifyAccess$1 done
Event: 6.058 Loading class java/util/concurrent/ArrayBlockingQueue
Event: 6.134 Loading class java/util/concurrent/ArrayBlockingQueue done
Event: 6.134 Loading class java/util/concurrent/locks/ReentrantLock$FairSync
Event: 6.134 Loading class java/util/concurrent/locks/ReentrantLock$FairSync done
Event: 6.142 Loading class sun/misc/Unsafe
Event: 6.142 Loading class sun/misc/Unsafe done

Classes unloaded (0 events):
No events

Classes redefined (0 events):
No events

Internal exceptions (20 events):
Event: 1.622 Thread 0x000001b37a74ffa0 Exception <a 'java/lang/NoSuchMethodError'{0x00000000ef5829a8}: 'int java.lang.invoke.DirectMethodHandle$Holder.invokeStatic(java.lang.Object)'> (0x00000000ef5829a8) 
thrown [s\src\hotspot\share\interpreter\linkResolver.cpp, line 759]
Event: 1.623 Thread 0x000001b37a74ffa0 Exception <a 'java/lang/NoSuchMethodError'{0x00000000ef585e58}: 'int java.lang.invoke.DirectMethodHandle$Holder.invokeStaticInit(java.lang.Object)'> (0x00000000ef585e58) 
thrown [s\src\hotspot\share\interpreter\linkResolver.cpp, line 759]
Event: 3.413 Thread 0x000001b37a74ffa0 Exception <a 'java/lang/NoSuchMethodError'{0x00000000ef935bd8}: 'java.lang.Object java.lang.invoke.DirectMethodHandle$Holder.invokeStaticInit(java.lang.Object)'> (0x00000000ef935bd8) 
thrown [s\src\hotspot\share\interpreter\linkResolver.cpp, line 759]
Event: 3.466 Thread 0x000001b37a74ffa0 Exception <a 'java/lang/NoSuchMethodError'{0x00000000ef9beb00}: 'java.lang.Object java.lang.invoke.DirectMethodHandle$Holder.invokeInterface(java.lang.Object, java.lang.Object)'> (0x00000000ef9beb00) 
thrown [s\src\hotspot\share\interpreter\linkResolver.cpp, line 759]
Event: 4.052 Thread 0x000001b37a74ffa0 Exception <a 'java/lang/NoSuchMethodError'{0x00000000ef5afa38}: 'void java.lang.invoke.DirectMethodHandle$Holder.invokeStatic(java.lang.Object, java.lang.Object, java.lang.Object)'> (0x00000000ef5afa38) 
thrown [s\src\hotspot\share\interpreter\linkResolver.cpp, line 759]
Event: 4.180 Thread 0x000001b37a74ffa0 Exception <a 'java/lang/NoSuchMethodError'{0x00000000ef23ca18}: 'java.lang.Object java.lang.invoke.DirectMethodHandle$Holder.invokeStaticInit(java.lang.Object, int, int, int, int)'> (0x00000000ef23ca18) 
thrown [s\src\hotspot\share\interpreter\linkResolver.cpp, line 759]
Event: 4.335 Thread 0x000001b37a74ffa0 Exception <a 'java/lang/NoSuchMethodError'{0x00000000ef11e868}: 'java.lang.Object java.lang.invoke.DirectMethodHandle$Holder.invokeStaticInit(java.lang.Object, java.lang.Object, int, int, int, int)'> (0x00000000ef11e868) 
thrown [s\src\hotspot\share\interpreter\linkResolver.cpp, line 759]
Event: 4.545 Thread 0x000001b37a74ffa0 Exception <a 'java/io/IOException'{0x00000000eee3e0e0}> (0x00000000eee3e0e0) 
thrown [s\src\hotspot\share\prims\jni.cpp, line 516]
Event: 4.553 Thread 0x000001b37a74ffa0 Implicit null exception at 0x000001b30f59f572 to 0x000001b30f59fbb0
Event: 4.563 Thread 0x000001b37a74ffa0 Exception <a 'java/lang/NoSuchMethodError'{0x00000000eeea3e20}: 'java.lang.Object java.lang.invoke.DirectMethodHandle$Holder.newInvokeSpecial(java.lang.Object, java.lang.Object, java.lang.Object, java.lang.Object, java.lang.Object)'> (0x00000000eeea3e20) 
thrown [s\src\hotspot\share\interpreter\linkResolver.cpp, line 759]
Event: 4.896 Thread 0x000001b330e23750 Exception <a 'java/lang/NoSuchMethodError'{0x00000000ee8809a0}: 'void java.lang.invoke.DirectMethodHandle$Holder.invokeSpecial(java.lang.Object, java.lang.Object, java.lang.Object)'> (0x00000000ee8809a0) 
thrown [s\src\hotspot\share\interpreter\linkResolver.cpp, line 759]
Event: 5.070 Thread 0x000001b3302e96e0 Exception <a 'java/lang/NoSuchMethodError'{0x00000000ee4d9fd0}: 'long java.lang.invoke.DirectMethodHandle$Holder.invokeInterface(java.lang.Object, java.lang.Object)'> (0x00000000ee4d9fd0) 
thrown [s\src\hotspot\share\interpreter\linkResolver.cpp, line 759]
Event: 5.254 Thread 0x000001b3302e96e0 Exception <a 'java/lang/NoSuchMethodError'{0x00000000edf5b130}: 'void java.lang.invoke.DirectMethodHandle$Holder.invokeStatic(java.lang.Object, java.lang.Object)'> (0x00000000edf5b130) 
thrown [s\src\hotspot\share\interpreter\linkResolver.cpp, line 759]
Event: 5.389 Thread 0x000001b3302e96e0 Exception <a 'java/lang/NoSuchMethodError'{0x00000000edd76f48}: 'int java.lang.invoke.DirectMethodHandle$Holder.invokeVirtual(java.lang.Object, java.lang.Object, java.lang.Object)'> (0x00000000edd76f48) 
thrown [s\src\hotspot\share\interpreter\linkResolver.cpp, line 759]
Event: 5.623 Thread 0x000001b3302e96e0 Exception <a 'java/lang/NoSuchMethodError'{0x00000000eda0f608}: 'java.lang.Object java.lang.invoke.DirectMethodHandle$Holder.newInvokeSpecial(java.lang.Object, java.lang.Object, java.lang.Object, java.lang.Object, java.lang.Object, java.lang.Object)'> (0x00000000eda0f608) 
thrown [s\src\hotspot\share\interpreter\linkResolver.cpp, line 759]
Event: 5.774 Thread 0x000001b3302e96e0 Exception <a 'java/lang/NoSuchMethodError'{0x00000000ed71acf8}: 'void java.lang.invoke.DelegatingMethodHandle$Holder.reinvoke_L(java.lang.Object, java.lang.Object, java.lang.Object, java.lang.Object, java.lang.Object, java.lang.Object, java.lang.Object, java.lang.Object, java.lang.Object, java.lang.Object)'> (0x00000000ed71acf8) 
thrown [s\src\hotspot\share\interpreter\linkResolver.cpp, line 759]
Event: 5.775 Thread 0x000001b3302e96e0 Exception <a 'java/lang/NoSuchMethodError'{0x00000000ed723168}: 'java.lang.Object java.lang.invoke.DirectMethodHandle$Holder.invokeSpecial(java.lang.Object, java.lang.Object, java.lang.Object, java.lang.Object, java.lang.Object, java.lang.Object, java.lang.Object, java.lang.Object, java.lang.Object, java.lang.Object)'> (0x00000000ed723168) 
thrown [s\src\hotspot\share\interpreter\linkResolver.cpp, line 759]
Event: 5.775 Thread 0x000001b3302e96e0 Exception <a 'java/lang/NoSuchMethodError'{0x00000000ed727a38}: 'java.lang.Object java.lang.invoke.Invokers$Holder.invoker(java.lang.Object, java.lang.Object, java.lang.Object, java.lang.Object, java.lang.Object, java.lang.Object, java.lang.Object, java.lang.Object, java.lang.Object, java.lang.Object)'> (0x00000000ed727a38) 
thrown [s\src\hotspot\share\interpreter\linkResolver.cpp, line 759]
Event: 5.776 Thread 0x000001b3302e96e0 Exception <a 'java/lang/NoSuchMethodError'{0x00000000ed72d640}: 'java.lang.Object java.lang.invoke.DirectMethodHandle$Holder.invokeSpecial(java.lang.Object, java.lang.Object, java.lang.Object, java.lang.Object, java.lang.Object, java.lang.Object, java.lang.Object, java.lang.Object, java.lang.Object, java.lang.Object, java.lang.Object)'> (0x00000000ed72d640) 
thrown [s\src\hotspot\share\interpreter\linkResolver.cpp, line 759]
Event: 6.137 Thread 0x000001b3302e96e0 Exception <a 'java/lang/NoSuchMethodError'{0x00000000ecf22e50}: 'java.lang.Object java.lang.invoke.DirectMethodHandle$Holder.newInvokeSpecial(java.lang.Object, java.lang.Object, int)'> (0x00000000ecf22e50) 
thrown [s\src\hotspot\share\interpreter\linkResolver.cpp, line 759]

VM Operations (20 events):
Event: 3.368 Executing VM operation: HandshakeAllThreads
Event: 3.368 Executing VM operation: HandshakeAllThreads done
Event: 3.460 Executing VM operation: HandshakeAllThreads
Event: 3.460 Executing VM operation: HandshakeAllThreads done
Event: 3.636 Executing VM operation: HandshakeAllThreads
Event: 3.636 Executing VM operation: HandshakeAllThreads done
Event: 4.041 Executing VM operation: HandshakeAllThreads
Event: 4.041 Executing VM operation: HandshakeAllThreads done
Event: 4.153 Executing VM operation: HandshakeAllThreads
Event: 4.153 Executing VM operation: HandshakeAllThreads done
Event: 4.195 Executing VM operation: HandshakeAllThreads
Event: 4.195 Executing VM operation: HandshakeAllThreads done
Event: 4.195 Executing VM operation: Cleanup
Event: 4.195 Executing VM operation: Cleanup done
Event: 4.319 Executing VM operation: HandshakeAllThreads
Event: 4.319 Executing VM operation: HandshakeAllThreads done
Event: 4.587 Executing VM operation: HandshakeAllThreads
Event: 4.588 Executing VM operation: HandshakeAllThreads done
Event: 5.601 Executing VM operation: Cleanup
Event: 5.617 Executing VM operation: Cleanup done

Memory protections (0 events):
No events

Nmethod flushes (0 events):
No events

Events (20 events):
Event: 0.125 Thread 0x000001b37a74ffa0 Thread added: 0x000001b37e86a1c0
Event: 0.125 Thread 0x000001b37a74ffa0 Thread added: 0x000001b37e86caa0
Event: 0.125 Thread 0x000001b37a74ffa0 Thread added: 0x000001b37e86dcb0
Event: 0.127 Thread 0x000001b37a74ffa0 Thread added: 0x000001b37e870180
Event: 0.138 Thread 0x000001b37a74ffa0 Thread added: 0x000001b37e874730
Event: 0.180 Thread 0x000001b37a74ffa0 Thread added: 0x000001b37e840f10
Event: 0.265 Thread 0x000001b37a74ffa0 Thread added: 0x000001b316d018e0
Event: 0.654 Thread 0x000001b37e86dcb0 Thread added: 0x000001b316d99220
Event: 2.564 Thread 0x000001b316d99220 Thread exited: 0x000001b316d99220
Event: 3.604 Thread 0x000001b37a74ffa0 Thread added: 0x000001b331844320
Event: 4.418 Thread 0x000001b37a74ffa0 Thread added: 0x000001b3319951c0
Event: 4.575 Thread 0x000001b37a74ffa0 Thread added: 0x000001b331af2680
Event: 4.723 Thread 0x000001b3319951c0 Thread added: 0x000001b330e23750
Event: 4.759 Thread 0x000001b330e23750 Thread added: 0x000001b330e23c30
Event: 4.851 Thread 0x000001b330e23750 Thread added: 0x000001b331cc7670
Event: 4.897 Thread 0x000001b330e23750 Thread added: 0x000001b3302e96e0
Event: 4.919 Thread 0x000001b3302e96e0 Thread added: 0x000001b33152cca0
Event: 4.935 Thread 0x000001b3302e96e0 Thread added: 0x000001b33152d180
Event: 4.940 Thread 0x000001b3302e96e0 Thread added: 0x000001b330a34a50
Event: 6.135 Thread 0x000001b3302e96e0 Thread added: 0x000001b331e4ceb0


Dynamic libraries:
0x00007ff70f080000 - 0x00007ff70f08e000 	C:\Users\Administrator\.jdks\corretto-17.0.14-1\bin\java.exe
0x00007ff8decf0000 - 0x00007ff8deee8000 	C:\Windows\SYSTEM32\ntdll.dll
0x00007ff8dd570000 - 0x00007ff8dd632000 	C:\Windows\System32\KERNEL32.DLL
0x00007ff8dc3b0000 - 0x00007ff8dc6a6000 	C:\Windows\System32\KERNELBASE.dll
0x00007ff8dcb80000 - 0x00007ff8dcc80000 	C:\Windows\System32\ucrtbase.dll
0x00007ff8d43e0000 - 0x00007ff8d43f7000 	C:\Users\Administrator\.jdks\corretto-17.0.14-1\bin\jli.dll
0x00007ff8d3c60000 - 0x00007ff8d3c7b000 	C:\Users\Administrator\.jdks\corretto-17.0.14-1\bin\VCRUNTIME140.dll
0x00007ff8de840000 - 0x00007ff8de9dd000 	C:\Windows\System32\USER32.dll
0x00007ff8dcaa0000 - 0x00007ff8dcac2000 	C:\Windows\System32\win32u.dll
0x00007ff8bfe30000 - 0x00007ff8c00ca000 	C:\Windows\WinSxS\amd64_microsoft.windows.common-controls_6595b64144ccf1df_6.0.19041.4355_none_60b8b9eb71f62e16\COMCTL32.dll
0x00007ff8dcd10000 - 0x00007ff8dcd3b000 	C:\Windows\System32\GDI32.dll
0x00007ff8de9e0000 - 0x00007ff8dea7e000 	C:\Windows\System32\msvcrt.dll
0x00007ff8dc700000 - 0x00007ff8dc81a000 	C:\Windows\System32\gdi32full.dll
0x00007ff8dc980000 - 0x00007ff8dca1d000 	C:\Windows\System32\msvcp_win.dll
0x00007ff8de0c0000 - 0x00007ff8de0ef000 	C:\Windows\System32\IMM32.DLL
0x00007ff8d3c50000 - 0x00007ff8d3c5c000 	C:\Users\Administrator\.jdks\corretto-17.0.14-1\bin\vcruntime140_1.dll
0x00007ff8d3560000 - 0x00007ff8d35ed000 	C:\Users\Administrator\.jdks\corretto-17.0.14-1\bin\msvcp140.dll
0x00007ff86bae0000 - 0x00007ff86c74c000 	C:\Users\Administrator\.jdks\corretto-17.0.14-1\bin\server\jvm.dll
0x00007ff8dcd50000 - 0x00007ff8dcdff000 	C:\Windows\System32\ADVAPI32.dll
0x00007ff8dde80000 - 0x00007ff8ddf1f000 	C:\Windows\System32\sechost.dll
0x00007ff8dd720000 - 0x00007ff8dd843000 	C:\Windows\System32\RPCRT4.dll
0x00007ff8dc380000 - 0x00007ff8dc3a7000 	C:\Windows\System32\bcrypt.dll
0x00007ff8de2b0000 - 0x00007ff8de31b000 	C:\Windows\System32\WS2_32.dll
0x00007ff8db880000 - 0x00007ff8db8cb000 	C:\Windows\SYSTEM32\POWRPROF.dll
0x00007ff8be380000 - 0x00007ff8be3a7000 	C:\Windows\SYSTEM32\WINMM.dll
0x00007ff8d3300000 - 0x00007ff8d330a000 	C:\Windows\SYSTEM32\VERSION.dll
0x00007ff8db740000 - 0x00007ff8db752000 	C:\Windows\SYSTEM32\UMPDC.dll
0x00007ff8da3a0000 - 0x00007ff8da3b2000 	C:\Windows\SYSTEM32\kernel.appcore.dll
0x00007ff8d3550000 - 0x00007ff8d355a000 	C:\Users\Administrator\.jdks\corretto-17.0.14-1\bin\jimage.dll
0x00007ff8d98d0000 - 0x00007ff8d9ab4000 	C:\Windows\SYSTEM32\DBGHELP.DLL
0x00007ff8aea00000 - 0x00007ff8aea34000 	C:\Windows\SYSTEM32\dbgcore.DLL
0x00007ff8dcc80000 - 0x00007ff8dcd02000 	C:\Windows\System32\bcryptPrimitives.dll
0x00007ff8a00d0000 - 0x00007ff8a00de000 	C:\Users\Administrator\.jdks\corretto-17.0.14-1\bin\instrument.dll
0x00007ff8cba40000 - 0x00007ff8cba65000 	C:\Users\Administrator\.jdks\corretto-17.0.14-1\bin\java.dll
0x00007ff8704e0000 - 0x00007ff8705b7000 	C:\Users\Administrator\.jdks\corretto-17.0.14-1\bin\jsvml.dll
0x00007ff8dce00000 - 0x00007ff8dd56f000 	C:\Windows\System32\SHELL32.dll
0x00007ff8da3c0000 - 0x00007ff8dab63000 	C:\Windows\SYSTEM32\windows.storage.dll
0x00007ff8de380000 - 0x00007ff8de6d5000 	C:\Windows\System32\combase.dll
0x00007ff8dbcd0000 - 0x00007ff8dbcfb000 	C:\Windows\SYSTEM32\Wldp.dll
0x00007ff8deae0000 - 0x00007ff8debad000 	C:\Windows\System32\OLEAUT32.dll
0x00007ff8de790000 - 0x00007ff8de83d000 	C:\Windows\System32\SHCORE.dll
0x00007ff8dea80000 - 0x00007ff8dead5000 	C:\Windows\System32\shlwapi.dll
0x00007ff8dc2b0000 - 0x00007ff8dc2d5000 	C:\Windows\SYSTEM32\profapi.dll
0x00007ff8c3570000 - 0x00007ff8c3588000 	C:\Users\Administrator\.jdks\corretto-17.0.14-1\bin\zip.dll
0x00007ff8d33f0000 - 0x00007ff8d3409000 	C:\Users\Administrator\.jdks\corretto-17.0.14-1\bin\net.dll
0x00007ff8d4950000 - 0x00007ff8d4a5a000 	C:\Windows\SYSTEM32\WINHTTP.dll
0x00007ff8dbab0000 - 0x00007ff8dbb1c000 	C:\Windows\system32\mswsock.dll
0x00007ff8cba20000 - 0x00007ff8cba36000 	C:\Users\Administrator\.jdks\corretto-17.0.14-1\bin\nio.dll
0x00007ff89ee80000 - 0x00007ff89ee90000 	C:\Users\Administrator\.jdks\corretto-17.0.14-1\bin\verify.dll
0x00007ff870b60000 - 0x00007ff870b87000 	C:\Users\Administrator\.gradle\native\1def1411415f61bf3af743bc5b6707747c0891f09f0c88961ee8f79bc544acac\windows-amd64\native-platform.dll
0x00007ff870ea0000 - 0x00007ff870f18000 	C:\Users\Administrator\.gradle\native\0.2.6\x86_64-windows-gnu\gradle-fileevents.dll
0x00007ff8a6d60000 - 0x00007ff8a6d69000 	C:\Users\Administrator\.jdks\corretto-17.0.14-1\bin\management.dll
0x00007ff8a5000000 - 0x00007ff8a500b000 	C:\Users\Administrator\.jdks\corretto-17.0.14-1\bin\management_ext.dll
0x00007ff8debb0000 - 0x00007ff8debb8000 	C:\Windows\System32\PSAPI.DLL
0x00007ff8db760000 - 0x00007ff8db79b000 	C:\Windows\SYSTEM32\IPHLPAPI.DLL
0x00007ff8dcd40000 - 0x00007ff8dcd48000 	C:\Windows\System32\NSI.dll
0x00007ff8d3370000 - 0x00007ff8d3387000 	C:\Windows\SYSTEM32\dhcpcsvc6.DLL
0x00007ff8d3350000 - 0x00007ff8d336d000 	C:\Windows\SYSTEM32\dhcpcsvc.DLL
0x00007ff8db7b0000 - 0x00007ff8db87a000 	C:\Windows\SYSTEM32\DNSAPI.dll
0x00007ff8a6fe0000 - 0x00007ff8a6fe9000 	C:\Users\Administrator\.jdks\corretto-17.0.14-1\bin\extnet.dll
0x00007ff8dbd10000 - 0x00007ff8dbd28000 	C:\Windows\SYSTEM32\CRYPTSP.dll
0x00007ff8db380000 - 0x00007ff8db3b8000 	C:\Windows\system32\rsaenh.dll
0x00007ff8dc270000 - 0x00007ff8dc29e000 	C:\Windows\SYSTEM32\USERENV.dll
0x00007ff8dbc40000 - 0x00007ff8dbc4c000 	C:\Windows\SYSTEM32\CRYPTBASE.dll
0x00007ff8a80b0000 - 0x00007ff8a80be000 	C:\Users\Administrator\.jdks\corretto-17.0.14-1\bin\sunmscapi.dll
0x00007ff8dc820000 - 0x00007ff8dc97d000 	C:\Windows\System32\CRYPT32.dll
0x00007ff8dbe20000 - 0x00007ff8dbe47000 	C:\Windows\SYSTEM32\ncrypt.dll
0x00007ff8dbde0000 - 0x00007ff8dbe1b000 	C:\Windows\SYSTEM32\NTASN1.dll
0x00007ff8d3680000 - 0x00007ff8d3687000 	C:\Windows\system32\wshunix.dll

dbghelp: loaded successfully - version: 4.0.5 - missing functions: none
symbol engine: initialized successfully - sym options: 0x614 - pdb path: .;C:\Users\Administrator\.jdks\corretto-17.0.14-1\bin;C:\Windows\SYSTEM32;C:\Windows\WinSxS\amd64_microsoft.windows.common-controls_6595b64144ccf1df_6.0.19041.4355_none_60b8b9eb71f62e16;C:\Users\Administrator\.jdks\corretto-17.0.14-1\bin\server;C:\Users\Administrator\.gradle\native\1def1411415f61bf3af743bc5b6707747c0891f09f0c88961ee8f79bc544acac\windows-amd64;C:\Users\Administrator\.gradle\native\0.2.6\x86_64-windows-gnu

VM Arguments:
jvm_args: --add-opens=java.base/java.lang=ALL-UNNAMED --add-opens=java.base/java.lang.invoke=ALL-UNNAMED --add-opens=java.base/java.util=ALL-UNNAMED --add-opens=java.prefs/java.util.prefs=ALL-UNNAMED --add-exports=jdk.compiler/com.sun.tools.javac.api=ALL-UNNAMED --add-exports=jdk.compiler/com.sun.tools.javac.util=ALL-UNNAMED --add-opens=java.base/java.util=ALL-UNNAMED --add-opens=java.prefs/java.util.prefs=ALL-UNNAMED --add-opens=java.base/java.nio.charset=ALL-UNNAMED --add-opens=java.base/java.net=ALL-UNNAMED --add-opens=java.base/java.util.concurrent.atomic=ALL-UNNAMED --add-opens=java.xml/javax.xml.namespace=ALL-UNNAMED -XX:MaxMetaspaceSize=384m -XX:+HeapDumpOnOutOfMemoryError -Xms256m -Xmx512m -Dfile.encoding=UTF-8 -Duser.country=US -Duser.language=en -Duser.variant -javaagent:C:\Users\Administrator\.gradle\wrapper\dists\gradle-8.12.1-bin\eumc4uhoysa37zql93vfjkxy0\gradle-8.12.1\lib\agents\gradle-instrumentation-agent-8.12.1.jar 
java_command: org.gradle.launcher.daemon.bootstrap.GradleDaemon 8.12.1
java_class_path (initial): C:\Users\Administrator\.gradle\wrapper\dists\gradle-8.12.1-bin\eumc4uhoysa37zql93vfjkxy0\gradle-8.12.1\lib\gradle-daemon-main-8.12.1.jar
Launcher Type: SUN_STANDARD

[Global flags]
     intx CICompilerCount                          = 4                                         {product} {ergonomic}
   size_t CompressedClassSpaceSize                 = 335544320                                 {product} {ergonomic}
     uint ConcGCThreads                            = 2                                         {product} {ergonomic}
     uint G1ConcRefinementThreads                  = 8                                         {product} {ergonomic}
   size_t G1HeapRegionSize                         = 1048576                                   {product} {ergonomic}
    uintx GCDrainStackTargetSize                   = 64                                        {product} {ergonomic}
     bool HeapDumpOnOutOfMemoryError               = true                                   {manageable} {command line}
   size_t InitialHeapSize                          = 268435456                                 {product} {command line}
   size_t MarkStackSize                            = 4194304                                   {product} {ergonomic}
   size_t MaxHeapSize                              = 536870912                                 {product} {command line}
   size_t MaxMetaspaceSize                         = 402653184                                 {product} {command line}
   size_t MaxNewSize                               = 321912832                                 {product} {ergonomic}
   size_t MinHeapDeltaBytes                        = 1048576                                   {product} {ergonomic}
   size_t MinHeapSize                              = 268435456                                 {product} {command line}
    uintx NonNMethodCodeHeapSize                   = 5839372                                {pd product} {ergonomic}
    uintx NonProfiledCodeHeapSize                  = 122909434                              {pd product} {ergonomic}
    uintx ProfiledCodeHeapSize                     = 122909434                              {pd product} {ergonomic}
    uintx ReservedCodeCacheSize                    = 251658240                              {pd product} {ergonomic}
     bool SegmentedCodeCache                       = true                                      {product} {ergonomic}
   size_t SoftMaxHeapSize                          = 536870912                              {manageable} {ergonomic}
     bool UseCompressedClassPointers               = true                           {product lp64_product} {ergonomic}
     bool UseCompressedOops                        = true                           {product lp64_product} {ergonomic}
     bool UseG1GC                                  = true                                      {product} {ergonomic}
     bool UseLargePagesIndividualAllocation        = false                                  {pd product} {ergonomic}

Logging:
Log output configuration:
 #0: stdout all=warning uptime,level,tags
 #1: stderr all=off uptime,level,tags

Environment Variables:
PATH=c:\Users\Administrator\AppData\Local\Programs\cursor\resources\app\bin;C:\Windows\system32;C:\Windows;C:\Windows\System32\Wbem;C:\Windows\System32\WindowsPowerShell\v1.0\;D:\Program Files\Git\cmd;D:\Program Files\nodejs\;C:\Program Files\Docker\Docker\resources\bin;C:\Users\Administrator\AppData\Local\Microsoft\WindowsApps;C:\Users\Administrator\AppData\Roaming\npm;C:\Users\Administrator\AppData\Local\Programs\cursor\resources\app\bin;c:\Users\Administrator\AppData\Local\Programs\cursor\resources\app\bin;D:\Program Files\PuTTY\;C:\xampp8\php;C:\ProgramData\ComposerSetup\bin;C:\Users\Administrator\AppData\Local\Microsoft\WindowsApps;C:\Users\Administrator\AppData\Roaming\npm;C:\Users\Administrator\AppData\Local\Programs\Microsoft VS Code\bin;C:\Users\Administrator\AppData\Roaming\Composer\vendor\bin;C:\Users\Administrator\AppData\Local\Programs\cursor\resources\app\bin
USERNAME=Administrator
OS=Windows_NT
PROCESSOR_IDENTIFIER=Intel64 Family 6 Model 140 Stepping 1, GenuineIntel
TMP=C:\Users\ADMINI~1\AppData\Local\Temp
TEMP=C:\Users\ADMINI~1\AppData\Local\Temp



Periodic native trim disabled


---------------  S Y S T E M  ---------------

OS:
 Windows 10 , 64 bit Build 19041 (10.0.19041.5678)
OS uptime: 3 days 8:36 hours
Hyper-V role detected

CPU: total 8 (initial active 8) (4 cores per cpu, 2 threads per core) family 6 model 140 stepping 1 microcode 0xac, cx8, cmov, fxsr, ht, mmx, 3dnowpref, sse, sse2, sse3, ssse3, sse4.1, sse4.2, popcnt, lzcnt, tsc, tscinvbit, avx, avx2, aes, erms, clmul, bmi1, bmi2, adx, avx512f, avx512dq, avx512cd, avx512bw, avx512vl, sha, fma, vzeroupper, avx512_vpopcntdq, avx512_vpclmulqdq, avx512_vaes, avx512_vnni, clflush, clflushopt, clwb, avx512_vbmi2, avx512_vbmi, hv
Processor Information for all 8 processors :
  Max Mhz: 2419, Current Mhz: 2419, Mhz Limit: 2419

Memory: 4k page, system-wide physical 16149M (342M free)
TotalPageFile size 28650M (AvailPageFile size 7M)
current process WorkingSet (physical memory assigned to process): 162M, peak: 165M
current process commit charge ("private bytes"): 401M, peak: 404M

vm_info: OpenJDK 64-Bit Server VM (17.0.14+7-LTS) for windows-amd64 JRE (17.0.14+7-LTS), built on Jan  7 2025 20:14:24 by "Administrator" with MS VC++ 16.10 / 16.11 (VS2019)

END.
